#
# A fatal error has been detected by the Java Runtime Environment:
#
#  EXCEPTION_ACCESS_VIOLATION (0xc0000005) at pc=0x0000000058ccfb3e, pid=5016, tid=7888
#
# JRE version: Java(TM) SE Runtime Environment (7.0_67-b01) (build 1.7.0_67-b01)
# Java VM: Java HotSpot(TM) 64-Bit Server VM (24.65-b04 mixed mode windows-amd64 compressed oops)
# Problematic frame:
# C  [nvoglv64.DLL+0xacfb3e]
#
# Failed to write core dump. Minidumps are not enabled by default on client versions of Windows
#
# If you would like to submit a bug report, please visit:
#   http://bugreport.sun.com/bugreport/crash.jsp
# The crash happened outside the Java Virtual Machine in native code.
# See problematic frame for where to report the bug.
#

---------------  T H R E A D  ---------------

Current thread (0x000000000dfce000):  JavaThread "AWT-EventQueue-0" [_thread_in_native, id=7888, stack(0x0000000010340000,0x0000000010440000)]

siginfo: ExceptionCode=0xc0000005, reading address 0x0000000017c1fffc

Registers:
RAX=0x0000000000000000, RBX=0x0000000000060000, RCX=0x0000000000000102, RDX=0x0000000000000102
RSP=0x000000001043da20, RBP=0x0000000012b50000, RSI=0x0000000000060000, RDI=0x0000000017aa0040
R8 =0x0000000000000000, R9 =0x0000000000000000, R10=0x0000000000000010, R11=0x0000000017aa0000
R12=0x0000000000000000, R13=0x0000000000000004, R14=0x0000000000000010, R15=0x000000001192df30
RIP=0x0000000058ccfb3e, EFLAGS=0x0000000000010246

Top of Stack: (sp=0x000000001043da20)
0x000000001043da20:   0000000013381e50 0000000000000000
0x000000001043da30:   0000000000000000 0000000000000000
0x000000001043da40:   0000000000000000 0000000058d66955
0x000000001043da50:   0000000000060000 0000000000001405
0x000000001043da60:   00000000ffffffff 0000000012b50000
0x000000001043da70:   0000000000001405 0000000000000000
0x000000001043da80:   000000001043dae0 000000001043da90
0x000000001043da90:   000000001192df30 000000001338b598
0x000000001043daa0:   000000077be56ae8 0000000012b50000
0x000000001043dab0:   000000000dfce000 000000077be56ae8
0x000000001043dac0:   0000000000000000 0000000000001405
0x000000001043dad0:   0000000000000004 00000000589af031
0x000000001043dae0:   0000000000000004 0000000012b50000
0x000000001043daf0:   0000000000000000 000000001043dc30
0x000000001043db00:   0000000700060000 0000000000001405
0x000000001043db10:   0000000000000000 0000000000000000 

Instructions: (pc=0x0000000058ccfb3e)
0x0000000058ccfb1e:   00 00 8b 0f 48 83 c7 04 44 3b c1 8b c1 41 0f 42
0x0000000058ccfb2e:   c0 3b d1 0f 47 ca 44 8b c0 8b d1 49 ff c9 75 e2
0x0000000058ccfb3e:   41 3b 54 b3 fc 41 0f 46 54 b3 fc 8b c2 41 2b c0
0x0000000058ccfb4e:   3d 00 00 01 00 0f 83 b4 02 00 00 ff c0 3b c6 0f 


Register to memory mapping:

RAX=0x0000000000000000 is an unknown value
RBX=0x0000000000060000 is an unknown value
RCX=0x0000000000000102 is an unknown value
RDX=0x0000000000000102 is an unknown value
RSP=0x000000001043da20 is pointing into the stack for thread: 0x000000000dfce000
RBP=0x0000000012b50000 is an unknown value
RSI=0x0000000000060000 is an unknown value
RDI=0x0000000017aa0040 is an unknown value
R8 =0x0000000000000000 is an unknown value
R9 =0x0000000000000000 is an unknown value
R10=0x0000000000000010 is an unknown value
R11=0x0000000017aa0000 is an unknown value
R12=0x0000000000000000 is an unknown value
R13=0x0000000000000004 is an unknown value
R14=0x0000000000000010 is an unknown value
R15=0x000000001192df30 is an unknown value


Stack: [0x0000000010340000,0x0000000010440000],  sp=0x000000001043da20,  free space=1014k
Native frames: (J=compiled Java code, j=interpreted, Vv=VM code, C=native code)
C  [nvoglv64.DLL+0xacfb3e]

Java frames: (J=compiled Java code, j=interpreted, Vv=VM code)
j  jogamp.opengl.gl4.GL4bcImpl.dispatch_glDrawElements1(IIIJJ)V+0
j  jogamp.opengl.gl4.GL4bcImpl.glDrawElements(IIIJ)V+47
j  br.usp.icmc.vicg.gl.model.Terrain.draw()V+278
j  br.usp.icmc.vicg.gl.app.App.display(Ljavax/media/opengl/GLAutoDrawable;)V+220
j  jogamp.opengl.GLDrawableHelper.displayImpl(Ljavax/media/opengl/GLAutoDrawable;)V+58
j  jogamp.opengl.GLDrawableHelper.display(Ljavax/media/opengl/GLAutoDrawable;)V+2
j  javax.media.opengl.awt.GLCanvas$7.run()V+118
j  jogamp.opengl.GLDrawableHelper.invokeGLImpl(Ljavax/media/opengl/GLDrawable;Ljavax/media/opengl/GLContext;Ljava/lang/Runnable;Ljava/lang/Runnable;Ljavax/media/opengl/GLAutoDrawable;)V+137
j  jogamp.opengl.GLDrawableHelper.invokeGL(Ljavax/media/opengl/GLDrawable;Ljavax/media/opengl/GLContext;Ljava/lang/Runnable;Ljava/lang/Runnable;)V+85
j  javax.media.opengl.awt.GLCanvas$8.run()V+49
j  java.awt.event.InvocationEvent.dispatch()V+11
j  java.awt.EventQueue.dispatchEventImpl(Ljava/awt/AWTEvent;Ljava/lang/Object;)V+21
j  java.awt.EventQueue.access$200(Ljava/awt/EventQueue;Ljava/awt/AWTEvent;Ljava/lang/Object;)V+3
j  java.awt.EventQueue$3.run()Ljava/lang/Void;+12
j  java.awt.EventQueue$3.run()Ljava/lang/Object;+1
v  ~StubRoutines::call_stub
j  java.security.AccessController.doPrivileged(Ljava/security/PrivilegedAction;Ljava/security/AccessControlContext;)Ljava/lang/Object;+0
j  java.security.ProtectionDomain$1.doIntersectionPrivilege(Ljava/security/PrivilegedAction;Ljava/security/AccessControlContext;Ljava/security/AccessControlContext;)Ljava/lang/Object;+28
j  java.awt.EventQueue.dispatchEvent(Ljava/awt/AWTEvent;)V+46
j  java.awt.EventDispatchThread.pumpOneEventForFilters(I)V+245
j  java.awt.EventDispatchThread.pumpEventsForFilter(ILjava/awt/Conditional;Ljava/awt/EventFilter;)V+35
j  java.awt.EventDispatchThread.pumpEventsForHierarchy(ILjava/awt/Conditional;Ljava/awt/Component;)V+11
j  java.awt.EventDispatchThread.pumpEvents(ILjava/awt/Conditional;)V+4
j  java.awt.EventDispatchThread.pumpEvents(Ljava/awt/Conditional;)V+3
j  java.awt.EventDispatchThread.run()V+9
v  ~StubRoutines::call_stub

---------------  P R O C E S S  ---------------

Java Threads: ( => current thread )
  0x0000000002822800 JavaThread "DestroyJavaVM" [_thread_blocked, id=4580, stack(0x00000000026d0000,0x00000000027d0000)]
  0x000000000e3e9000 JavaThread "Timer-0" [_thread_blocked, id=5528, stack(0x0000000012640000,0x0000000012740000)]
  0x000000000e3e4800 JavaThread "D3D Screen Updater" daemon [_thread_blocked, id=8580, stack(0x0000000012530000,0x0000000012630000)]
  0x000000000df51000 JavaThread "main-SharedResourceRunner" daemon [_thread_blocked, id=6060, stack(0x0000000010c30000,0x0000000010d30000)]
=>0x000000000dfce000 JavaThread "AWT-EventQueue-0" [_thread_in_native, id=7888, stack(0x0000000010340000,0x0000000010440000)]
  0x000000000dfd9800 JavaThread "AWT-Windows" daemon [_thread_in_native, id=5148, stack(0x000000000ed30000,0x000000000ee30000)]
  0x000000000d48d000 JavaThread "AWT-Shutdown" [_thread_blocked, id=9132, stack(0x000000000ec30000,0x000000000ed30000)]
  0x000000000d48c000 JavaThread "Java2D Disposer" daemon [_thread_blocked, id=9108, stack(0x000000000eb30000,0x000000000ec30000)]
  0x0000000002917000 JavaThread "Service Thread" daemon [_thread_blocked, id=8360, stack(0x000000000d980000,0x000000000da80000)]
  0x0000000002912000 JavaThread "C2 CompilerThread1" daemon [_thread_blocked, id=10156, stack(0x000000000d880000,0x000000000d980000)]
  0x0000000002910000 JavaThread "C2 CompilerThread0" daemon [_thread_blocked, id=936, stack(0x000000000d780000,0x000000000d880000)]
  0x000000000290f000 JavaThread "Attach Listener" daemon [_thread_blocked, id=8288, stack(0x000000000d680000,0x000000000d780000)]
  0x000000000d1a1800 JavaThread "Signal Dispatcher" daemon [_thread_blocked, id=1644, stack(0x000000000d580000,0x000000000d680000)]
  0x000000000b18f800 JavaThread "Finalizer" daemon [_thread_blocked, id=8888, stack(0x000000000d080000,0x000000000d180000)]
  0x000000000b188800 JavaThread "Reference Handler" daemon [_thread_blocked, id=7716, stack(0x000000000cf80000,0x000000000d080000)]

Other Threads:
  0x000000000b185800 VMThread [stack: 0x000000000ce80000,0x000000000cf80000] [id=9636]
  0x000000000d1c2000 WatcherThread [stack: 0x000000000da80000,0x000000000db80000] [id=8412]

VM state:not at safepoint (normal execution)

VM Mutex/Monitor currently owned by a thread: None

Heap
 PSYoungGen      total 393216K, used 106224K [0x00000007d5880000, 0x00000007f3980000, 0x0000000800000000)
  eden space 324608K, 30% used [0x00000007d5880000,0x00000007db984308,0x00000007e9580000)
  from space 68608K, 10% used [0x00000007ef680000,0x00000007efd38060,0x00000007f3980000)
  to   space 83968K, 0% used [0x00000007e9580000,0x00000007e9580000,0x00000007ee780000)
 ParOldGen       total 401408K, used 207102K [0x0000000780a00000, 0x0000000799200000, 0x00000007d5880000)
  object space 401408K, 51% used [0x0000000780a00000,0x000000078d43f9b8,0x0000000799200000)
 PSPermGen       total 39424K, used 18574K [0x000000077b800000, 0x000000077de80000, 0x0000000780a00000)
  object space 39424K, 47% used [0x000000077b800000,0x000000077ca23860,0x000000077de80000)

Card table byte_map: [0x0000000005a50000,0x0000000005e80000] byte_map_base: 0x0000000001e74000

Polling page: 0x0000000000f80000

Code Cache  [0x0000000002990000, 0x0000000002c00000, 0x0000000005990000)
 total_blobs=994 nmethods=264 adapters=682 free_code_cache=47603Kb largest_free_block=48704576

Compilation events (10 events):
Event: 8.753 Thread 0x0000000002910000 nmethod 269 0x0000000002a03310 code [0x0000000002a03460, 0x0000000002a03558]
Event: 8.771 Thread 0x0000000002912000 nmethod 268 0x0000000002b1a650 code [0x0000000002b1a8e0, 0x0000000002b1c230]
Event: 8.778 Thread 0x0000000002910000  270             java.awt.Component::getParent_NoClientCode (5 bytes)
Event: 8.778 Thread 0x0000000002912000  271             java.awt.Component::getParent (5 bytes)
Event: 8.778 Thread 0x0000000002910000 nmethod 270 0x0000000002a03110 code [0x0000000002a03240, 0x0000000002a032b8]
Event: 8.778 Thread 0x0000000002912000 nmethod 271 0x0000000002a02f10 code [0x0000000002a03040, 0x0000000002a030b8]
Event: 8.780 Thread 0x0000000002910000  272             java.awt.Component::getTreeLock (4 bytes)
Event: 8.780 Thread 0x0000000002910000 nmethod 272 0x0000000002adcb10 code [0x0000000002adcc40, 0x0000000002adccb8]
Event: 8.799 Thread 0x0000000002912000  273             java.nio.Bits::byteOrder (20 bytes)
Event: 8.799 Thread 0x0000000002912000 nmethod 273 0x0000000002aaa0d0 code [0x0000000002aaa200, 0x0000000002aaa258]

GC Heap History (10 events):
Event: 3.777 GC heap before
{Heap before GC invocations=17 (full 2):
 PSYoungGen      total 243712K, used 243708K [0x00000007d5880000, 0x00000007e9700000, 0x0000000800000000)
  eden space 195584K, 100% used [0x00000007d5880000,0x00000007e1780000,0x00000007e1780000)
  from space 48128K, 99% used [0x00000007e5100000,0x00000007e7fff1f0,0x00000007e8000000)
  to   space 58880K, 0% used [0x00000007e1780000,0x00000007e1780000,0x00000007e5100000)
 ParOldGen       total 174592K, used 62951K [0x0000000780a00000, 0x000000078b480000, 0x00000007d5880000)
  object space 174592K, 36% used [0x0000000780a00000,0x0000000784779c00,0x000000078b480000)
 PSPermGen       total 40960K, used 18319K [0x000000077b800000, 0x000000077e000000, 0x0000000780a00000)
  object space 40960K, 44% used [0x000000077b800000,0x000000077c9e3fd0,0x000000077e000000)
Event: 3.821 GC heap after
Heap after GC invocations=17 (full 2):
 PSYoungGen      total 254464K, used 51069K [0x00000007d5880000, 0x00000007eea00000, 0x0000000800000000)
  eden space 195584K, 0% used [0x00000007d5880000,0x00000007d5880000,0x00000007e1780000)
  from space 58880K, 86% used [0x00000007e1780000,0x00000007e495f568,0x00000007e5100000)
  to   space 66048K, 0% used [0x00000007ea980000,0x00000007ea980000,0x00000007eea00000)
 ParOldGen       total 174592K, used 78079K [0x0000000780a00000, 0x000000078b480000, 0x00000007d5880000)
  object space 174592K, 44% used [0x0000000780a00000,0x000000078563fc00,0x000000078b480000)
 PSPermGen       total 40960K, used 18319K [0x000000077b800000, 0x000000077e000000, 0x0000000780a00000)
  object space 40960K, 44% used [0x000000077b800000,0x000000077c9e3fd0,0x000000077e000000)
}
Event: 4.603 GC heap before
{Heap before GC invocations=18 (full 2):
 PSYoungGen      total 254464K, used 246653K [0x00000007d5880000, 0x00000007eea00000, 0x0000000800000000)
  eden space 195584K, 100% used [0x00000007d5880000,0x00000007e1780000,0x00000007e1780000)
  from space 58880K, 86% used [0x00000007e1780000,0x00000007e495f568,0x00000007e5100000)
  to   space 66048K, 0% used [0x00000007ea980000,0x00000007ea980000,0x00000007eea00000)
 ParOldGen       total 174592K, used 78079K [0x0000000780a00000, 0x000000078b480000, 0x00000007d5880000)
  object space 174592K, 44% used [0x0000000780a00000,0x000000078563fc00,0x000000078b480000)
 PSPermGen       total 40960K, used 18334K [0x000000077b800000, 0x000000077e000000, 0x0000000780a00000)
  object space 40960K, 44% used [0x000000077b800000,0x000000077c9e7860,0x000000077e000000)
Event: 4.674 GC heap after
Heap after GC invocations=18 (full 2):
 PSYoungGen      total 335360K, used 62109K [0x00000007d5880000, 0x00000007ef900000, 0x0000000800000000)
  eden space 269312K, 0% used [0x00000007d5880000,0x00000007d5880000,0x00000007e5f80000)
  from space 66048K, 94% used [0x00000007ea980000,0x00000007ee627598,0x00000007eea00000)
  to   space 75776K, 0% used [0x00000007e5f80000,0x00000007e5f80000,0x00000007ea980000)
 ParOldGen       total 174592K, used 107047K [0x0000000780a00000, 0x000000078b480000, 0x00000007d5880000)
  object space 174592K, 61% used [0x0000000780a00000,0x0000000787289c00,0x000000078b480000)
 PSPermGen       total 40960K, used 18334K [0x000000077b800000, 0x000000077e000000, 0x0000000780a00000)
  object space 40960K, 44% used [0x000000077b800000,0x000000077c9e7860,0x000000077e000000)
}
Event: 6.230 GC heap before
{Heap before GC invocations=19 (full 2):
 PSYoungGen      total 335360K, used 331421K [0x00000007d5880000, 0x00000007ef900000, 0x0000000800000000)
  eden space 269312K, 100% used [0x00000007d5880000,0x00000007e5f80000,0x00000007e5f80000)
  from space 66048K, 94% used [0x00000007ea980000,0x00000007ee627598,0x00000007eea00000)
  to   space 75776K, 0% used [0x00000007e5f80000,0x00000007e5f80000,0x00000007ea980000)
 ParOldGen       total 174592K, used 107047K [0x0000000780a00000, 0x000000078b480000, 0x00000007d5880000)
  object space 174592K, 61% used [0x0000000780a00000,0x0000000787289c00,0x000000078b480000)
 PSPermGen       total 40960K, used 18351K [0x000000077b800000, 0x000000077e000000, 0x0000000780a00000)
  object space 40960K, 44% used [0x000000077b800000,0x000000077c9ebf68,0x000000077e000000)
Event: 6.354 GC heap after
Heap after GC invocations=19 (full 2):
 PSYoungGen      total 345088K, used 65984K [0x00000007d5880000, 0x00000007f4a00000, 0x0000000800000000)
  eden space 269312K, 0% used [0x00000007d5880000,0x00000007d5880000,0x00000007e5f80000)
  from space 75776K, 87% used [0x00000007e5f80000,0x00000007e9ff0040,0x00000007ea980000)
  to   space 85504K, 0% used [0x00000007ef680000,0x00000007ef680000,0x00000007f4a00000)
 ParOldGen       total 258560K, used 258156K [0x0000000780a00000, 0x0000000790680000, 0x00000007d5880000)
  object space 258560K, 99% used [0x0000000780a00000,0x000000079061b1d8,0x0000000790680000)
 PSPermGen       total 40960K, used 18351K [0x000000077b800000, 0x000000077e000000, 0x0000000780a00000)
  object space 40960K, 44% used [0x000000077b800000,0x000000077c9ebf68,0x000000077e000000)
}
Event: 6.354 GC heap before
{Heap before GC invocations=20 (full 3):
 PSYoungGen      total 345088K, used 65984K [0x00000007d5880000, 0x00000007f4a00000, 0x0000000800000000)
  eden space 269312K, 0% used [0x00000007d5880000,0x00000007d5880000,0x00000007e5f80000)
  from space 75776K, 87% used [0x00000007e5f80000,0x00000007e9ff0040,0x00000007ea980000)
  to   space 85504K, 0% used [0x00000007ef680000,0x00000007ef680000,0x00000007f4a00000)
 ParOldGen       total 258560K, used 258156K [0x0000000780a00000, 0x0000000790680000, 0x00000007d5880000)
  object space 258560K, 99% used [0x0000000780a00000,0x000000079061b1d8,0x0000000790680000)
 PSPermGen       total 40960K, used 18351K [0x000000077b800000, 0x000000077e000000, 0x0000000780a00000)
  object space 40960K, 44% used [0x000000077b800000,0x000000077c9ebf68,0x000000077e000000)
Event: 7.125 GC heap after
Heap after GC invocations=20 (full 3):
 PSYoungGen      total 345088K, used 0K [0x00000007d5880000, 0x00000007f4a00000, 0x0000000800000000)
  eden space 269312K, 0% used [0x00000007d5880000,0x00000007d5880000,0x00000007e5f80000)
  from space 75776K, 0% used [0x00000007e5f80000,0x00000007e5f80000,0x00000007ea980000)
  to   space 85504K, 0% used [0x00000007ef680000,0x00000007ef680000,0x00000007f4a00000)
 ParOldGen       total 401408K, used 207102K [0x0000000780a00000, 0x0000000799200000, 0x00000007d5880000)
  object space 401408K, 51% used [0x0000000780a00000,0x000000078d43f9b8,0x0000000799200000)
 PSPermGen       total 39424K, used 18351K [0x000000077b800000, 0x000000077de80000, 0x0000000780a00000)
  object space 39424K, 46% used [0x000000077b800000,0x000000077c9ebf48,0x000000077de80000)
}
Event: 8.363 GC heap before
{Heap before GC invocations=21 (full 3):
 PSYoungGen      total 345088K, used 269312K [0x00000007d5880000, 0x00000007f4a00000, 0x0000000800000000)
  eden space 269312K, 100% used [0x00000007d5880000,0x00000007e5f80000,0x00000007e5f80000)
  from space 75776K, 0% used [0x00000007e5f80000,0x00000007e5f80000,0x00000007ea980000)
  to   space 85504K, 0% used [0x00000007ef680000,0x00000007ef680000,0x00000007f4a00000)
 ParOldGen       total 401408K, used 207102K [0x0000000780a00000, 0x0000000799200000, 0x00000007d5880000)
  object space 401408K, 51% used [0x0000000780a00000,0x000000078d43f9b8,0x0000000799200000)
 PSPermGen       total 39424K, used 18356K [0x000000077b800000, 0x000000077de80000, 0x0000000780a00000)
  object space 39424K, 46% used [0x000000077b800000,0x000000077c9ed350,0x000000077de80000)
Event: 8.368 GC heap after
Heap after GC invocations=21 (full 3):
 PSYoungGen      total 393216K, used 6880K [0x00000007d5880000, 0x00000007f3980000, 0x0000000800000000)
  eden space 324608K, 0% used [0x00000007d5880000,0x00000007d5880000,0x00000007e9580000)
  from space 68608K, 10% used [0x00000007ef680000,0x00000007efd38060,0x00000007f3980000)
  to   space 83968K, 0% used [0x00000007e9580000,0x00000007e9580000,0x00000007ee780000)
 ParOldGen       total 401408K, used 207102K [0x0000000780a00000, 0x0000000799200000, 0x00000007d5880000)
  object space 401408K, 51% used [0x0000000780a00000,0x000000078d43f9b8,0x0000000799200000)
 PSPermGen       total 39424K, used 18356K [0x000000077b800000, 0x000000077de80000, 0x0000000780a00000)
  object space 39424K, 46% used [0x000000077b800000,0x000000077c9ed350,0x000000077de80000)
}

Deoptimization events (10 events):
Event: 4.540 Thread 0x000000000dfce000 Uncommon trap: reason=class_check action=maybe_recompile pc=0x0000000002aacef8 method=java.io.BufferedInputStream.fill()V @ 175
Event: 5.536 Thread 0x000000000dfce000 Uncommon trap: reason=class_check action=maybe_recompile pc=0x0000000002a9f2c0 method=java.io.BufferedInputStream.read1([BII)I @ 39
Event: 5.558 Thread 0x000000000dfce000 Uncommon trap: reason=class_check action=maybe_recompile pc=0x0000000002a9f2c0 method=java.io.BufferedInputStream.read1([BII)I @ 39
Event: 5.604 Thread 0x000000000dfce000 Uncommon trap: reason=class_check action=maybe_recompile pc=0x0000000002a9f2c0 method=java.io.BufferedInputStream.read1([BII)I @ 39
Event: 5.624 Thread 0x000000000dfce000 Uncommon trap: reason=class_check action=maybe_recompile pc=0x0000000002a9f2c0 method=java.io.BufferedInputStream.read1([BII)I @ 39
Event: 5.868 Thread 0x000000000dfce000 Uncommon trap: reason=unreached action=reinterpret pc=0x0000000002a86990 method=java.awt.image.ComponentColorModel.getDataElements(ILjava/lang/Object;)Ljava/lang/Object; @ 2993
Event: 8.755 Thread 0x000000000dfce000 Uncommon trap: reason=class_check action=maybe_recompile pc=0x0000000002aa468c method=java.util.zip.InflaterInputStream.read([BII)I @ 100
Event: 8.755 Thread 0x000000000dfce000 Uncommon trap: reason=class_check action=maybe_recompile pc=0x0000000002aa468c method=java.util.zip.InflaterInputStream.read([BII)I @ 100
Event: 8.755 Thread 0x000000000dfce000 Uncommon trap: reason=class_check action=maybe_recompile pc=0x0000000002aa468c method=java.util.zip.InflaterInputStream.read([BII)I @ 100
Event: 8.777 Thread 0x000000000e3e9000 Uncommon trap: reason=class_check action=maybe_recompile pc=0x0000000002aa468c method=java.util.zip.InflaterInputStream.read([BII)I @ 100

Internal exceptions (10 events):
Event: 5.868 Thread 0x000000000dfce000 Implicit null exception at 0x0000000002a82ffa to 0x0000000002a86979
Event: 8.468 Thread 0x000000000dfce000 Threw 0x00000007d6cc2d90 at C:\re\jdk7u67\1368\hotspot\src\share\vm\prims\jvm.cpp:1244
Event: 8.547 Thread 0x000000000dfce000 Threw 0x00000007d6cc5160 at C:\re\jdk7u67\1368\hotspot\src\share\vm\prims\jvm.cpp:1244
Event: 8.547 Thread 0x000000000dfce000 Threw 0x00000007d6cc7268 at C:\re\jdk7u67\1368\hotspot\src\share\vm\prims\jvm.cpp:1244
Event: 8.548 Thread 0x000000000dfce000 Threw 0x00000007d6ccc308 at C:\re\jdk7u67\1368\hotspot\src\share\vm\prims\jvm.cpp:1244
Event: 8.548 Thread 0x000000000dfce000 Threw 0x00000007d6cd24c0 at C:\re\jdk7u67\1368\hotspot\src\share\vm\prims\jvm.cpp:1244
Event: 8.549 Thread 0x000000000dfce000 Threw 0x00000007d6cd8510 at C:\re\jdk7u67\1368\hotspot\src\share\vm\prims\jvm.cpp:1244
Event: 8.549 Thread 0x000000000dfce000 Threw 0x00000007d6cdcf88 at C:\re\jdk7u67\1368\hotspot\src\share\vm\prims\jvm.cpp:1244
Event: 8.754 Thread 0x000000000dfce000 Threw 0x00000007d6dc9e00 at C:\re\jdk7u67\1368\hotspot\src\share\vm\prims\jvm.cpp:1244
Event: 8.777 Thread 0x000000000e3e9000 Threw 0x00000007db648b30 at C:\re\jdk7u67\1368\hotspot\src\share\vm\prims\jvm.cpp:1244

Events (10 events):
Event: 8.788 loading class 0x0000000002897df0
Event: 8.789 loading class 0x0000000002897df0 done
Event: 8.789 loading class 0x00000000191cf250
Event: 8.789 loading class 0x00000000191cf250 done
Event: 8.789 loading class 0x000000000e1ef0c0
Event: 8.789 loading class 0x000000000e1ef0c0 done
Event: 8.789 loading class 0x00000000152a6240
Event: 8.789 loading class 0x00000000191cf7e0
Event: 8.789 loading class 0x00000000191cf7e0 done
Event: 8.789 loading class 0x00000000152a6240 done


Dynamic libraries:
0x00007ff7c6920000 - 0x00007ff7c6953000 	C:\Program Files\Java\jdk1.7.0_67\bin\java.exe
0x00007ffae57a0000 - 0x00007ffae594c000 	C:\Windows\SYSTEM32\ntdll.dll
0x00007ffae51f0000 - 0x00007ffae532e000 	C:\Windows\system32\KERNEL32.DLL
0x00007ffae2ac0000 - 0x00007ffae2bd5000 	C:\Windows\system32\KERNELBASE.dll
0x00007ffae12f0000 - 0x00007ffae137e000 	C:\Windows\system32\apphelp.dll
0x00007ffad1130000 - 0x00007ffad1183000 	C:\Windows\AppPatch\AppPatch64\AcGenral.DLL
0x00007ffae3530000 - 0x00007ffae35da000 	C:\Windows\system32\msvcrt.dll
0x00007ffae2790000 - 0x00007ffae27be000 	C:\Windows\SYSTEM32\SspiCli.dll
0x00007ffae4d90000 - 0x00007ffae4de4000 	C:\Windows\system32\SHLWAPI.dll
0x00007ffae31f0000 - 0x00007ffae3367000 	C:\Windows\system32\USER32.dll
0x00007ffae2e20000 - 0x00007ffae2fb4000 	C:\Windows\system32\ole32.dll
0x00007ffae37a0000 - 0x00007ffae4cb8000 	C:\Windows\system32\SHELL32.dll
0x00007ffae1f10000 - 0x00007ffae1f31000 	C:\Windows\SYSTEM32\USERENV.dll
0x00007ffae5140000 - 0x00007ffae51ea000 	C:\Windows\system32\ADVAPI32.dll
0x00007ffad6c60000 - 0x00007ffad6c7e000 	C:\Windows\SYSTEM32\MPR.dll
0x00007ffae35e0000 - 0x00007ffae3721000 	C:\Windows\system32\RPCRT4.dll
0x00007ffae3730000 - 0x00007ffae3789000 	C:\Windows\SYSTEM32\sechost.dll
0x00007ffae5560000 - 0x00007ffae5771000 	C:\Windows\SYSTEM32\combase.dll
0x00007ffae3370000 - 0x00007ffae34c1000 	C:\Windows\system32\GDI32.dll
0x00007ffae28f0000 - 0x00007ffae2905000 	C:\Windows\SYSTEM32\profapi.dll
0x00007ffae0b10000 - 0x00007ffae0bc2000 	C:\Windows\SYSTEM32\SHCORE.dll
0x00007ffae2fc0000 - 0x00007ffae2ff6000 	C:\Windows\system32\IMM32.DLL
0x00007ffae4fd0000 - 0x00007ffae5122000 	C:\Windows\system32\MSCTF.dll
0x00007ffae03a0000 - 0x00007ffae061a000 	C:\Windows\WinSxS\amd64_microsoft.windows.common-controls_6595b64144ccf1df_6.0.9600.17810_none_6240b9c7ecbd0bda\COMCTL32.dll
0x000000005a4c0000 - 0x000000005a592000 	C:\Program Files\Java\jdk1.7.0_67\jre\bin\msvcr100.dll
0x000000005a5a0000 - 0x000000005ad72000 	C:\Program Files\Java\jdk1.7.0_67\jre\bin\server\jvm.dll
0x00007ffae1b00000 - 0x00007ffae1b09000 	C:\Windows\SYSTEM32\WSOCK32.dll
0x00007ffade810000 - 0x00007ffade832000 	C:\Windows\SYSTEM32\WINMM.dll
0x00007ffae5130000 - 0x00007ffae5137000 	C:\Windows\system32\PSAPI.DLL
0x00007ffae34d0000 - 0x00007ffae352a000 	C:\Windows\system32\WS2_32.dll
0x00007ffade670000 - 0x00007ffade69a000 	C:\Windows\SYSTEM32\WINMMBASE.dll
0x00007ffae53a0000 - 0x00007ffae53a9000 	C:\Windows\system32\NSI.dll
0x00007ffae29c0000 - 0x00007ffae2a0f000 	C:\Windows\SYSTEM32\cfgmgr32.dll
0x00007ffae1540000 - 0x00007ffae1568000 	C:\Windows\SYSTEM32\DEVOBJ.dll
0x000000005b890000 - 0x000000005b89f000 	C:\Program Files\Java\jdk1.7.0_67\jre\bin\verify.dll
0x000000005a450000 - 0x000000005a478000 	C:\Program Files\Java\jdk1.7.0_67\jre\bin\java.dll
0x000000005b870000 - 0x000000005b885000 	C:\Program Files\Java\jdk1.7.0_67\jre\bin\zip.dll
0x00007ffae2230000 - 0x00007ffae2250000 	C:\Windows\SYSTEM32\CRYPTSP.dll
0x00007ffae1e00000 - 0x00007ffae1e36000 	C:\Windows\system32\rsaenh.dll
0x00007ffae2480000 - 0x00007ffae24a6000 	C:\Windows\SYSTEM32\bcrypt.dll
0x00007ffae27c0000 - 0x00007ffae2823000 	C:\Windows\system32\bcryptprimitives.dll
0x00007ffae2830000 - 0x00007ffae283b000 	C:\Windows\SYSTEM32\CRYPTBASE.dll
0x000000005a430000 - 0x000000005a449000 	C:\Program Files\Java\jdk1.7.0_67\jre\bin\net.dll
0x00007ffae21d0000 - 0x00007ffae2229000 	C:\Windows\system32\mswsock.dll
0x00007ffadae80000 - 0x00007ffadaeaa000 	C:\Windows\SYSTEM32\IPHLPAPI.DLL
0x00007ffadae50000 - 0x00007ffadae5a000 	C:\Windows\SYSTEM32\WINNSI.DLL
0x00007ffadad00000 - 0x00007ffadad16000 	C:\Windows\SYSTEM32\dhcpcsvc6.DLL
0x00007ffadace0000 - 0x00007ffadacfa000 	C:\Windows\SYSTEM32\dhcpcsvc.DLL
0x000000005a410000 - 0x000000005a421000 	C:\Program Files\Java\jdk1.7.0_67\jre\bin\nio.dll
0x00000000637c0000 - 0x00000000637ca000 	C:\Users\Avell G1743 MAX\AppData\Local\Temp\jogamp_0000\file_cache\jln5549122687429467092\jln730857972234578242\gluegen-rt.dll
0x000000005a270000 - 0x000000005a405000 	C:\Program Files\Java\jdk1.7.0_67\jre\bin\awt.dll
0x00007ffae3120000 - 0x00007ffae31e1000 	C:\Windows\system32\OLEAUT32.dll
0x00007ffae13c0000 - 0x00007ffae14e9000 	C:\Windows\system32\uxtheme.dll
0x00007ffae08f0000 - 0x00007ffae0911000 	C:\Windows\system32\dwmapi.dll
0x00007ffae15b0000 - 0x00007ffae15bb000 	C:\Windows\SYSTEM32\kernel.appcore.dll
0x0000000058130000 - 0x0000000058137000 	C:\Program Files\Java\jdk1.7.0_67\jre\bin\jawt.dll
0x000000006a440000 - 0x000000006a44b000 	C:\Users\Avell G1743 MAX\AppData\Local\Temp\jogamp_0000\file_cache\jln5549122687429467092\jln730857972234578242\nativewindow_awt.dll
0x00007ffad8b80000 - 0x00007ffad8da1000 	C:\Windows\system32\d3d9.dll
0x00007ffadf240000 - 0x00007ffadf24a000 	C:\Windows\SYSTEM32\VERSION.dll
0x00007ffabd4c0000 - 0x00007ffabe3cf000 	C:\Windows\SYSTEM32\nvd3dumx.dll
0x0000000180000000 - 0x0000000180188000 	C:\Windows\system32\nvspcap64.dll
0x00007ffae4df0000 - 0x00007ffae4fca000 	C:\Windows\system32\SETUPAPI.dll
0x00007ffae1f40000 - 0x00007ffae1f86000 	C:\Windows\system32\powrprof.dll
0x00007ffae0090000 - 0x00007ffae01ed000 	C:\Program Files (x86)\NVIDIA Corporation\3D Vision\nvSCPAPI64.dll
0x000000006c100000 - 0x000000006c10b000 	C:\Users\Avell G1743 MAX\AppData\Local\Temp\jogamp_0000\file_cache\jln5549122687429467092\jln730857972234578242\nativewindow_win32.dll
0x00007ffadc890000 - 0x00007ffadc9bb000 	C:\Windows\SYSTEM32\OpenGL32.dll
0x00007ffadffe0000 - 0x00007ffae000e000 	C:\Windows\SYSTEM32\GLU32.dll
0x00007ffadc620000 - 0x00007ffadc718000 	C:\Windows\SYSTEM32\DDRAW.dll
0x00007ffae0920000 - 0x00007ffae0929000 	C:\Windows\SYSTEM32\DCIMAN32.dll
0x0000000064500000 - 0x000000006458b000 	C:\Users\Avell G1743 MAX\AppData\Local\Temp\jogamp_0000\file_cache\jln5549122687429467092\jln730857972234578242\jogl_desktop.dll
0x0000000058200000 - 0x000000005a04a000 	C:\Windows\SYSTEM32\nvoglv64.DLL
0x00007ffae1b40000 - 0x00007ffae1b52000 	C:\Windows\SYSTEM32\WTSAPI32.dll
0x00007ffae2be0000 - 0x00007ffae2c31000 	C:\Windows\system32\WINTRUST.dll
0x00007ffae2c40000 - 0x00007ffae2e1f000 	C:\Windows\system32\CRYPT32.dll
0x00007ffae29a0000 - 0x00007ffae29b1000 	C:\Windows\system32\MSASN1.dll
0x00007ffaddb00000 - 0x00007ffaddb32000 	C:\Windows\SYSTEM32\ntmarta.dll
0x00007ffae19b0000 - 0x00007ffae1a0a000 	C:\Windows\SYSTEM32\WINSTA.dll
0x000000005a220000 - 0x000000005a267000 	C:\Program Files\Java\jdk1.7.0_67\jre\bin\fontmanager.dll
0x000000005a1d0000 - 0x000000005a211000 	C:\Program Files\Java\jdk1.7.0_67\jre\bin\t2k.dll
0x00007ffae3000000 - 0x00007ffae30b6000 	C:\Windows\SYSTEM32\clbcatq.dll
0x00007ffae01f0000 - 0x00007ffae039e000 	C:\Windows\SYSTEM32\WindowsCodecs.dll
0x0000000058140000 - 0x0000000058170000 	C:\Program Files\Java\jdk1.7.0_67\jre\bin\jpeg.dll
0x00000000580f0000 - 0x0000000058129000 	C:\Program Files\Java\jdk1.7.0_67\jre\bin\kcms.dll
0x00007ffad5ac0000 - 0x00007ffad5c49000 	C:\Windows\SYSTEM32\dbghelp.dll

VM Arguments:
java_command: br.usp.icmc.vicg.gl.app.App
Launcher Type: SUN_STANDARD

Environment Variables:
JAVA_HOME=C:\Program Files\Java\jdk1.7.0_67
PATH=C:\Program Files (x86)\Intel\iCLS Client\;C:\Program Files\Intel\iCLS Client\;C:\Windows\system32;C:\Windows;C:\Windows\System32\Wbem;C:\Windows\System32\WindowsPowerShell\v1.0\;C:\Program Files (x86)\EgisTec BioExcess\x64;C:\Program Files (x86)\EgisTec BioExcess\;C:\Program Files\Intel\Intel(R) Management Engine Components\DAL;C:\Program Files\Intel\Intel(R) Management Engine Components\IPT;C:\Program Files (x86)\Intel\Intel(R) Management Engine Components\DAL;C:\Program Files (x86)\Intel\Intel(R) Management Engine Components\IPT;C:\Program Files (x86)\NVIDIA Corporation\PhysX\Common;C:\Program Files (x86)\Brackets\command;C:\Program Files\Latex\miktex\bin\x64\
USERNAME=Avell G1743 MAX
OS=Windows_NT
PROCESSOR_IDENTIFIER=Intel64 Family 6 Model 60 Stepping 3, GenuineIntel



---------------  S Y S T E M  ---------------

OS: Windows 8.1 , 64 bit Build 9600 

CPU:total 8 (4 cores per cpu, 2 threads per core) family 6 model 60 stepping 3, cmov, cx8, fxsr, mmx, sse, sse2, sse3, ssse3, sse4.1, sse4.2, popcnt, avx, avx2, aes, erms, ht, tsc, tscinvbit

Memory: 4k page, physical 8342216k(3511192k free), swap 9652936k(2854016k free)

vm_info: Java HotSpot(TM) 64-Bit Server VM (24.65-b04) for windows-amd64 JRE (1.7.0_67-b01), built on Jul 25 2014 08:55:00 by "java_re" with unknown MS VC++:1600

time: Mon Jul 06 01:35:34 2015
elapsed time: 8 seconds

