#
# A fatal error has been detected by the Java Runtime Environment:
#
#  EXCEPTION_ACCESS_VIOLATION (0xc0000005) at pc=0x000000005485fb3e, pid=7996, tid=4604
#
# JRE version: Java(TM) SE Runtime Environment (7.0_67-b01) (build 1.7.0_67-b01)
# Java VM: Java HotSpot(TM) 64-Bit Server VM (24.65-b04 mixed mode windows-amd64 compressed oops)
# Problematic frame:
# C  [nvoglv64.DLL+0xacfb3e]
#
# Failed to write core dump. Minidumps are not enabled by default on client versions of Windows
#
# If you would like to submit a bug report, please visit:
#   http://bugreport.sun.com/bugreport/crash.jsp
# The crash happened outside the Java Virtual Machine in native code.
# See problematic frame for where to report the bug.
#

---------------  T H R E A D  ---------------

Current thread (0x000000000d7bb000):  JavaThread "AWT-EventQueue-0" [_thread_in_native, id=4604, stack(0x000000000f930000,0x000000000fa30000)]

siginfo: ExceptionCode=0xc0000005, reading address 0x000000001344fffc

Registers:
RAX=0x0000000000000000, RBX=0x0000000000060000, RCX=0x0000000000000102, RDX=0x0000000000000102
RSP=0x000000000fa2df90, RBP=0x0000000010150000, RSI=0x0000000000060000, RDI=0x00000000132d0040
R8 =0x0000000000000000, R9 =0x0000000000000000, R10=0x0000000000000010, R11=0x00000000132d0000
R12=0x0000000000000000, R13=0x0000000000000004, R14=0x0000000000000010, R15=0x0000000010e45040
RIP=0x000000005485fb3e, EFLAGS=0x0000000000010246

Top of Stack: (sp=0x000000000fa2df90)
0x000000000fa2df90:   000000001226d040 0000000000000000
0x000000000fa2dfa0:   0000000000000000 0000000000000000
0x000000000fa2dfb0:   0000000000000000 00000000548f6955
0x000000000fa2dfc0:   0000000000060000 0000000000001405
0x000000000fa2dfd0:   00000000ffffffff 0000000010150000
0x000000000fa2dfe0:   0000000000001405 0000000000000000
0x000000000fa2dff0:   000000000fa2e050 000000000fa2e000
0x000000000fa2e000:   0000000010e45040 000000001227bc68
0x000000000fa2e010:   000000077bf08558 0000000010150000
0x000000000fa2e020:   000000000d7bb000 000000077bf08558
0x000000000fa2e030:   0000000000000000 0000000000001405
0x000000000fa2e040:   0000000000000004 000000005453f031
0x000000000fa2e050:   0000000000000004 0000000010150000
0x000000000fa2e060:   0000000000000000 000000000fa2e1a0
0x000000000fa2e070:   0000000700060000 0000000000001405
0x000000000fa2e080:   0000000000000000 0000000000000000 

Instructions: (pc=0x000000005485fb3e)
0x000000005485fb1e:   00 00 8b 0f 48 83 c7 04 44 3b c1 8b c1 41 0f 42
0x000000005485fb2e:   c0 3b d1 0f 47 ca 44 8b c0 8b d1 49 ff c9 75 e2
0x000000005485fb3e:   41 3b 54 b3 fc 41 0f 46 54 b3 fc 8b c2 41 2b c0
0x000000005485fb4e:   3d 00 00 01 00 0f 83 b4 02 00 00 ff c0 3b c6 0f 


Register to memory mapping:

RAX=0x0000000000000000 is an unknown value
RBX=0x0000000000060000 is an unknown value
RCX=0x0000000000000102 is an unknown value
RDX=0x0000000000000102 is an unknown value
RSP=0x000000000fa2df90 is pointing into the stack for thread: 0x000000000d7bb000
RBP=0x0000000010150000 is an unknown value
RSI=0x0000000000060000 is an unknown value
RDI=0x00000000132d0040 is an unknown value
R8 =0x0000000000000000 is an unknown value
R9 =0x0000000000000000 is an unknown value
R10=0x0000000000000010 is an unknown value
R11=0x00000000132d0000 is an unknown value
R12=0x0000000000000000 is an unknown value
R13=0x0000000000000004 is an unknown value
R14=0x0000000000000010 is an unknown value
R15=0x0000000010e45040 is an unknown value


Stack: [0x000000000f930000,0x000000000fa30000],  sp=0x000000000fa2df90,  free space=1015k
Native frames: (J=compiled Java code, j=interpreted, Vv=VM code, C=native code)
C  [nvoglv64.DLL+0xacfb3e]

Java frames: (J=compiled Java code, j=interpreted, Vv=VM code)
j  jogamp.opengl.gl4.GL4bcImpl.dispatch_glDrawElements1(IIIJJ)V+0
j  jogamp.opengl.gl4.GL4bcImpl.glDrawElements(IIIJ)V+47
j  br.usp.icmc.vicg.gl.app.Terrain.draw()V+278
j  br.usp.icmc.vicg.gl.app.App.display(Ljavax/media/opengl/GLAutoDrawable;)V+220
j  jogamp.opengl.GLDrawableHelper.displayImpl(Ljavax/media/opengl/GLAutoDrawable;)V+58
j  jogamp.opengl.GLDrawableHelper.display(Ljavax/media/opengl/GLAutoDrawable;)V+2
j  javax.media.opengl.awt.GLCanvas$7.run()V+118
j  jogamp.opengl.GLDrawableHelper.invokeGLImpl(Ljavax/media/opengl/GLDrawable;Ljavax/media/opengl/GLContext;Ljava/lang/Runnable;Ljava/lang/Runnable;Ljavax/media/opengl/GLAutoDrawable;)V+137
j  jogamp.opengl.GLDrawableHelper.invokeGL(Ljavax/media/opengl/GLDrawable;Ljavax/media/opengl/GLContext;Ljava/lang/Runnable;Ljava/lang/Runnable;)V+85
j  javax.media.opengl.awt.GLCanvas$8.run()V+49
j  java.awt.event.InvocationEvent.dispatch()V+11
j  java.awt.EventQueue.dispatchEventImpl(Ljava/awt/AWTEvent;Ljava/lang/Object;)V+21
j  java.awt.EventQueue.access$200(Ljava/awt/EventQueue;Ljava/awt/AWTEvent;Ljava/lang/Object;)V+3
j  java.awt.EventQueue$3.run()Ljava/lang/Void;+12
j  java.awt.EventQueue$3.run()Ljava/lang/Object;+1
v  ~StubRoutines::call_stub
j  java.security.AccessController.doPrivileged(Ljava/security/PrivilegedAction;Ljava/security/AccessControlContext;)Ljava/lang/Object;+0
j  java.security.ProtectionDomain$1.doIntersectionPrivilege(Ljava/security/PrivilegedAction;Ljava/security/AccessControlContext;Ljava/security/AccessControlContext;)Ljava/lang/Object;+28
j  java.awt.EventQueue.dispatchEvent(Ljava/awt/AWTEvent;)V+46
j  java.awt.EventDispatchThread.pumpOneEventForFilters(I)V+245
j  java.awt.EventDispatchThread.pumpEventsForFilter(ILjava/awt/Conditional;Ljava/awt/EventFilter;)V+35
j  java.awt.EventDispatchThread.pumpEventsForHierarchy(ILjava/awt/Conditional;Ljava/awt/Component;)V+11
j  java.awt.EventDispatchThread.pumpEvents(ILjava/awt/Conditional;)V+4
j  java.awt.EventDispatchThread.pumpEvents(Ljava/awt/Conditional;)V+3
j  java.awt.EventDispatchThread.run()V+9
v  ~StubRoutines::call_stub

---------------  P R O C E S S  ---------------

Java Threads: ( => current thread )
  0x00000000020d2800 JavaThread "DestroyJavaVM" [_thread_blocked, id=6816, stack(0x0000000001fd0000,0x00000000020d0000)]
  0x000000000dc30800 JavaThread "Timer-0" [_thread_blocked, id=6548, stack(0x000000000fc10000,0x000000000fd10000)]
  0x000000000dc2a800 JavaThread "D3D Screen Updater" daemon [_thread_blocked, id=7064, stack(0x000000000fb00000,0x000000000fc00000)]
  0x000000000cbc7000 JavaThread "main-SharedResourceRunner" daemon [_thread_blocked, id=4008, stack(0x000000000de90000,0x000000000df90000)]
=>0x000000000d7bb000 JavaThread "AWT-EventQueue-0" [_thread_in_native, id=4604, stack(0x000000000f930000,0x000000000fa30000)]
  0x000000000d7c0800 JavaThread "AWT-Windows" daemon [_thread_in_native, id=7676, stack(0x000000000e290000,0x000000000e390000)]
  0x000000000cc5f000 JavaThread "AWT-Shutdown" [_thread_blocked, id=3368, stack(0x000000000e190000,0x000000000e290000)]
  0x000000000cc5e800 JavaThread "Java2D Disposer" daemon [_thread_blocked, id=7940, stack(0x000000000e090000,0x000000000e190000)]
  0x00000000021cd000 JavaThread "Service Thread" daemon [_thread_blocked, id=3664, stack(0x000000000d1b0000,0x000000000d2b0000)]
  0x00000000021cc000 JavaThread "C2 CompilerThread1" daemon [_thread_blocked, id=440, stack(0x000000000d0b0000,0x000000000d1b0000)]
  0x00000000021c8000 JavaThread "C2 CompilerThread0" daemon [_thread_blocked, id=6852, stack(0x000000000cfb0000,0x000000000d0b0000)]
  0x00000000021c7000 JavaThread "Attach Listener" daemon [_thread_blocked, id=2472, stack(0x000000000ceb0000,0x000000000cfb0000)]
  0x000000000c9d1800 JavaThread "Signal Dispatcher" daemon [_thread_blocked, id=3404, stack(0x000000000cdb0000,0x000000000ceb0000)]
  0x000000000a9cf800 JavaThread "Finalizer" daemon [_thread_blocked, id=7408, stack(0x000000000c8b0000,0x000000000c9b0000)]
  0x000000000a9c8800 JavaThread "Reference Handler" daemon [_thread_blocked, id=5040, stack(0x000000000c7b0000,0x000000000c8b0000)]

Other Threads:
  0x000000000a9c5800 VMThread [stack: 0x000000000c6b0000,0x000000000c7b0000] [id=7860]
  0x00000000021ce800 WatcherThread [stack: 0x000000000d2b0000,0x000000000d3b0000] [id=8188]

VM state:not at safepoint (normal execution)

VM Mutex/Monitor currently owned by a thread: None

Heap
 PSYoungGen      total 340480K, used 241322K [0x00000007d5880000, 0x00000007f2480000, 0x0000000800000000)
  eden space 238592K, 83% used [0x00000007d5880000,0x00000007e1b729f8,0x00000007e4180000)
  from space 101888K, 40% used [0x00000007e4180000,0x00000007e6a38070,0x00000007ea500000)
  to   space 97280K, 0% used [0x00000007ec580000,0x00000007ec580000,0x00000007f2480000)
 ParOldGen       total 328704K, used 240562K [0x0000000780a00000, 0x0000000794b00000, 0x00000007d5880000)
  object space 328704K, 73% used [0x0000000780a00000,0x000000078f4ecaf8,0x0000000794b00000)
 PSPermGen       total 39424K, used 18543K [0x000000077b800000, 0x000000077de80000, 0x0000000780a00000)
  object space 39424K, 47% used [0x000000077b800000,0x000000077ca1bdd8,0x000000077de80000)

Card table byte_map: [0x0000000005290000,0x00000000056c0000] byte_map_base: 0x00000000016b4000

Polling page: 0x00000000006a0000

Code Cache  [0x00000000021d0000, 0x0000000002440000, 0x00000000051d0000)
 total_blobs=991 nmethods=263 adapters=680 free_code_cache=47494Kb largest_free_block=48584256

Compilation events (10 events):
Event: 7.773 Thread 0x00000000021cc000  265             java.lang.AbstractStringBuilder::append (48 bytes)
Event: 7.774 Thread 0x00000000021cc000 nmethod 265 0x0000000002314dd0 code [0x0000000002314f20, 0x00000000023150c8]
Event: 7.818 Thread 0x00000000021c8000  266 %           br.usp.icmc.vicg.gl.model.jwavefront.JWavefrontModel::create_vao @ 172 (707 bytes)
Event: 7.833 Thread 0x00000000021c8000 nmethod 266% 0x000000000234b110 code [0x000000000234b380, 0x000000000234c490]
Event: 7.993 Thread 0x00000000021cc000  267             br.usp.icmc.vicg.gl.model.jwavefront.JWavefrontModel::create_vao (707 bytes)
Event: 7.996 Thread 0x00000000021c8000  268             java.nio.Buffer::limit (5 bytes)
Event: 7.996 Thread 0x00000000021c8000 nmethod 268 0x0000000002316190 code [0x00000000023162c0, 0x0000000002316318]
Event: 8.010 Thread 0x00000000021c8000  269   !         java.util.zip.InflaterInputStream::read (138 bytes)
Event: 8.017 Thread 0x00000000021c8000 nmethod 269 0x00000000023490d0 code [0x00000000023492c0, 0x000000000234a490]
Event: 8.019 Thread 0x00000000021cc000 nmethod 267 0x0000000002377c50 code [0x0000000002377ee0, 0x0000000002379830]

GC Heap History (10 events):
Event: 3.484 GC heap before
{Heap before GC invocations=18 (full 2):
 PSYoungGen      total 197632K, used 186525K [0x00000007d5880000, 0x00000007e8a80000, 0x0000000800000000)
  eden space 146432K, 100% used [0x00000007d5880000,0x00000007de780000,0x00000007de780000)
  from space 51200K, 78% used [0x00000007de780000,0x00000007e0ea7568,0x00000007e1980000)
  to   space 55808K, 0% used [0x00000007e5400000,0x00000007e5400000,0x00000007e8a80000)
 ParOldGen       total 179200K, used 70410K [0x0000000780a00000, 0x000000078b900000, 0x00000007d5880000)
  object space 179200K, 39% used [0x0000000780a00000,0x0000000784ec28f0,0x000000078b900000)
 PSPermGen       total 40960K, used 18291K [0x000000077b800000, 0x000000077e000000, 0x0000000780a00000)
  object space 40960K, 44% used [0x000000077b800000,0x000000077c9dcfe8,0x000000077e000000)
Event: 3.514 GC heap after
Heap after GC invocations=18 (full 2):
 PSYoungGen      total 257024K, used 32125K [0x00000007d5880000, 0x00000007e8c80000, 0x0000000800000000)
  eden space 201216K, 0% used [0x00000007d5880000,0x00000007d5880000,0x00000007e1d00000)
  from space 55808K, 57% used [0x00000007e5400000,0x00000007e735f568,0x00000007e8a80000)
  to   space 56320K, 0% used [0x00000007e1d00000,0x00000007e1d00000,0x00000007e5400000)
 ParOldGen       total 179200K, used 93082K [0x0000000780a00000, 0x000000078b900000, 0x00000007d5880000)
  object space 179200K, 51% used [0x0000000780a00000,0x00000007864e68f0,0x000000078b900000)
 PSPermGen       total 40960K, used 18291K [0x000000077b800000, 0x000000077e000000, 0x0000000780a00000)
  object space 40960K, 44% used [0x000000077b800000,0x000000077c9dcfe8,0x000000077e000000)
}
Event: 3.714 GC heap before
{Heap before GC invocations=19 (full 2):
 PSYoungGen      total 257024K, used 233341K [0x00000007d5880000, 0x00000007e8c80000, 0x0000000800000000)
  eden space 201216K, 100% used [0x00000007d5880000,0x00000007e1d00000,0x00000007e1d00000)
  from space 55808K, 57% used [0x00000007e5400000,0x00000007e735f568,0x00000007e8a80000)
  to   space 56320K, 0% used [0x00000007e1d00000,0x00000007e1d00000,0x00000007e5400000)
 ParOldGen       total 179200K, used 93082K [0x0000000780a00000, 0x000000078b900000, 0x00000007d5880000)
  object space 179200K, 51% used [0x0000000780a00000,0x00000007864e68f0,0x000000078b900000)
 PSPermGen       total 40960K, used 18294K [0x000000077b800000, 0x000000077e000000, 0x0000000780a00000)
  object space 40960K, 44% used [0x000000077b800000,0x000000077c9dd910,0x000000077e000000)
Event: 3.760 GC heap after
Heap after GC invocations=19 (full 2):
 PSYoungGen      total 257536K, used 56308K [0x00000007d5880000, 0x00000007efd80000, 0x0000000800000000)
  eden space 201216K, 0% used [0x00000007d5880000,0x00000007d5880000,0x00000007e1d00000)
  from space 56320K, 99% used [0x00000007e1d00000,0x00000007e53fd120,0x00000007e5400000)
  to   space 89088K, 0% used [0x00000007ea680000,0x00000007ea680000,0x00000007efd80000)
 ParOldGen       total 179200K, used 156009K [0x0000000780a00000, 0x000000078b900000, 0x00000007d5880000)
  object space 179200K, 87% used [0x0000000780a00000,0x000000078a25a6e8,0x000000078b900000)
 PSPermGen       total 40960K, used 18294K [0x000000077b800000, 0x000000077e000000, 0x0000000780a00000)
  object space 40960K, 44% used [0x000000077b800000,0x000000077c9dd910,0x000000077e000000)
}
Event: 3.760 GC heap before
{Heap before GC invocations=20 (full 3):
 PSYoungGen      total 257536K, used 56308K [0x00000007d5880000, 0x00000007efd80000, 0x0000000800000000)
  eden space 201216K, 0% used [0x00000007d5880000,0x00000007d5880000,0x00000007e1d00000)
  from space 56320K, 99% used [0x00000007e1d00000,0x00000007e53fd120,0x00000007e5400000)
  to   space 89088K, 0% used [0x00000007ea680000,0x00000007ea680000,0x00000007efd80000)
 ParOldGen       total 179200K, used 156009K [0x0000000780a00000, 0x000000078b900000, 0x00000007d5880000)
  object space 179200K, 87% used [0x0000000780a00000,0x000000078a25a6e8,0x000000078b900000)
 PSPermGen       total 40960K, used 18294K [0x000000077b800000, 0x000000077e000000, 0x0000000780a00000)
  object space 40960K, 44% used [0x000000077b800000,0x000000077c9dd910,0x000000077e000000)
Event: 4.573 GC heap after
Heap after GC invocations=20 (full 3):
 PSYoungGen      total 257536K, used 0K [0x00000007d5880000, 0x00000007efd80000, 0x0000000800000000)
  eden space 201216K, 0% used [0x00000007d5880000,0x00000007d5880000,0x00000007e1d00000)
  from space 56320K, 0% used [0x00000007e1d00000,0x00000007e1d00000,0x00000007e5400000)
  to   space 89088K, 0% used [0x00000007ea680000,0x00000007ea680000,0x00000007efd80000)
 ParOldGen       total 328704K, used 158642K [0x0000000780a00000, 0x0000000794b00000, 0x00000007d5880000)
  object space 328704K, 48% used [0x0000000780a00000,0x000000078a4ecaa8,0x0000000794b00000)
 PSPermGen       total 39424K, used 18294K [0x000000077b800000, 0x000000077de80000, 0x0000000780a00000)
  object space 39424K, 46% used [0x000000077b800000,0x000000077c9dd910,0x000000077de80000)
}
Event: 6.372 GC heap before
{Heap before GC invocations=21 (full 3):
 PSYoungGen      total 257536K, used 201216K [0x00000007d5880000, 0x00000007efd80000, 0x0000000800000000)
  eden space 201216K, 100% used [0x00000007d5880000,0x00000007e1d00000,0x00000007e1d00000)
  from space 56320K, 0% used [0x00000007e1d00000,0x00000007e1d00000,0x00000007e5400000)
  to   space 89088K, 0% used [0x00000007ea680000,0x00000007ea680000,0x00000007efd80000)
 ParOldGen       total 328704K, used 158642K [0x0000000780a00000, 0x0000000794b00000, 0x00000007d5880000)
  object space 328704K, 48% used [0x0000000780a00000,0x000000078a4ecaa8,0x0000000794b00000)
 PSPermGen       total 39424K, used 18357K [0x000000077b800000, 0x000000077de80000, 0x0000000780a00000)
  object space 39424K, 46% used [0x000000077b800000,0x000000077c9ed6c8,0x000000077de80000)
Event: 6.418 GC heap after
Heap after GC invocations=21 (full 3):
 PSYoungGen      total 327680K, used 82432K [0x00000007d5880000, 0x00000007f0880000, 0x0000000800000000)
  eden space 238592K, 0% used [0x00000007d5880000,0x00000007d5880000,0x00000007e4180000)
  from space 89088K, 92% used [0x00000007ea680000,0x00000007ef700050,0x00000007efd80000)
  to   space 101888K, 0% used [0x00000007e4180000,0x00000007e4180000,0x00000007ea500000)
 ParOldGen       total 328704K, used 240562K [0x0000000780a00000, 0x0000000794b00000, 0x00000007d5880000)
  object space 328704K, 73% used [0x0000000780a00000,0x000000078f4ecaf8,0x0000000794b00000)
 PSPermGen       total 39424K, used 18357K [0x000000077b800000, 0x000000077de80000, 0x0000000780a00000)
  object space 39424K, 46% used [0x000000077b800000,0x000000077c9ed6c8,0x000000077de80000)
}
Event: 7.344 GC heap before
{Heap before GC invocations=22 (full 3):
 PSYoungGen      total 327680K, used 321024K [0x00000007d5880000, 0x00000007f0880000, 0x0000000800000000)
  eden space 238592K, 100% used [0x00000007d5880000,0x00000007e4180000,0x00000007e4180000)
  from space 89088K, 92% used [0x00000007ea680000,0x00000007ef700050,0x00000007efd80000)
  to   space 101888K, 0% used [0x00000007e4180000,0x00000007e4180000,0x00000007ea500000)
 ParOldGen       total 328704K, used 240562K [0x0000000780a00000, 0x0000000794b00000, 0x00000007d5880000)
  object space 328704K, 73% used [0x0000000780a00000,0x000000078f4ecaf8,0x0000000794b00000)
 PSPermGen       total 39424K, used 18358K [0x000000077b800000, 0x000000077de80000, 0x0000000780a00000)
  object space 39424K, 46% used [0x000000077b800000,0x000000077c9edae8,0x000000077de80000)
Event: 7.351 GC heap after
Heap after GC invocations=22 (full 3):
 PSYoungGen      total 340480K, used 41696K [0x00000007d5880000, 0x00000007f2480000, 0x0000000800000000)
  eden space 238592K, 0% used [0x00000007d5880000,0x00000007d5880000,0x00000007e4180000)
  from space 101888K, 40% used [0x00000007e4180000,0x00000007e6a38070,0x00000007ea500000)
  to   space 97280K, 0% used [0x00000007ec580000,0x00000007ec580000,0x00000007f2480000)
 ParOldGen       total 328704K, used 240562K [0x0000000780a00000, 0x0000000794b00000, 0x00000007d5880000)
  object space 328704K, 73% used [0x0000000780a00000,0x000000078f4ecaf8,0x0000000794b00000)
 PSPermGen       total 39424K, used 18358K [0x000000077b800000, 0x000000077de80000, 0x0000000780a00000)
  object space 39424K, 46% used [0x000000077b800000,0x000000077c9edae8,0x000000077de80000)
}

Deoptimization events (10 events):
Event: 5.737 Thread 0x000000000d7bb000 Uncommon trap: reason=class_check action=maybe_recompile pc=0x00000000022dfdb4 method=com.sun.imageio.plugins.common.SubImageInputStream.read([BII)I @ 25
Event: 5.737 Thread 0x000000000d7bb000 Uncommon trap: reason=class_check action=maybe_recompile pc=0x00000000022db0b0 method=com.sun.imageio.plugins.common.SubImageInputStream.read([BII)I @ 25
Event: 5.737 Thread 0x000000000d7bb000 Uncommon trap: reason=class_check action=maybe_recompile pc=0x00000000022e6038 method=java.io.BufferedInputStream.fill()V @ 175
Event: 5.737 Thread 0x000000000d7bb000 Uncommon trap: reason=class_check action=maybe_recompile pc=0x00000000022e6038 method=java.io.BufferedInputStream.fill()V @ 175
Event: 5.738 Thread 0x000000000d7bb000 Uncommon trap: reason=class_check action=maybe_recompile pc=0x00000000022e6038 method=java.io.BufferedInputStream.fill()V @ 175
Event: 6.089 Thread 0x000000000d7bb000 Uncommon trap: reason=unreached action=reinterpret pc=0x00000000022c51d0 method=java.awt.image.ComponentColorModel.getDataElements(ILjava/lang/Object;)Ljava/lang/Object; @ 2993
Event: 8.000 Thread 0x000000000d7bb000 Uncommon trap: reason=class_check action=maybe_recompile pc=0x00000000022de40c method=java.util.zip.InflaterInputStream.read([BII)I @ 100
Event: 8.000 Thread 0x000000000d7bb000 Uncommon trap: reason=class_check action=maybe_recompile pc=0x00000000022de40c method=java.util.zip.InflaterInputStream.read([BII)I @ 100
Event: 8.000 Thread 0x000000000d7bb000 Uncommon trap: reason=class_check action=maybe_recompile pc=0x00000000022de40c method=java.util.zip.InflaterInputStream.read([BII)I @ 100
Event: 8.010 Thread 0x000000000dc30800 Uncommon trap: reason=class_check action=maybe_recompile pc=0x00000000022de40c method=java.util.zip.InflaterInputStream.read([BII)I @ 100

Internal exceptions (10 events):
Event: 4.944 Thread 0x000000000d7bb000 Threw 0x00000007d66ae820 at C:\re\jdk7u67\1368\hotspot\src\share\vm\prims\jvm.cpp:1244
Event: 4.945 Thread 0x000000000d7bb000 Threw 0x00000007d66b0718 at C:\re\jdk7u67\1368\hotspot\src\share\vm\prims\jvm.cpp:1244
Event: 4.946 Thread 0x000000000d7bb000 Threw 0x00000007d66b57b8 at C:\re\jdk7u67\1368\hotspot\src\share\vm\prims\jvm.cpp:1244
Event: 4.946 Thread 0x000000000d7bb000 Threw 0x00000007d66bb970 at C:\re\jdk7u67\1368\hotspot\src\share\vm\prims\jvm.cpp:1244
Event: 4.947 Thread 0x000000000d7bb000 Threw 0x00000007d66c19c0 at C:\re\jdk7u67\1368\hotspot\src\share\vm\prims\jvm.cpp:1244
Event: 6.089 Thread 0x000000000d7bb000 Implicit null exception at 0x00000000022c183a to 0x00000000022c51b9
Event: 7.806 Thread 0x000000000d7bb000 Threw 0x00000007dcf79168 at C:\re\jdk7u67\1368\hotspot\src\share\vm\prims\jvm.cpp:1244
Event: 7.808 Thread 0x000000000d7bb000 Threw 0x00000007dcf7b538 at C:\re\jdk7u67\1368\hotspot\src\share\vm\prims\jvm.cpp:1244
Event: 8.000 Thread 0x000000000d7bb000 Threw 0x00000007dd036658 at C:\re\jdk7u67\1368\hotspot\src\share\vm\prims\jvm.cpp:1244
Event: 8.009 Thread 0x000000000dc30800 Threw 0x00000007e1912790 at C:\re\jdk7u67\1368\hotspot\src\share\vm\prims\jvm.cpp:1244

Events (10 events):
Event: 8.016 loading class 0x0000000002147df0
Event: 8.016 loading class 0x0000000002147df0 done
Event: 8.016 loading class 0x00000000155b0080
Event: 8.016 loading class 0x00000000155b0080 done
Event: 8.017 loading class 0x000000000d9644c0
Event: 8.017 loading class 0x000000000d9644c0 done
Event: 8.017 loading class 0x00000000140785f0
Event: 8.017 loading class 0x00000000155b0610
Event: 8.017 loading class 0x00000000155b0610 done
Event: 8.017 loading class 0x00000000140785f0 done


Dynamic libraries:
0x00007ff69a9b0000 - 0x00007ff69a9e3000 	C:\Program Files\Java\jdk1.7.0_67\bin\java.exe
0x00007ffda05c0000 - 0x00007ffda076c000 	C:\Windows\SYSTEM32\ntdll.dll
0x00007ffda0050000 - 0x00007ffda018e000 	C:\Windows\system32\KERNEL32.DLL
0x00007ffd9d940000 - 0x00007ffd9da55000 	C:\Windows\system32\KERNELBASE.dll
0x00007ffd9c110000 - 0x00007ffd9c19e000 	C:\Windows\system32\apphelp.dll
0x00007ffd91620000 - 0x00007ffd91673000 	C:\Windows\AppPatch\AppPatch64\AcGenral.DLL
0x00007ffd9fa50000 - 0x00007ffd9fafa000 	C:\Windows\system32\msvcrt.dll
0x00007ffd9d5b0000 - 0x00007ffd9d5de000 	C:\Windows\SYSTEM32\SspiCli.dll
0x00007ffd9e1a0000 - 0x00007ffd9e1f4000 	C:\Windows\system32\SHLWAPI.dll
0x00007ffda0440000 - 0x00007ffda05b7000 	C:\Windows\system32\USER32.dll
0x00007ffd9fbd0000 - 0x00007ffd9fd64000 	C:\Windows\system32\ole32.dll
0x00007ffd9e310000 - 0x00007ffd9f828000 	C:\Windows\system32\SHELL32.dll
0x00007ffd9cd30000 - 0x00007ffd9cd51000 	C:\Windows\SYSTEM32\USERENV.dll
0x00007ffd9ffa0000 - 0x00007ffda004a000 	C:\Windows\system32\ADVAPI32.dll
0x00007ffd928b0000 - 0x00007ffd928ce000 	C:\Windows\SYSTEM32\MPR.dll
0x00007ffd9dc40000 - 0x00007ffd9dd81000 	C:\Windows\system32\RPCRT4.dll
0x00007ffda0190000 - 0x00007ffda01e9000 	C:\Windows\SYSTEM32\sechost.dll
0x00007ffd9f830000 - 0x00007ffd9fa41000 	C:\Windows\SYSTEM32\combase.dll
0x00007ffd9fe30000 - 0x00007ffd9ff81000 	C:\Windows\system32\GDI32.dll
0x00007ffd9d710000 - 0x00007ffd9d725000 	C:\Windows\SYSTEM32\profapi.dll
0x00007ffd9c020000 - 0x00007ffd9c0d2000 	C:\Windows\SYSTEM32\SHCORE.dll
0x00007ffd9e2d0000 - 0x00007ffd9e306000 	C:\Windows\system32\IMM32.DLL
0x00007ffd9ddb0000 - 0x00007ffd9df02000 	C:\Windows\system32\MSCTF.dll
0x00007ffd996b0000 - 0x00007ffd9992a000 	C:\Windows\WinSxS\amd64_microsoft.windows.common-controls_6595b64144ccf1df_6.0.9600.17810_none_6240b9c7ecbd0bda\COMCTL32.dll
0x0000000055f40000 - 0x0000000056012000 	C:\Program Files\Java\jdk1.7.0_67\jre\bin\msvcr100.dll
0x0000000056020000 - 0x00000000567f2000 	C:\Program Files\Java\jdk1.7.0_67\jre\bin\server\jvm.dll
0x00007ffd9c8a0000 - 0x00007ffd9c8a9000 	C:\Windows\SYSTEM32\WSOCK32.dll
0x00007ffd99e90000 - 0x00007ffd99eb2000 	C:\Windows\SYSTEM32\WINMM.dll
0x00007ffda0430000 - 0x00007ffda0437000 	C:\Windows\system32\PSAPI.DLL
0x00007ffd9e140000 - 0x00007ffd9e19a000 	C:\Windows\system32\WS2_32.dll
0x00007ffd99670000 - 0x00007ffd9969a000 	C:\Windows\SYSTEM32\WINMMBASE.dll
0x00007ffd9e130000 - 0x00007ffd9e139000 	C:\Windows\system32\NSI.dll
0x00007ffd9d8f0000 - 0x00007ffd9d93f000 	C:\Windows\SYSTEM32\cfgmgr32.dll
0x00007ffd9c360000 - 0x00007ffd9c388000 	C:\Windows\SYSTEM32\DEVOBJ.dll
0x0000000055ef0000 - 0x0000000055eff000 	C:\Program Files\Java\jdk1.7.0_67\jre\bin\verify.dll
0x0000000055ec0000 - 0x0000000055ee8000 	C:\Program Files\Java\jdk1.7.0_67\jre\bin\java.dll
0x0000000055ea0000 - 0x0000000055eb5000 	C:\Program Files\Java\jdk1.7.0_67\jre\bin\zip.dll
0x00007ffd9d050000 - 0x00007ffd9d070000 	C:\Windows\SYSTEM32\CRYPTSP.dll
0x00007ffd9cc20000 - 0x00007ffd9cc56000 	C:\Windows\system32\rsaenh.dll
0x00007ffd9d2a0000 - 0x00007ffd9d2c6000 	C:\Windows\SYSTEM32\bcrypt.dll
0x00007ffd9d5e0000 - 0x00007ffd9d643000 	C:\Windows\system32\bcryptprimitives.dll
0x00007ffd9d650000 - 0x00007ffd9d65b000 	C:\Windows\SYSTEM32\CRYPTBASE.dll
0x0000000055e80000 - 0x0000000055e99000 	C:\Program Files\Java\jdk1.7.0_67\jre\bin\net.dll
0x00007ffd9cff0000 - 0x00007ffd9d049000 	C:\Windows\system32\mswsock.dll
0x00007ffd95c90000 - 0x00007ffd95cba000 	C:\Windows\SYSTEM32\IPHLPAPI.DLL
0x00007ffd95c70000 - 0x00007ffd95c7a000 	C:\Windows\SYSTEM32\WINNSI.DLL
0x00007ffd95b20000 - 0x00007ffd95b36000 	C:\Windows\SYSTEM32\dhcpcsvc6.DLL
0x00007ffd95b00000 - 0x00007ffd95b1a000 	C:\Windows\SYSTEM32\dhcpcsvc.DLL
0x0000000055e60000 - 0x0000000055e71000 	C:\Program Files\Java\jdk1.7.0_67\jre\bin\nio.dll
0x00000000637c0000 - 0x00000000637ca000 	C:\Users\Avell G1743 MAX\AppData\Local\Temp\jogamp_0000\file_cache\jln2356246972146206925\jln4177416733977618206\gluegen-rt.dll
0x0000000055cc0000 - 0x0000000055e55000 	C:\Program Files\Java\jdk1.7.0_67\jre\bin\awt.dll
0x00007ffd9fb00000 - 0x00007ffd9fbc1000 	C:\Windows\system32\OLEAUT32.dll
0x00007ffd9c1b0000 - 0x00007ffd9c2d9000 	C:\Windows\system32\uxtheme.dll
0x00007ffd9a250000 - 0x00007ffd9a271000 	C:\Windows\system32\dwmapi.dll
0x00007ffd9c3b0000 - 0x00007ffd9c3bb000 	C:\Windows\SYSTEM32\kernel.appcore.dll
0x0000000053d80000 - 0x0000000053d87000 	C:\Program Files\Java\jdk1.7.0_67\jre\bin\jawt.dll
0x000000006a440000 - 0x000000006a44b000 	C:\Users\Avell G1743 MAX\AppData\Local\Temp\jogamp_0000\file_cache\jln2356246972146206925\jln4177416733977618206\nativewindow_awt.dll
0x00007ffd939a0000 - 0x00007ffd93bc1000 	C:\Windows\system32\d3d9.dll
0x00007ffd9a240000 - 0x00007ffd9a24a000 	C:\Windows\SYSTEM32\VERSION.dll
0x00007ffd806d0000 - 0x00007ffd815df000 	C:\Windows\SYSTEM32\nvd3dumx.dll
0x0000000180000000 - 0x0000000180188000 	C:\Windows\system32\nvspcap64.dll
0x00007ffda01f0000 - 0x00007ffda03ca000 	C:\Windows\system32\SETUPAPI.dll
0x00007ffd9cd60000 - 0x00007ffd9cda6000 	C:\Windows\system32\powrprof.dll
0x00007ffd99930000 - 0x00007ffd99a8d000 	C:\Program Files (x86)\NVIDIA Corporation\3D Vision\nvSCPAPI64.dll
0x000000006c100000 - 0x000000006c10b000 	C:\Users\Avell G1743 MAX\AppData\Local\Temp\jogamp_0000\file_cache\jln2356246972146206925\jln4177416733977618206\nativewindow_win32.dll
0x00007ffd90ac0000 - 0x00007ffd90beb000 	C:\Windows\SYSTEM32\OpenGL32.dll
0x00007ffd974a0000 - 0x00007ffd974ce000 	C:\Windows\SYSTEM32\GLU32.dll
0x00007ffd90100000 - 0x00007ffd901f8000 	C:\Windows\SYSTEM32\DDRAW.dll
0x00007ffd98400000 - 0x00007ffd98409000 	C:\Windows\SYSTEM32\DCIMAN32.dll
0x0000000064500000 - 0x000000006458b000 	C:\Users\Avell G1743 MAX\AppData\Local\Temp\jogamp_0000\file_cache\jln2356246972146206925\jln4177416733977618206\jogl_desktop.dll
0x0000000053d90000 - 0x0000000055bda000 	C:\Windows\SYSTEM32\nvoglv64.DLL
0x00007ffd9c8e0000 - 0x00007ffd9c8f2000 	C:\Windows\SYSTEM32\WTSAPI32.dll
0x00007ffd9d890000 - 0x00007ffd9d8e1000 	C:\Windows\system32\WINTRUST.dll
0x00007ffd9da60000 - 0x00007ffd9dc3f000 	C:\Windows\system32\CRYPT32.dll
0x00007ffd9d7c0000 - 0x00007ffd9d7d1000 	C:\Windows\system32\MSASN1.dll
0x00007ffd991c0000 - 0x00007ffd991f2000 	C:\Windows\SYSTEM32\ntmarta.dll
0x00007ffd9cb60000 - 0x00007ffd9cbba000 	C:\Windows\SYSTEM32\WINSTA.dll
0x0000000055c70000 - 0x0000000055cb7000 	C:\Program Files\Java\jdk1.7.0_67\jre\bin\fontmanager.dll
0x0000000055c20000 - 0x0000000055c61000 	C:\Program Files\Java\jdk1.7.0_67\jre\bin\t2k.dll
0x00007ffd9fd70000 - 0x00007ffd9fe26000 	C:\Windows\SYSTEM32\clbcatq.dll
0x00007ffd9b930000 - 0x00007ffd9bade000 	C:\Windows\SYSTEM32\WindowsCodecs.dll
0x0000000053cf0000 - 0x0000000053d20000 	C:\Program Files\Java\jdk1.7.0_67\jre\bin\jpeg.dll
0x0000000053cb0000 - 0x0000000053ce9000 	C:\Program Files\Java\jdk1.7.0_67\jre\bin\kcms.dll
0x00007ffd87330000 - 0x00007ffd874b9000 	C:\Windows\SYSTEM32\dbghelp.dll

VM Arguments:
java_command: br.usp.icmc.vicg.gl.app.App
Launcher Type: SUN_STANDARD

Environment Variables:
JAVA_HOME=C:\Program Files\Java\jdk1.7.0_67
PATH=C:\Program Files (x86)\Intel\iCLS Client\;C:\Program Files\Intel\iCLS Client\;C:\Windows\system32;C:\Windows;C:\Windows\System32\Wbem;C:\Windows\System32\WindowsPowerShell\v1.0\;C:\Program Files (x86)\EgisTec BioExcess\x64;C:\Program Files (x86)\EgisTec BioExcess\;C:\Program Files\Intel\Intel(R) Management Engine Components\DAL;C:\Program Files\Intel\Intel(R) Management Engine Components\IPT;C:\Program Files (x86)\Intel\Intel(R) Management Engine Components\DAL;C:\Program Files (x86)\Intel\Intel(R) Management Engine Components\IPT;C:\Program Files (x86)\NVIDIA Corporation\PhysX\Common;C:\Program Files (x86)\Brackets\command;C:\Program Files\Latex\miktex\bin\x64\
USERNAME=Avell G1743 MAX
OS=Windows_NT
PROCESSOR_IDENTIFIER=Intel64 Family 6 Model 60 Stepping 3, GenuineIntel



---------------  S Y S T E M  ---------------

OS: Windows 8.1 , 64 bit Build 9600 

CPU:total 8 (4 cores per cpu, 2 threads per core) family 6 model 60 stepping 3, cmov, cx8, fxsr, mmx, sse, sse2, sse3, ssse3, sse4.1, sse4.2, popcnt, avx, avx2, aes, erms, ht, tsc, tscinvbit

Memory: 4k page, physical 8342216k(3248952k free), swap 9652936k(2763708k free)

vm_info: Java HotSpot(TM) 64-Bit Server VM (24.65-b04) for windows-amd64 JRE (1.7.0_67-b01), built on Jul 25 2014 08:55:00 by "java_re" with unknown MS VC++:1600

time: Tue Jun 23 04:01:32 2015
elapsed time: 8 seconds

