#
# A fatal error has been detected by the Java Runtime Environment:
#
#  EXCEPTION_ACCESS_VIOLATION (0xc0000005) at pc=0x000000005485fb3e, pid=6488, tid=4704
#
# JRE version: Java(TM) SE Runtime Environment (7.0_67-b01) (build 1.7.0_67-b01)
# Java VM: Java HotSpot(TM) 64-Bit Server VM (24.65-b04 mixed mode windows-amd64 compressed oops)
# Problematic frame:
# C  [nvoglv64.DLL+0xacfb3e]
#
# Failed to write core dump. Minidumps are not enabled by default on client versions of Windows
#
# If you would like to submit a bug report, please visit:
#   http://bugreport.sun.com/bugreport/crash.jsp
# The crash happened outside the Java Virtual Machine in native code.
# See problematic frame for where to report the bug.
#

---------------  T H R E A D  ---------------

Current thread (0x000000000dc2d800):  JavaThread "AWT-EventQueue-0" [_thread_in_native, id=4704, stack(0x000000000fe60000,0x000000000ff60000)]

siginfo: ExceptionCode=0xc0000005, reading address 0x000000001408fffc

Registers:
RAX=0x0000000000000000, RBX=0x0000000000060000, RCX=0x0000000000000102, RDX=0x0000000000000102
RSP=0x000000000ff5da40, RBP=0x0000000012540000, RSI=0x0000000000060000, RDI=0x0000000013f10040
R8 =0x0000000000000000, R9 =0x0000000000000000, R10=0x0000000000000010, R11=0x0000000013f10000
R12=0x0000000000000000, R13=0x0000000000000004, R14=0x0000000000000010, R15=0x00000000111a8dc0
RIP=0x000000005485fb3e, EFLAGS=0x0000000000010246

Top of Stack: (sp=0x000000000ff5da40)
0x000000000ff5da40:   0000000012efbf10 0000000000000000
0x000000000ff5da50:   0000000000000000 0000000000000000
0x000000000ff5da60:   0000000000000000 00000000548f6955
0x000000000ff5da70:   0000000000060000 0000000000001405
0x000000000ff5da80:   00000000ffffffff 0000000012540000
0x000000000ff5da90:   0000000000001405 0000000000000000
0x000000000ff5daa0:   000000000ff5db00 000000000ff5dab0
0x000000000ff5dab0:   00000000111a8dc0 0000000012ee1038
0x000000000ff5dac0:   000000077bf1a520 0000000012540000
0x000000000ff5dad0:   000000000dc2d800 000000077bf1a520
0x000000000ff5dae0:   0000000000000000 0000000000001405
0x000000000ff5daf0:   0000000000000004 000000005453f031
0x000000000ff5db00:   0000000000000004 0000000012540000
0x000000000ff5db10:   0000000000000000 000000000ff5dc50
0x000000000ff5db20:   0000000700060000 0000000000001405
0x000000000ff5db30:   0000000000000000 0000000000000000 

Instructions: (pc=0x000000005485fb3e)
0x000000005485fb1e:   00 00 8b 0f 48 83 c7 04 44 3b c1 8b c1 41 0f 42
0x000000005485fb2e:   c0 3b d1 0f 47 ca 44 8b c0 8b d1 49 ff c9 75 e2
0x000000005485fb3e:   41 3b 54 b3 fc 41 0f 46 54 b3 fc 8b c2 41 2b c0
0x000000005485fb4e:   3d 00 00 01 00 0f 83 b4 02 00 00 ff c0 3b c6 0f 


Register to memory mapping:

RAX=0x0000000000000000 is an unknown value
RBX=0x0000000000060000 is an unknown value
RCX=0x0000000000000102 is an unknown value
RDX=0x0000000000000102 is an unknown value
RSP=0x000000000ff5da40 is pointing into the stack for thread: 0x000000000dc2d800
RBP=0x0000000012540000 is pointing into the stack for thread: 0x000000000e0c5800
RSI=0x0000000000060000 is an unknown value
RDI=0x0000000013f10040 is an unknown value
R8 =0x0000000000000000 is an unknown value
R9 =0x0000000000000000 is an unknown value
R10=0x0000000000000010 is an unknown value
R11=0x0000000013f10000 is an unknown value
R12=0x0000000000000000 is an unknown value
R13=0x0000000000000004 is an unknown value
R14=0x0000000000000010 is an unknown value
R15=0x00000000111a8dc0 is an unknown value


Stack: [0x000000000fe60000,0x000000000ff60000],  sp=0x000000000ff5da40,  free space=1014k
Native frames: (J=compiled Java code, j=interpreted, Vv=VM code, C=native code)
C  [nvoglv64.DLL+0xacfb3e]

Java frames: (J=compiled Java code, j=interpreted, Vv=VM code)
j  jogamp.opengl.gl4.GL4bcImpl.dispatch_glDrawElements1(IIIJJ)V+0
j  jogamp.opengl.gl4.GL4bcImpl.glDrawElements(IIIJ)V+47
j  br.usp.icmc.vicg.gl.app.Terrain.draw()V+278
j  br.usp.icmc.vicg.gl.app.App.display(Ljavax/media/opengl/GLAutoDrawable;)V+220
j  jogamp.opengl.GLDrawableHelper.displayImpl(Ljavax/media/opengl/GLAutoDrawable;)V+58
j  jogamp.opengl.GLDrawableHelper.display(Ljavax/media/opengl/GLAutoDrawable;)V+2
j  javax.media.opengl.awt.GLCanvas$7.run()V+118
j  jogamp.opengl.GLDrawableHelper.invokeGLImpl(Ljavax/media/opengl/GLDrawable;Ljavax/media/opengl/GLContext;Ljava/lang/Runnable;Ljava/lang/Runnable;Ljavax/media/opengl/GLAutoDrawable;)V+137
j  jogamp.opengl.GLDrawableHelper.invokeGL(Ljavax/media/opengl/GLDrawable;Ljavax/media/opengl/GLContext;Ljava/lang/Runnable;Ljava/lang/Runnable;)V+85
j  javax.media.opengl.awt.GLCanvas$8.run()V+49
j  java.awt.event.InvocationEvent.dispatch()V+11
j  java.awt.EventQueue.dispatchEventImpl(Ljava/awt/AWTEvent;Ljava/lang/Object;)V+21
j  java.awt.EventQueue.access$200(Ljava/awt/EventQueue;Ljava/awt/AWTEvent;Ljava/lang/Object;)V+3
j  java.awt.EventQueue$3.run()Ljava/lang/Void;+12
j  java.awt.EventQueue$3.run()Ljava/lang/Object;+1
v  ~StubRoutines::call_stub
j  java.security.AccessController.doPrivileged(Ljava/security/PrivilegedAction;Ljava/security/AccessControlContext;)Ljava/lang/Object;+0
j  java.security.ProtectionDomain$1.doIntersectionPrivilege(Ljava/security/PrivilegedAction;Ljava/security/AccessControlContext;Ljava/security/AccessControlContext;)Ljava/lang/Object;+28
j  java.awt.EventQueue.dispatchEvent(Ljava/awt/AWTEvent;)V+46
j  java.awt.EventDispatchThread.pumpOneEventForFilters(I)V+245
j  java.awt.EventDispatchThread.pumpEventsForFilter(ILjava/awt/Conditional;Ljava/awt/EventFilter;)V+35
j  java.awt.EventDispatchThread.pumpEventsForHierarchy(ILjava/awt/Conditional;Ljava/awt/Component;)V+11
j  java.awt.EventDispatchThread.pumpEvents(ILjava/awt/Conditional;)V+4
j  java.awt.EventDispatchThread.pumpEvents(Ljava/awt/Conditional;)V+3
j  java.awt.EventDispatchThread.run()V+9
v  ~StubRoutines::call_stub

---------------  P R O C E S S  ---------------

Java Threads: ( => current thread )
  0x00000000024d2800 JavaThread "DestroyJavaVM" [_thread_blocked, id=6284, stack(0x00000000023a0000,0x00000000024a0000)]
  0x000000000e0c5800 JavaThread "Timer-0" [_thread_blocked, id=7884, stack(0x0000000012440000,0x0000000012540000)]
  0x000000000e0bf000 JavaThread "D3D Screen Updater" daemon [_thread_blocked, id=5832, stack(0x0000000011f00000,0x0000000012000000)]
  0x000000000dbf7000 JavaThread "main-SharedResourceRunner" daemon [_thread_blocked, id=7524, stack(0x0000000010750000,0x0000000010850000)]
=>0x000000000dc2d800 JavaThread "AWT-EventQueue-0" [_thread_in_native, id=4704, stack(0x000000000fe60000,0x000000000ff60000)]
  0x000000000dc14800 JavaThread "AWT-Windows" daemon [_thread_in_native, id=6724, stack(0x000000000e6e0000,0x000000000e7e0000)]
  0x000000000d012800 JavaThread "AWT-Shutdown" [_thread_blocked, id=4316, stack(0x000000000e5e0000,0x000000000e6e0000)]
  0x000000000d011800 JavaThread "Java2D Disposer" daemon [_thread_blocked, id=7864, stack(0x000000000e4e0000,0x000000000e5e0000)]
  0x00000000025ce800 JavaThread "Service Thread" daemon [_thread_blocked, id=2996, stack(0x000000000d600000,0x000000000d700000)]
  0x00000000025c6800 JavaThread "C2 CompilerThread1" daemon [_thread_blocked, id=312, stack(0x000000000d500000,0x000000000d600000)]
  0x00000000025c4000 JavaThread "C2 CompilerThread0" daemon [_thread_blocked, id=224, stack(0x000000000d400000,0x000000000d500000)]
  0x000000000ce21800 JavaThread "Attach Listener" daemon [_thread_blocked, id=2972, stack(0x000000000d300000,0x000000000d400000)]
  0x00000000025bb800 JavaThread "Signal Dispatcher" daemon [_thread_blocked, id=8112, stack(0x000000000d200000,0x000000000d300000)]
  0x000000000ae30000 JavaThread "Finalizer" daemon [_thread_blocked, id=5212, stack(0x000000000cd00000,0x000000000ce00000)]
  0x000000000ae29800 JavaThread "Reference Handler" daemon [_thread_blocked, id=2800, stack(0x000000000cc00000,0x000000000cd00000)]

Other Threads:
  0x000000000ae25800 VMThread [stack: 0x000000000cb00000,0x000000000cc00000] [id=7004]
  0x000000000ce50800 WatcherThread [stack: 0x000000000d700000,0x000000000d800000] [id=652]

VM state:not at safepoint (normal execution)

VM Mutex/Monitor currently owned by a thread: None

Heap
 PSYoungGen      total 458752K, used 225421K [0x00000007d5880000, 0x00000007fe480000, 0x0000000800000000)
  eden space 289792K, 67% used [0x00000007d5880000,0x00000007e16435f0,0x00000007e7380000)
  from space 168960K, 18% used [0x00000007f3f80000,0x00000007f5de0060,0x00000007fe480000)
  to   space 188928K, 0% used [0x00000007e7380000,0x00000007e7380000,0x00000007f2c00000)
 ParOldGen       total 390656K, used 200799K [0x0000000780a00000, 0x0000000798780000, 0x00000007d5880000)
  object space 390656K, 51% used [0x0000000780a00000,0x000000078ce17e58,0x0000000798780000)
 PSPermGen       total 39424K, used 18543K [0x000000077b800000, 0x000000077de80000, 0x0000000780a00000)
  object space 39424K, 47% used [0x000000077b800000,0x000000077ca1bde8,0x000000077de80000)

Card table byte_map: [0x0000000005690000,0x0000000005ac0000] byte_map_base: 0x0000000001ab4000

Polling page: 0x0000000000c40000

Code Cache  [0x00000000025d0000, 0x0000000002840000, 0x00000000055d0000)
 total_blobs=991 nmethods=263 adapters=680 free_code_cache=47481Kb largest_free_block=48572416

Compilation events (10 events):
Event: 7.797 Thread 0x00000000025c4000 nmethod 265 0x0000000002711cd0 code [0x0000000002711e20, 0x0000000002711fc8]
Event: 7.810 Thread 0x00000000025c6800 nmethod 263 0x000000000270c590 code [0x000000000270c8c0, 0x000000000270d9b0]
Event: 7.836 Thread 0x00000000025c4000  266 %           br.usp.icmc.vicg.gl.model.jwavefront.JWavefrontModel::create_vao @ 172 (707 bytes)
Event: 7.851 Thread 0x00000000025c4000 nmethod 266% 0x000000000270f690 code [0x000000000270f900, 0x0000000002710a10]
Event: 7.994 Thread 0x00000000025c6800  267             br.usp.icmc.vicg.gl.model.jwavefront.JWavefrontModel::create_vao (707 bytes)
Event: 7.997 Thread 0x00000000025c4000  268             java.nio.Buffer::limit (5 bytes)
Event: 7.997 Thread 0x00000000025c4000 nmethod 268 0x00000000026a1110 code [0x00000000026a1240, 0x00000000026a1298]
Event: 8.016 Thread 0x00000000025c4000  269   !         java.util.zip.InflaterInputStream::read (138 bytes)
Event: 8.018 Thread 0x00000000025c6800 nmethod 267 0x000000000274fd90 code [0x0000000002750020, 0x0000000002751970]
Event: 8.026 Thread 0x00000000025c4000 nmethod 269 0x000000000274dd50 code [0x000000000274df40, 0x000000000274f110]

GC Heap History (10 events):
Event: 3.375 GC heap before
{Heap before GC invocations=17 (full 2):
 PSYoungGen      total 253440K, used 253436K [0x00000007d5880000, 0x00000007ebe80000, 0x0000000800000000)
  eden space 182272K, 100% used [0x00000007d5880000,0x00000007e0a80000,0x00000007e0a80000)
  from space 71168K, 99% used [0x00000007e5d00000,0x00000007ea27f1f0,0x00000007ea280000)
  to   space 84480K, 0% used [0x00000007e0a80000,0x00000007e0a80000,0x00000007e5d00000)
 ParOldGen       total 177152K, used 35781K [0x0000000780a00000, 0x000000078b700000, 0x00000007d5880000)
  object space 177152K, 20% used [0x0000000780a00000,0x0000000782cf17d0,0x000000078b700000)
 PSPermGen       total 40960K, used 18292K [0x000000077b800000, 0x000000077e000000, 0x0000000780a00000)
  object space 40960K, 44% used [0x000000077b800000,0x000000077c9dd010,0x000000077e000000)
Event: 3.426 GC heap after
Heap after GC invocations=17 (full 2):
 PSYoungGen      total 266752K, used 83899K [0x00000007d5880000, 0x00000007f1900000, 0x0000000800000000)
  eden space 182272K, 0% used [0x00000007d5880000,0x00000007d5880000,0x00000007e0a80000)
  from space 84480K, 99% used [0x00000007e0a80000,0x00000007e5c6ee60,0x00000007e5d00000)
  to   space 98816K, 0% used [0x00000007eb880000,0x00000007eb880000,0x00000007f1900000)
 ParOldGen       total 177152K, used 42061K [0x0000000780a00000, 0x000000078b700000, 0x00000007d5880000)
  object space 177152K, 23% used [0x0000000780a00000,0x00000007833137d0,0x000000078b700000)
 PSPermGen       total 40960K, used 18292K [0x000000077b800000, 0x000000077e000000, 0x0000000780a00000)
  object space 40960K, 44% used [0x000000077b800000,0x000000077c9dd010,0x000000077e000000)
}
Event: 3.601 GC heap before
{Heap before GC invocations=18 (full 2):
 PSYoungGen      total 266752K, used 254383K [0x00000007d5880000, 0x00000007f1900000, 0x0000000800000000)
  eden space 182272K, 93% used [0x00000007d5880000,0x00000007dfefcdd8,0x00000007e0a80000)
  from space 84480K, 99% used [0x00000007e0a80000,0x00000007e5c6ee60,0x00000007e5d00000)
  to   space 98816K, 0% used [0x00000007eb880000,0x00000007eb880000,0x00000007f1900000)
 ParOldGen       total 177152K, used 42061K [0x0000000780a00000, 0x000000078b700000, 0x00000007d5880000)
  object space 177152K, 23% used [0x0000000780a00000,0x00000007833137d0,0x000000078b700000)
 PSPermGen       total 40960K, used 18294K [0x000000077b800000, 0x000000077e000000, 0x0000000780a00000)
  object space 40960K, 44% used [0x000000077b800000,0x000000077c9dd938,0x000000077e000000)
Event: 3.658 GC heap after
Heap after GC invocations=18 (full 2):
 PSYoungGen      total 336384K, used 98813K [0x00000007d5880000, 0x00000007f4880000, 0x0000000800000000)
  eden space 237568K, 0% used [0x00000007d5880000,0x00000007d5880000,0x00000007e4080000)
  from space 98816K, 99% used [0x00000007eb880000,0x00000007f18ff568,0x00000007f1900000)
  to   space 122880K, 0% used [0x00000007e4080000,0x00000007e4080000,0x00000007eb880000)
 ParOldGen       total 177152K, used 60308K [0x0000000780a00000, 0x000000078b700000, 0x00000007d5880000)
  object space 177152K, 34% used [0x0000000780a00000,0x00000007844e50c8,0x000000078b700000)
 PSPermGen       total 40960K, used 18294K [0x000000077b800000, 0x000000077e000000, 0x0000000780a00000)
  object space 40960K, 44% used [0x000000077b800000,0x000000077c9dd938,0x000000077e000000)
}
Event: 5.527 GC heap before
{Heap before GC invocations=19 (full 2):
 PSYoungGen      total 336384K, used 336381K [0x00000007d5880000, 0x00000007f4880000, 0x0000000800000000)
  eden space 237568K, 100% used [0x00000007d5880000,0x00000007e4080000,0x00000007e4080000)
  from space 98816K, 99% used [0x00000007eb880000,0x00000007f18ff568,0x00000007f1900000)
  to   space 122880K, 0% used [0x00000007e4080000,0x00000007e4080000,0x00000007eb880000)
 ParOldGen       total 177152K, used 60308K [0x0000000780a00000, 0x000000078b700000, 0x00000007d5880000)
  object space 177152K, 34% used [0x0000000780a00000,0x00000007844e50c8,0x000000078b700000)
 PSPermGen       total 40960K, used 18358K [0x000000077b800000, 0x000000077e000000, 0x0000000780a00000)
  object space 40960K, 44% used [0x000000077b800000,0x000000077c9ed930,0x000000077e000000)
Event: 5.604 GC heap after
Heap after GC invocations=19 (full 2):
 PSYoungGen      total 360448K, used 122877K [0x00000007d5880000, 0x00000007fff00000, 0x0000000800000000)
  eden space 237568K, 0% used [0x00000007d5880000,0x00000007d5880000,0x00000007e4080000)
  from space 122880K, 99% used [0x00000007e4080000,0x00000007eb87f5c8,0x00000007eb880000)
  to   space 196096K, 0% used [0x00000007f3f80000,0x00000007f3f80000,0x00000007fff00000)
 ParOldGen       total 201216K, used 200620K [0x0000000780a00000, 0x000000078ce80000, 0x00000007d5880000)
  object space 201216K, 99% used [0x0000000780a00000,0x000000078cdeb108,0x000000078ce80000)
 PSPermGen       total 40960K, used 18358K [0x000000077b800000, 0x000000077e000000, 0x0000000780a00000)
  object space 40960K, 44% used [0x000000077b800000,0x000000077c9ed930,0x000000077e000000)
}
Event: 5.604 GC heap before
{Heap before GC invocations=20 (full 3):
 PSYoungGen      total 360448K, used 122877K [0x00000007d5880000, 0x00000007fff00000, 0x0000000800000000)
  eden space 237568K, 0% used [0x00000007d5880000,0x00000007d5880000,0x00000007e4080000)
  from space 122880K, 99% used [0x00000007e4080000,0x00000007eb87f5c8,0x00000007eb880000)
  to   space 196096K, 0% used [0x00000007f3f80000,0x00000007f3f80000,0x00000007fff00000)
 ParOldGen       total 201216K, used 200620K [0x0000000780a00000, 0x000000078ce80000, 0x00000007d5880000)
  object space 201216K, 99% used [0x0000000780a00000,0x000000078cdeb108,0x000000078ce80000)
 PSPermGen       total 40960K, used 18358K [0x000000077b800000, 0x000000077e000000, 0x0000000780a00000)
  object space 40960K, 44% used [0x000000077b800000,0x000000077c9ed930,0x000000077e000000)
Event: 6.435 GC heap after
Heap after GC invocations=20 (full 3):
 PSYoungGen      total 360448K, used 6136K [0x00000007d5880000, 0x00000007fff00000, 0x0000000800000000)
  eden space 237568K, 0% used [0x00000007d5880000,0x00000007d5880000,0x00000007e4080000)
  from space 122880K, 4% used [0x00000007e4080000,0x00000007e467e168,0x00000007eb880000)
  to   space 196096K, 0% used [0x00000007f3f80000,0x00000007f3f80000,0x00000007fff00000)
 ParOldGen       total 390656K, used 200799K [0x0000000780a00000, 0x0000000798780000, 0x00000007d5880000)
  object space 390656K, 51% used [0x0000000780a00000,0x000000078ce17e58,0x0000000798780000)
 PSPermGen       total 39424K, used 18358K [0x000000077b800000, 0x000000077de80000, 0x0000000780a00000)
  object space 39424K, 46% used [0x000000077b800000,0x000000077c9ed8b0,0x000000077de80000)
}
Event: 7.364 GC heap before
{Heap before GC invocations=21 (full 3):
 PSYoungGen      total 360448K, used 243704K [0x00000007d5880000, 0x00000007fff00000, 0x0000000800000000)
  eden space 237568K, 100% used [0x00000007d5880000,0x00000007e4080000,0x00000007e4080000)
  from space 122880K, 4% used [0x00000007e4080000,0x00000007e467e168,0x00000007eb880000)
  to   space 196096K, 0% used [0x00000007f3f80000,0x00000007f3f80000,0x00000007fff00000)
 ParOldGen       total 390656K, used 200799K [0x0000000780a00000, 0x0000000798780000, 0x00000007d5880000)
  object space 390656K, 51% used [0x0000000780a00000,0x000000078ce17e58,0x0000000798780000)
 PSPermGen       total 39424K, used 18359K [0x000000077b800000, 0x000000077de80000, 0x0000000780a00000)
  object space 39424K, 46% used [0x000000077b800000,0x000000077c9edcd0,0x000000077de80000)
Event: 7.387 GC heap after
Heap after GC invocations=21 (full 3):
 PSYoungGen      total 458752K, used 31104K [0x00000007d5880000, 0x00000007fe480000, 0x0000000800000000)
  eden space 289792K, 0% used [0x00000007d5880000,0x00000007d5880000,0x00000007e7380000)
  from space 168960K, 18% used [0x00000007f3f80000,0x00000007f5de0060,0x00000007fe480000)
  to   space 188928K, 0% used [0x00000007e7380000,0x00000007e7380000,0x00000007f2c00000)
 ParOldGen       total 390656K, used 200799K [0x0000000780a00000, 0x0000000798780000, 0x00000007d5880000)
  object space 390656K, 51% used [0x0000000780a00000,0x000000078ce17e58,0x0000000798780000)
 PSPermGen       total 39424K, used 18359K [0x000000077b800000, 0x000000077de80000, 0x0000000780a00000)
  object space 39424K, 46% used [0x000000077b800000,0x000000077c9edcd0,0x000000077de80000)
}

Deoptimization events (10 events):
Event: 4.860 Thread 0x000000000dc2d800 Uncommon trap: reason=class_check action=maybe_recompile pc=0x00000000026dac74 method=com.sun.imageio.plugins.common.SubImageInputStream.read([BII)I @ 25
Event: 4.860 Thread 0x000000000dc2d800 Uncommon trap: reason=class_check action=maybe_recompile pc=0x00000000026db530 method=com.sun.imageio.plugins.common.SubImageInputStream.read([BII)I @ 25
Event: 4.860 Thread 0x000000000dc2d800 Uncommon trap: reason=class_check action=maybe_recompile pc=0x00000000026dce78 method=java.io.BufferedInputStream.fill()V @ 175
Event: 4.861 Thread 0x000000000dc2d800 Uncommon trap: reason=class_check action=maybe_recompile pc=0x00000000026dce78 method=java.io.BufferedInputStream.fill()V @ 175
Event: 4.861 Thread 0x000000000dc2d800 Uncommon trap: reason=class_check action=maybe_recompile pc=0x00000000026dce78 method=java.io.BufferedInputStream.fill()V @ 175
Event: 5.222 Thread 0x000000000dc2d800 Uncommon trap: reason=unreached action=reinterpret pc=0x00000000026c6410 method=java.awt.image.ComponentColorModel.getDataElements(ILjava/lang/Object;)Ljava/lang/Object; @ 2993
Event: 8.000 Thread 0x000000000dc2d800 Uncommon trap: reason=class_check action=maybe_recompile pc=0x00000000026de48c method=java.util.zip.InflaterInputStream.read([BII)I @ 100
Event: 8.001 Thread 0x000000000dc2d800 Uncommon trap: reason=class_check action=maybe_recompile pc=0x00000000026de48c method=java.util.zip.InflaterInputStream.read([BII)I @ 100
Event: 8.001 Thread 0x000000000dc2d800 Uncommon trap: reason=class_check action=maybe_recompile pc=0x00000000026de48c method=java.util.zip.InflaterInputStream.read([BII)I @ 100
Event: 8.016 Thread 0x000000000e0c5800 Uncommon trap: reason=class_check action=maybe_recompile pc=0x00000000026de48c method=java.util.zip.InflaterInputStream.read([BII)I @ 100

Internal exceptions (10 events):
Event: 4.058 Thread 0x000000000dc2d800 Threw 0x00000007d7aeb5c0 at C:\re\jdk7u67\1368\hotspot\src\share\vm\prims\jvm.cpp:1244
Event: 4.058 Thread 0x000000000dc2d800 Threw 0x00000007d7aed4b8 at C:\re\jdk7u67\1368\hotspot\src\share\vm\prims\jvm.cpp:1244
Event: 4.059 Thread 0x000000000dc2d800 Threw 0x00000007d7af2558 at C:\re\jdk7u67\1368\hotspot\src\share\vm\prims\jvm.cpp:1244
Event: 4.059 Thread 0x000000000dc2d800 Threw 0x00000007d7af8710 at C:\re\jdk7u67\1368\hotspot\src\share\vm\prims\jvm.cpp:1244
Event: 4.060 Thread 0x000000000dc2d800 Threw 0x00000007d7afe760 at C:\re\jdk7u67\1368\hotspot\src\share\vm\prims\jvm.cpp:1244
Event: 5.222 Thread 0x000000000dc2d800 Implicit null exception at 0x00000000026c2a7a to 0x00000000026c63f9
Event: 7.828 Thread 0x000000000dc2d800 Threw 0x00000007dc5d1540 at C:\re\jdk7u67\1368\hotspot\src\share\vm\prims\jvm.cpp:1244
Event: 7.830 Thread 0x000000000dc2d800 Threw 0x00000007dc5d3910 at C:\re\jdk7u67\1368\hotspot\src\share\vm\prims\jvm.cpp:1244
Event: 8.000 Thread 0x000000000dc2d800 Threw 0x00000007dc68ea30 at C:\re\jdk7u67\1368\hotspot\src\share\vm\prims\jvm.cpp:1244
Event: 8.016 Thread 0x000000000e0c5800 Threw 0x00000007e0ea2340 at C:\re\jdk7u67\1368\hotspot\src\share\vm\prims\jvm.cpp:1244

Events (10 events):
Event: 8.028 loading class 0x0000000002549e00
Event: 8.028 loading class 0x0000000002549e00 done
Event: 8.028 loading class 0x000000000e2592d0
Event: 8.028 loading class 0x000000000e2592d0 done
Event: 8.028 loading class 0x000000000ddf6130
Event: 8.028 loading class 0x000000000ddf6130 done
Event: 8.028 loading class 0x000000000df4c920
Event: 8.028 loading class 0x000000000e259860
Event: 8.028 loading class 0x000000000e259860 done
Event: 8.028 loading class 0x000000000df4c920 done


Dynamic libraries:
0x00007ff69a9b0000 - 0x00007ff69a9e3000 	C:\Program Files\Java\jdk1.7.0_67\bin\java.exe
0x00007ffda05c0000 - 0x00007ffda076c000 	C:\Windows\SYSTEM32\ntdll.dll
0x00007ffda0050000 - 0x00007ffda018e000 	C:\Windows\system32\KERNEL32.DLL
0x00007ffd9d940000 - 0x00007ffd9da55000 	C:\Windows\system32\KERNELBASE.dll
0x00007ffd9c110000 - 0x00007ffd9c19e000 	C:\Windows\system32\apphelp.dll
0x00007ffd91620000 - 0x00007ffd91673000 	C:\Windows\AppPatch\AppPatch64\AcGenral.DLL
0x00007ffd9fa50000 - 0x00007ffd9fafa000 	C:\Windows\system32\msvcrt.dll
0x00007ffd9d5b0000 - 0x00007ffd9d5de000 	C:\Windows\SYSTEM32\SspiCli.dll
0x00007ffd9e1a0000 - 0x00007ffd9e1f4000 	C:\Windows\system32\SHLWAPI.dll
0x00007ffda0440000 - 0x00007ffda05b7000 	C:\Windows\system32\USER32.dll
0x00007ffd9fbd0000 - 0x00007ffd9fd64000 	C:\Windows\system32\ole32.dll
0x00007ffd9e310000 - 0x00007ffd9f828000 	C:\Windows\system32\SHELL32.dll
0x00007ffd9cd30000 - 0x00007ffd9cd51000 	C:\Windows\SYSTEM32\USERENV.dll
0x00007ffd9ffa0000 - 0x00007ffda004a000 	C:\Windows\system32\ADVAPI32.dll
0x00007ffd928b0000 - 0x00007ffd928ce000 	C:\Windows\SYSTEM32\MPR.dll
0x00007ffd9dc40000 - 0x00007ffd9dd81000 	C:\Windows\system32\RPCRT4.dll
0x00007ffda0190000 - 0x00007ffda01e9000 	C:\Windows\SYSTEM32\sechost.dll
0x00007ffd9f830000 - 0x00007ffd9fa41000 	C:\Windows\SYSTEM32\combase.dll
0x00007ffd9fe30000 - 0x00007ffd9ff81000 	C:\Windows\system32\GDI32.dll
0x00007ffd9d710000 - 0x00007ffd9d725000 	C:\Windows\SYSTEM32\profapi.dll
0x00007ffd9c020000 - 0x00007ffd9c0d2000 	C:\Windows\SYSTEM32\SHCORE.dll
0x00007ffd9e2d0000 - 0x00007ffd9e306000 	C:\Windows\system32\IMM32.DLL
0x00007ffd9ddb0000 - 0x00007ffd9df02000 	C:\Windows\system32\MSCTF.dll
0x00007ffd996b0000 - 0x00007ffd9992a000 	C:\Windows\WinSxS\amd64_microsoft.windows.common-controls_6595b64144ccf1df_6.0.9600.17810_none_6240b9c7ecbd0bda\COMCTL32.dll
0x0000000055f40000 - 0x0000000056012000 	C:\Program Files\Java\jdk1.7.0_67\jre\bin\msvcr100.dll
0x0000000056020000 - 0x00000000567f2000 	C:\Program Files\Java\jdk1.7.0_67\jre\bin\server\jvm.dll
0x00007ffd9c8a0000 - 0x00007ffd9c8a9000 	C:\Windows\SYSTEM32\WSOCK32.dll
0x00007ffd99e90000 - 0x00007ffd99eb2000 	C:\Windows\SYSTEM32\WINMM.dll
0x00007ffda0430000 - 0x00007ffda0437000 	C:\Windows\system32\PSAPI.DLL
0x00007ffd9e140000 - 0x00007ffd9e19a000 	C:\Windows\system32\WS2_32.dll
0x00007ffd99670000 - 0x00007ffd9969a000 	C:\Windows\SYSTEM32\WINMMBASE.dll
0x00007ffd9e130000 - 0x00007ffd9e139000 	C:\Windows\system32\NSI.dll
0x00007ffd9d8f0000 - 0x00007ffd9d93f000 	C:\Windows\SYSTEM32\cfgmgr32.dll
0x00007ffd9c360000 - 0x00007ffd9c388000 	C:\Windows\SYSTEM32\DEVOBJ.dll
0x0000000055ef0000 - 0x0000000055eff000 	C:\Program Files\Java\jdk1.7.0_67\jre\bin\verify.dll
0x0000000055ec0000 - 0x0000000055ee8000 	C:\Program Files\Java\jdk1.7.0_67\jre\bin\java.dll
0x0000000055ea0000 - 0x0000000055eb5000 	C:\Program Files\Java\jdk1.7.0_67\jre\bin\zip.dll
0x00007ffd9d050000 - 0x00007ffd9d070000 	C:\Windows\SYSTEM32\CRYPTSP.dll
0x00007ffd9cc20000 - 0x00007ffd9cc56000 	C:\Windows\system32\rsaenh.dll
0x00007ffd9d2a0000 - 0x00007ffd9d2c6000 	C:\Windows\SYSTEM32\bcrypt.dll
0x00007ffd9d5e0000 - 0x00007ffd9d643000 	C:\Windows\system32\bcryptprimitives.dll
0x00007ffd9d650000 - 0x00007ffd9d65b000 	C:\Windows\SYSTEM32\CRYPTBASE.dll
0x0000000055e80000 - 0x0000000055e99000 	C:\Program Files\Java\jdk1.7.0_67\jre\bin\net.dll
0x00007ffd9cff0000 - 0x00007ffd9d049000 	C:\Windows\system32\mswsock.dll
0x00007ffd95c90000 - 0x00007ffd95cba000 	C:\Windows\SYSTEM32\IPHLPAPI.DLL
0x00007ffd95c70000 - 0x00007ffd95c7a000 	C:\Windows\SYSTEM32\WINNSI.DLL
0x00007ffd95b20000 - 0x00007ffd95b36000 	C:\Windows\SYSTEM32\dhcpcsvc6.DLL
0x00007ffd95b00000 - 0x00007ffd95b1a000 	C:\Windows\SYSTEM32\dhcpcsvc.DLL
0x0000000055e60000 - 0x0000000055e71000 	C:\Program Files\Java\jdk1.7.0_67\jre\bin\nio.dll
0x00000000637c0000 - 0x00000000637ca000 	C:\Users\Avell G1743 MAX\AppData\Local\Temp\jogamp_0000\file_cache\jln7327840846238802590\jln7991352720223487802\gluegen-rt.dll
0x0000000055cc0000 - 0x0000000055e55000 	C:\Program Files\Java\jdk1.7.0_67\jre\bin\awt.dll
0x00007ffd9fb00000 - 0x00007ffd9fbc1000 	C:\Windows\system32\OLEAUT32.dll
0x00007ffd9c1b0000 - 0x00007ffd9c2d9000 	C:\Windows\system32\uxtheme.dll
0x00007ffd9a250000 - 0x00007ffd9a271000 	C:\Windows\system32\dwmapi.dll
0x00007ffd9c3b0000 - 0x00007ffd9c3bb000 	C:\Windows\SYSTEM32\kernel.appcore.dll
0x0000000053d80000 - 0x0000000053d87000 	C:\Program Files\Java\jdk1.7.0_67\jre\bin\jawt.dll
0x000000006a440000 - 0x000000006a44b000 	C:\Users\Avell G1743 MAX\AppData\Local\Temp\jogamp_0000\file_cache\jln7327840846238802590\jln7991352720223487802\nativewindow_awt.dll
0x00007ffd939a0000 - 0x00007ffd93bc1000 	C:\Windows\system32\d3d9.dll
0x00007ffd9a240000 - 0x00007ffd9a24a000 	C:\Windows\SYSTEM32\VERSION.dll
0x00007ffd80340000 - 0x00007ffd8124f000 	C:\Windows\SYSTEM32\nvd3dumx.dll
0x0000000180000000 - 0x0000000180188000 	C:\Windows\system32\nvspcap64.dll
0x00007ffda01f0000 - 0x00007ffda03ca000 	C:\Windows\system32\SETUPAPI.dll
0x00007ffd9cd60000 - 0x00007ffd9cda6000 	C:\Windows\system32\powrprof.dll
0x00007ffd99930000 - 0x00007ffd99a8d000 	C:\Program Files (x86)\NVIDIA Corporation\3D Vision\nvSCPAPI64.dll
0x000000006c100000 - 0x000000006c10b000 	C:\Users\Avell G1743 MAX\AppData\Local\Temp\jogamp_0000\file_cache\jln7327840846238802590\jln7991352720223487802\nativewindow_win32.dll
0x00007ffd90ac0000 - 0x00007ffd90beb000 	C:\Windows\SYSTEM32\OpenGL32.dll
0x00007ffd974a0000 - 0x00007ffd974ce000 	C:\Windows\SYSTEM32\GLU32.dll
0x00007ffd90100000 - 0x00007ffd901f8000 	C:\Windows\SYSTEM32\DDRAW.dll
0x00007ffd98400000 - 0x00007ffd98409000 	C:\Windows\SYSTEM32\DCIMAN32.dll
0x0000000064500000 - 0x000000006458b000 	C:\Users\Avell G1743 MAX\AppData\Local\Temp\jogamp_0000\file_cache\jln7327840846238802590\jln7991352720223487802\jogl_desktop.dll
0x0000000053d90000 - 0x0000000055bda000 	C:\Windows\SYSTEM32\nvoglv64.DLL
0x00007ffd9c8e0000 - 0x00007ffd9c8f2000 	C:\Windows\SYSTEM32\WTSAPI32.dll
0x00007ffd9d890000 - 0x00007ffd9d8e1000 	C:\Windows\system32\WINTRUST.dll
0x00007ffd9da60000 - 0x00007ffd9dc3f000 	C:\Windows\system32\CRYPT32.dll
0x00007ffd9d7c0000 - 0x00007ffd9d7d1000 	C:\Windows\system32\MSASN1.dll
0x00007ffd991c0000 - 0x00007ffd991f2000 	C:\Windows\SYSTEM32\ntmarta.dll
0x00007ffd9cb60000 - 0x00007ffd9cbba000 	C:\Windows\SYSTEM32\WINSTA.dll
0x0000000055c70000 - 0x0000000055cb7000 	C:\Program Files\Java\jdk1.7.0_67\jre\bin\fontmanager.dll
0x0000000055c20000 - 0x0000000055c61000 	C:\Program Files\Java\jdk1.7.0_67\jre\bin\t2k.dll
0x00007ffd9fd70000 - 0x00007ffd9fe26000 	C:\Windows\SYSTEM32\clbcatq.dll
0x00007ffd9b930000 - 0x00007ffd9bade000 	C:\Windows\SYSTEM32\WindowsCodecs.dll
0x0000000053cf0000 - 0x0000000053d20000 	C:\Program Files\Java\jdk1.7.0_67\jre\bin\jpeg.dll
0x0000000053cb0000 - 0x0000000053ce9000 	C:\Program Files\Java\jdk1.7.0_67\jre\bin\kcms.dll
0x00007ffd87330000 - 0x00007ffd874b9000 	C:\Windows\SYSTEM32\dbghelp.dll

VM Arguments:
java_command: br.usp.icmc.vicg.gl.app.App
Launcher Type: SUN_STANDARD

Environment Variables:
JAVA_HOME=C:\Program Files\Java\jdk1.7.0_67
PATH=C:\Program Files (x86)\Intel\iCLS Client\;C:\Program Files\Intel\iCLS Client\;C:\Windows\system32;C:\Windows;C:\Windows\System32\Wbem;C:\Windows\System32\WindowsPowerShell\v1.0\;C:\Program Files (x86)\EgisTec BioExcess\x64;C:\Program Files (x86)\EgisTec BioExcess\;C:\Program Files\Intel\Intel(R) Management Engine Components\DAL;C:\Program Files\Intel\Intel(R) Management Engine Components\IPT;C:\Program Files (x86)\Intel\Intel(R) Management Engine Components\DAL;C:\Program Files (x86)\Intel\Intel(R) Management Engine Components\IPT;C:\Program Files (x86)\NVIDIA Corporation\PhysX\Common;C:\Program Files (x86)\Brackets\command;C:\Program Files\Latex\miktex\bin\x64\
USERNAME=Avell G1743 MAX
OS=Windows_NT
PROCESSOR_IDENTIFIER=Intel64 Family 6 Model 60 Stepping 3, GenuineIntel



---------------  S Y S T E M  ---------------

OS: Windows 8.1 , 64 bit Build 9600 

CPU:total 8 (4 cores per cpu, 2 threads per core) family 6 model 60 stepping 3, cmov, cx8, fxsr, mmx, sse, sse2, sse3, ssse3, sse4.1, sse4.2, popcnt, avx, avx2, aes, erms, ht, tsc, tscinvbit

Memory: 4k page, physical 8342216k(3111328k free), swap 9652936k(2462736k free)

vm_info: Java HotSpot(TM) 64-Bit Server VM (24.65-b04) for windows-amd64 JRE (1.7.0_67-b01), built on Jul 25 2014 08:55:00 by "java_re" with unknown MS VC++:1600

time: Tue Jun 23 04:16:09 2015
elapsed time: 8 seconds

