#
# A fatal error has been detected by the Java Runtime Environment:
#
#  EXCEPTION_ACCESS_VIOLATION (0xc0000005) at pc=0x000000001111fb3e, pid=4836, tid=5432
#
# JRE version: Java(TM) SE Runtime Environment (7.0_67-b01) (build 1.7.0_67-b01)
# Java VM: Java HotSpot(TM) 64-Bit Server VM (24.65-b04 mixed mode windows-amd64 compressed oops)
# Problematic frame:
# C  [nvoglv64.DLL+0xacfb3e]
#
# Failed to write core dump. Minidumps are not enabled by default on client versions of Windows
#
# If you would like to submit a bug report, please visit:
#   http://bugreport.sun.com/bugreport/crash.jsp
# The crash happened outside the Java Virtual Machine in native code.
# See problematic frame for where to report the bug.
#

---------------  T H R E A D  ---------------

Current thread (0x000000000d8dd800):  JavaThread "AWT-EventQueue-0" [_thread_in_native, id=5432, stack(0x000000000fd60000,0x000000000fe60000)]

siginfo: ExceptionCode=0xc0000005, reading address 0x000000001062fffc

Registers:
RAX=0x0000000000000000, RBX=0x0000000000060000, RCX=0x0000000000000102, RDX=0x0000000000000102
RSP=0x000000000fe5de70, RBP=0x00000000142c0000, RSI=0x0000000000060000, RDI=0x00000000104b0040
R8 =0x0000000000000000, R9 =0x0000000000000000, R10=0x0000000000000010, R11=0x00000000104b0000
R12=0x0000000000000000, R13=0x0000000000000004, R14=0x0000000000000010, R15=0x0000000012fa74c0
RIP=0x000000001111fb3e, EFLAGS=0x0000000000010246

Top of Stack: (sp=0x000000000fe5de70)
0x000000000fe5de70:   0000000014af6ea0 00000000126a0080
0x000000000fe5de80:   0000000000000000 0000000012f83d80
0x000000000fe5de90:   0000000000000000 00000000111b6955
0x000000000fe5dea0:   0000000000060000 0000000000001405
0x000000000fe5deb0:   00000000ffffffff 00000000142c0000
0x000000000fe5dec0:   0000000000001405 0000000000000000
0x000000000fe5ded0:   000000000fe5df30 000000000fe5dee0
0x000000000fe5dee0:   0000000014b33a18 0000000014b33a18
0x000000000fe5def0:   00000000142c0000 0000000012fa74c0
0x000000000fe5df00:   000000000d8dd800 000000077bf04098
0x000000000fe5df10:   0000000000000000 0000000000001405
0x000000000fe5df20:   0000000000000004 0000000010dff031
0x000000000fe5df30:   0000000000000004 00000000142c0000
0x000000000fe5df40:   0000000000000000 000000000fe5e080
0x000000000fe5df50:   0000000700060000 0000000000001405
0x000000000fe5df60:   0000000000000000 0000000000000000 

Instructions: (pc=0x000000001111fb3e)
0x000000001111fb1e:   00 00 8b 0f 48 83 c7 04 44 3b c1 8b c1 41 0f 42
0x000000001111fb2e:   c0 3b d1 0f 47 ca 44 8b c0 8b d1 49 ff c9 75 e2
0x000000001111fb3e:   41 3b 54 b3 fc 41 0f 46 54 b3 fc 8b c2 41 2b c0
0x000000001111fb4e:   3d 00 00 01 00 0f 83 b4 02 00 00 ff c0 3b c6 0f 


Register to memory mapping:

RAX=0x0000000000000000 is an unknown value
RBX=0x0000000000060000 is an unknown value
RCX=0x0000000000000102 is an unknown value
RDX=0x0000000000000102 is an unknown value
RSP=0x000000000fe5de70 is pointing into the stack for thread: 0x000000000d8dd800
RBP=0x00000000142c0000 is an unknown value
RSI=0x0000000000060000 is an unknown value
RDI=0x00000000104b0040 is an unknown value
R8 =0x0000000000000000 is an unknown value
R9 =0x0000000000000000 is an unknown value
R10=0x0000000000000010 is an unknown value
R11=0x00000000104b0000 is an unknown value
R12=0x0000000000000000 is an unknown value
R13=0x0000000000000004 is an unknown value
R14=0x0000000000000010 is an unknown value
R15=0x0000000012fa74c0 is an unknown value


Stack: [0x000000000fd60000,0x000000000fe60000],  sp=0x000000000fe5de70,  free space=1015k
Native frames: (J=compiled Java code, j=interpreted, Vv=VM code, C=native code)
C  [nvoglv64.DLL+0xacfb3e]

Java frames: (J=compiled Java code, j=interpreted, Vv=VM code)
j  jogamp.opengl.gl4.GL4bcImpl.dispatch_glDrawElements1(IIIJJ)V+0
j  jogamp.opengl.gl4.GL4bcImpl.glDrawElements(IIIJ)V+47
j  br.usp.icmc.vicg.gl.model.Terrain.draw()V+450
j  br.usp.icmc.vicg.gl.app.App.display(Ljavax/media/opengl/GLAutoDrawable;)V+220
j  jogamp.opengl.GLDrawableHelper.displayImpl(Ljavax/media/opengl/GLAutoDrawable;)V+58
j  jogamp.opengl.GLDrawableHelper.display(Ljavax/media/opengl/GLAutoDrawable;)V+2
j  javax.media.opengl.awt.GLCanvas$7.run()V+118
j  jogamp.opengl.GLDrawableHelper.invokeGLImpl(Ljavax/media/opengl/GLDrawable;Ljavax/media/opengl/GLContext;Ljava/lang/Runnable;Ljava/lang/Runnable;Ljavax/media/opengl/GLAutoDrawable;)V+137
j  jogamp.opengl.GLDrawableHelper.invokeGL(Ljavax/media/opengl/GLDrawable;Ljavax/media/opengl/GLContext;Ljava/lang/Runnable;Ljava/lang/Runnable;)V+85
j  javax.media.opengl.awt.GLCanvas$8.run()V+49
j  java.awt.event.InvocationEvent.dispatch()V+11
j  java.awt.EventQueue.dispatchEventImpl(Ljava/awt/AWTEvent;Ljava/lang/Object;)V+21
j  java.awt.EventQueue.access$200(Ljava/awt/EventQueue;Ljava/awt/AWTEvent;Ljava/lang/Object;)V+3
j  java.awt.EventQueue$3.run()Ljava/lang/Void;+12
j  java.awt.EventQueue$3.run()Ljava/lang/Object;+1
v  ~StubRoutines::call_stub
j  java.security.AccessController.doPrivileged(Ljava/security/PrivilegedAction;Ljava/security/AccessControlContext;)Ljava/lang/Object;+0
j  java.security.ProtectionDomain$1.doIntersectionPrivilege(Ljava/security/PrivilegedAction;Ljava/security/AccessControlContext;Ljava/security/AccessControlContext;)Ljava/lang/Object;+28
j  java.awt.EventQueue.dispatchEvent(Ljava/awt/AWTEvent;)V+46
j  java.awt.EventDispatchThread.pumpOneEventForFilters(I)V+245
j  java.awt.EventDispatchThread.pumpEventsForFilter(ILjava/awt/Conditional;Ljava/awt/EventFilter;)V+35
j  java.awt.EventDispatchThread.pumpEventsForHierarchy(ILjava/awt/Conditional;Ljava/awt/Component;)V+11
j  java.awt.EventDispatchThread.pumpEvents(ILjava/awt/Conditional;)V+4
j  java.awt.EventDispatchThread.pumpEvents(Ljava/awt/Conditional;)V+3
j  java.awt.EventDispatchThread.run()V+9
v  ~StubRoutines::call_stub

---------------  P R O C E S S  ---------------

Java Threads: ( => current thread )
  0x00000000021e2800 JavaThread "DestroyJavaVM" [_thread_blocked, id=7192, stack(0x0000000002050000,0x0000000002150000)]
  0x000000000dd29800 JavaThread "Timer-0" [_thread_blocked, id=8568, stack(0x0000000013db0000,0x0000000013eb0000)]
  0x000000000dd59000 JavaThread "D3D Screen Updater" daemon [_thread_blocked, id=5364, stack(0x0000000013ca0000,0x0000000013da0000)]
  0x000000000cdfb000 JavaThread "main-SharedResourceRunner" daemon [_thread_blocked, id=8428, stack(0x000000000df90000,0x000000000e090000)]
=>0x000000000d8dd800 JavaThread "AWT-EventQueue-0" [_thread_in_native, id=5432, stack(0x000000000fd60000,0x000000000fe60000)]
  0x000000000ce5e000 JavaThread "AWT-Windows" daemon [_thread_in_native, id=7316, stack(0x000000000e660000,0x000000000e760000)]
  0x000000000ce5d800 JavaThread "AWT-Shutdown" [_thread_blocked, id=7228, stack(0x000000000e560000,0x000000000e660000)]
  0x000000000cdf8000 JavaThread "Java2D Disposer" daemon [_thread_blocked, id=8212, stack(0x000000000e460000,0x000000000e560000)]
  0x00000000022de000 JavaThread "Service Thread" daemon [_thread_blocked, id=4232, stack(0x000000000d2b0000,0x000000000d3b0000)]
  0x00000000022dd000 JavaThread "C2 CompilerThread1" daemon [_thread_blocked, id=1176, stack(0x000000000d1b0000,0x000000000d2b0000)]
  0x00000000022d0000 JavaThread "C2 CompilerThread0" daemon [_thread_blocked, id=3732, stack(0x000000000d0b0000,0x000000000d1b0000)]
  0x00000000022cf000 JavaThread "Attach Listener" daemon [_thread_blocked, id=920, stack(0x000000000cfb0000,0x000000000d0b0000)]
  0x000000000cad1800 JavaThread "Signal Dispatcher" daemon [_thread_blocked, id=6616, stack(0x000000000ceb0000,0x000000000cfb0000)]
  0x000000000aadf800 JavaThread "Finalizer" daemon [_thread_blocked, id=8824, stack(0x000000000c9b0000,0x000000000cab0000)]
  0x000000000aad8800 JavaThread "Reference Handler" daemon [_thread_blocked, id=1556, stack(0x000000000c8b0000,0x000000000c9b0000)]

Other Threads:
  0x000000000aad5800 VMThread [stack: 0x000000000c7b0000,0x000000000c8b0000] [id=1108]
  0x000000000cb05800 WatcherThread [stack: 0x000000000d3b0000,0x000000000d4b0000] [id=5304]

VM state:not at safepoint (normal execution)

VM Mutex/Monitor currently owned by a thread: None

Heap
 PSYoungGen      total 408576K, used 105626K [0x00000007d5880000, 0x00000007f5580000, 0x0000000800000000)
  eden space 370688K, 28% used [0x00000007d5880000,0x00000007dbfa6a78,0x00000007ec280000)
  from space 37888K, 0% used [0x00000007f0280000,0x00000007f0280000,0x00000007f2780000)
  to   space 65536K, 0% used [0x00000007ec280000,0x00000007ec280000,0x00000007f0280000)
 ParOldGen       total 289280K, used 159084K [0x0000000780a00000, 0x0000000792480000, 0x00000007d5880000)
  object space 289280K, 54% used [0x0000000780a00000,0x000000078a55b3e8,0x0000000792480000)
 PSPermGen       total 41472K, used 18626K [0x000000077b800000, 0x000000077e080000, 0x0000000780a00000)
  object space 41472K, 44% used [0x000000077b800000,0x000000077ca309d8,0x000000077e080000)

Card table byte_map: [0x00000000053a0000,0x00000000057d0000] byte_map_base: 0x00000000017c4000

Polling page: 0x0000000000800000

Code Cache  [0x00000000022e0000, 0x0000000002550000, 0x00000000052e0000)
 total_blobs=984 nmethods=256 adapters=680 free_code_cache=47450Kb largest_free_block=48519488

Compilation events (10 events):
Event: 7.375 Thread 0x00000000022d0000 nmethod 255 0x00000000023f3410 code [0x00000000023f3560, 0x00000000023f3818]
Event: 7.407 Thread 0x00000000022dd000  256 %           br.usp.icmc.vicg.gl.model.jwavefront.JWavefrontModel::create_vao @ 172 (707 bytes)
Event: 7.422 Thread 0x00000000022dd000 nmethod 256% 0x0000000002477590 code [0x0000000002477800, 0x0000000002478910]
Event: 7.579 Thread 0x00000000022d0000  257             br.usp.icmc.vicg.gl.model.jwavefront.JWavefrontModel::create_vao (707 bytes)
Event: 7.607 Thread 0x00000000022d0000 nmethod 257 0x0000000002474650 code [0x0000000002474900, 0x0000000002476310]
Event: 7.616 Thread 0x00000000022dd000  258             sun.font.FontDesignMetrics::stringWidth (154 bytes)
Event: 7.618 Thread 0x00000000022dd000 nmethod 258 0x0000000002430b50 code [0x0000000002430d00, 0x0000000002431048]
Event: 7.619 Thread 0x00000000022d0000  259             javax.swing.GroupLayout$Group::unsetAutopadding (69 bytes)
Event: 7.619 Thread 0x00000000022dd000  260             javax.swing.GroupLayout$Group::calculateAutopadding (78 bytes)
Event: 7.623 Thread 0x00000000022d0000 nmethod 259 0x000000000243ff90 code [0x0000000002440140, 0x0000000002440628]

GC Heap History (10 events):
Event: 3.849 GC heap before
{Heap before GC invocations=12 (full 0):
 PSYoungGen      total 225280K, used 225278K [0x00000007d5880000, 0x00000007ed200000, 0x0000000800000000)
  eden space 203776K, 100% used [0x00000007d5880000,0x00000007e1f80000,0x00000007e1f80000)
  from space 21504K, 99% used [0x00000007e1f80000,0x00000007e347f8f8,0x00000007e3480000)
  to   space 30208K, 0% used [0x00000007eb480000,0x00000007eb480000,0x00000007ed200000)
 ParOldGen       total 86528K, used 66887K [0x0000000780a00000, 0x0000000785e80000, 0x00000007d5880000)
  object space 86528K, 77% used [0x0000000780a00000,0x0000000784b51e60,0x0000000785e80000)
 PSPermGen       total 21504K, used 18311K [0x000000077b800000, 0x000000077cd00000, 0x0000000780a00000)
  object space 21504K, 85% used [0x000000077b800000,0x000000077c9e1df8,0x000000077cd00000)
Event: 3.873 GC heap after
Heap after GC invocations=12 (full 0):
 PSYoungGen      total 355328K, used 20416K [0x00000007d5880000, 0x00000007ed400000, 0x0000000800000000)
  eden space 325120K, 0% used [0x00000007d5880000,0x00000007d5880000,0x00000007e9600000)
  from space 30208K, 67% used [0x00000007eb480000,0x00000007ec870000,0x00000007ed200000)
  to   space 31232K, 0% used [0x00000007e9600000,0x00000007e9600000,0x00000007eb480000)
 ParOldGen       total 89088K, used 88437K [0x0000000780a00000, 0x0000000786100000, 0x00000007d5880000)
  object space 89088K, 99% used [0x0000000780a00000,0x000000078605d758,0x0000000786100000)
 PSPermGen       total 21504K, used 18311K [0x000000077b800000, 0x000000077cd00000, 0x0000000780a00000)
  object space 21504K, 85% used [0x000000077b800000,0x000000077c9e1df8,0x000000077cd00000)
}
Event: 3.873 GC heap before
{Heap before GC invocations=13 (full 1):
 PSYoungGen      total 355328K, used 20416K [0x00000007d5880000, 0x00000007ed400000, 0x0000000800000000)
  eden space 325120K, 0% used [0x00000007d5880000,0x00000007d5880000,0x00000007e9600000)
  from space 30208K, 67% used [0x00000007eb480000,0x00000007ec870000,0x00000007ed200000)
  to   space 31232K, 0% used [0x00000007e9600000,0x00000007e9600000,0x00000007eb480000)
 ParOldGen       total 89088K, used 88437K [0x0000000780a00000, 0x0000000786100000, 0x00000007d5880000)
  object space 89088K, 99% used [0x0000000780a00000,0x000000078605d758,0x0000000786100000)
 PSPermGen       total 21504K, used 18311K [0x000000077b800000, 0x000000077cd00000, 0x0000000780a00000)
  object space 21504K, 85% used [0x000000077b800000,0x000000077c9e1df8,0x000000077cd00000)
Event: 4.429 GC heap after
Heap after GC invocations=13 (full 1):
 PSYoungGen      total 355328K, used 821K [0x00000007d5880000, 0x00000007ed400000, 0x0000000800000000)
  eden space 325120K, 0% used [0x00000007d5880000,0x00000007d5880000,0x00000007e9600000)
  from space 30208K, 2% used [0x00000007eb480000,0x00000007eb54d620,0x00000007ed200000)
  to   space 31232K, 0% used [0x00000007e9600000,0x00000007e9600000,0x00000007eb480000)
 ParOldGen       total 163328K, used 88858K [0x0000000780a00000, 0x000000078a980000, 0x00000007d5880000)
  object space 163328K, 54% used [0x0000000780a00000,0x00000007860c6860,0x000000078a980000)
 PSPermGen       total 36864K, used 18305K [0x000000077b800000, 0x000000077dc00000, 0x0000000780a00000)
  object space 36864K, 49% used [0x000000077b800000,0x000000077c9e0780,0x000000077dc00000)
}
Event: 4.695 GC heap before
{Heap before GC invocations=14 (full 1):
 PSYoungGen      total 355328K, used 325941K [0x00000007d5880000, 0x00000007ed400000, 0x0000000800000000)
  eden space 325120K, 100% used [0x00000007d5880000,0x00000007e9600000,0x00000007e9600000)
  from space 30208K, 2% used [0x00000007eb480000,0x00000007eb54d620,0x00000007ed200000)
  to   space 31232K, 0% used [0x00000007e9600000,0x00000007e9600000,0x00000007eb480000)
 ParOldGen       total 163328K, used 88858K [0x0000000780a00000, 0x000000078a980000, 0x00000007d5880000)
  object space 163328K, 54% used [0x0000000780a00000,0x00000007860c6860,0x000000078a980000)
 PSPermGen       total 36864K, used 18305K [0x000000077b800000, 0x000000077dc00000, 0x0000000780a00000)
  object space 36864K, 49% used [0x000000077b800000,0x000000077c9e0780,0x000000077dc00000)
Event: 4.724 GC heap after
Heap after GC invocations=14 (full 1):
 PSYoungGen      total 356352K, used 31229K [0x00000007d5880000, 0x00000007f2780000, 0x0000000800000000)
  eden space 325120K, 0% used [0x00000007d5880000,0x00000007d5880000,0x00000007e9600000)
  from space 31232K, 99% used [0x00000007e9600000,0x00000007eb47f568,0x00000007eb480000)
  to   space 37888K, 0% used [0x00000007f0280000,0x00000007f0280000,0x00000007f2780000)
 ParOldGen       total 163328K, used 93650K [0x0000000780a00000, 0x000000078a980000, 0x00000007d5880000)
  object space 163328K, 57% used [0x0000000780a00000,0x0000000786574860,0x000000078a980000)
 PSPermGen       total 36864K, used 18305K [0x000000077b800000, 0x000000077dc00000, 0x0000000780a00000)
  object space 36864K, 49% used [0x000000077b800000,0x000000077c9e0780,0x000000077dc00000)
}
Event: 6.715 GC heap before
{Heap before GC invocations=15 (full 1):
 PSYoungGen      total 356352K, used 356349K [0x00000007d5880000, 0x00000007f2780000, 0x0000000800000000)
  eden space 325120K, 100% used [0x00000007d5880000,0x00000007e9600000,0x00000007e9600000)
  from space 31232K, 99% used [0x00000007e9600000,0x00000007eb47f568,0x00000007eb480000)
  to   space 37888K, 0% used [0x00000007f0280000,0x00000007f0280000,0x00000007f2780000)
 ParOldGen       total 163328K, used 93650K [0x0000000780a00000, 0x000000078a980000, 0x00000007d5880000)
  object space 163328K, 57% used [0x0000000780a00000,0x0000000786574860,0x000000078a980000)
 PSPermGen       total 36864K, used 18477K [0x000000077b800000, 0x000000077dc00000, 0x0000000780a00000)
  object space 36864K, 50% used [0x000000077b800000,0x000000077ca0b5f0,0x000000077dc00000)
Event: 6.765 GC heap after
Heap after GC invocations=15 (full 1):
 PSYoungGen      total 408576K, used 37856K [0x00000007d5880000, 0x00000007f5580000, 0x0000000800000000)
  eden space 370688K, 0% used [0x00000007d5880000,0x00000007d5880000,0x00000007ec280000)
  from space 37888K, 99% used [0x00000007f0280000,0x00000007f2778050,0x00000007f2780000)
  to   space 65536K, 0% used [0x00000007ec280000,0x00000007ec280000,0x00000007f0280000)
 ParOldGen       total 163328K, used 152263K [0x0000000780a00000, 0x000000078a980000, 0x00000007d5880000)
  object space 163328K, 93% used [0x0000000780a00000,0x0000000789eb1e28,0x000000078a980000)
 PSPermGen       total 36864K, used 18477K [0x000000077b800000, 0x000000077dc00000, 0x0000000780a00000)
  object space 36864K, 50% used [0x000000077b800000,0x000000077ca0b5f0,0x000000077dc00000)
}
Event: 6.765 GC heap before
{Heap before GC invocations=16 (full 2):
 PSYoungGen      total 408576K, used 37856K [0x00000007d5880000, 0x00000007f5580000, 0x0000000800000000)
  eden space 370688K, 0% used [0x00000007d5880000,0x00000007d5880000,0x00000007ec280000)
  from space 37888K, 99% used [0x00000007f0280000,0x00000007f2778050,0x00000007f2780000)
  to   space 65536K, 0% used [0x00000007ec280000,0x00000007ec280000,0x00000007f0280000)
 ParOldGen       total 163328K, used 152263K [0x0000000780a00000, 0x000000078a980000, 0x00000007d5880000)
  object space 163328K, 93% used [0x0000000780a00000,0x0000000789eb1e28,0x000000078a980000)
 PSPermGen       total 36864K, used 18477K [0x000000077b800000, 0x000000077dc00000, 0x0000000780a00000)
  object space 36864K, 50% used [0x000000077b800000,0x000000077ca0b5f0,0x000000077dc00000)
Event: 7.327 GC heap after
Heap after GC invocations=16 (full 2):
 PSYoungGen      total 408576K, used 0K [0x00000007d5880000, 0x00000007f5580000, 0x0000000800000000)
  eden space 370688K, 0% used [0x00000007d5880000,0x00000007d5880000,0x00000007ec280000)
  from space 37888K, 0% used [0x00000007f0280000,0x00000007f0280000,0x00000007f2780000)
  to   space 65536K, 0% used [0x00000007ec280000,0x00000007ec280000,0x00000007f0280000)
 ParOldGen       total 289280K, used 159084K [0x0000000780a00000, 0x0000000792480000, 0x00000007d5880000)
  object space 289280K, 54% used [0x0000000780a00000,0x000000078a55b3e8,0x0000000792480000)
 PSPermGen       total 41472K, used 18477K [0x000000077b800000, 0x000000077e080000, 0x0000000780a00000)
  object space 41472K, 44% used [0x000000077b800000,0x000000077ca0b5d0,0x000000077e080000)
}

Deoptimization events (10 events):
Event: 2.809 Thread 0x000000000d8dd800 Uncommon trap: reason=unloaded action=reinterpret pc=0x00000000023e813c method=br.usp.icmc.vicg.gl.model.jwavefront.JWavefrontModel.parse(Ljava/io/File;)V @ 542
Event: 4.731 Thread 0x000000000d8dd800 Uncommon trap: reason=unreached action=reinterpret pc=0x0000000002410e68 method=br.usp.icmc.vicg.gl.model.jwavefront.JWavefrontModel.parse(Ljava/io/File;)V @ 31
Event: 4.786 Thread 0x000000000d8dd800 Uncommon trap: reason=class_check action=maybe_recompile pc=0x00000000023e6400 method=sun.nio.cs.SingleByte.withResult(Ljava/nio/charset/CoderResult;Ljava/nio/Buffer;ILjava/nio/Buffer;I)Ljava/nio/charset/CoderResult; @ 3
Event: 4.786 Thread 0x000000000d8dd800 Uncommon trap: reason=class_check action=maybe_recompile pc=0x00000000023e6400 method=sun.nio.cs.SingleByte.withResult(Ljava/nio/charset/CoderResult;Ljava/nio/Buffer;ILjava/nio/Buffer;I)Ljava/nio/charset/CoderResult; @ 3
Event: 4.786 Thread 0x000000000d8dd800 Uncommon trap: reason=class_check action=maybe_recompile pc=0x00000000023e6400 method=sun.nio.cs.SingleByte.withResult(Ljava/nio/charset/CoderResult;Ljava/nio/Buffer;ILjava/nio/Buffer;I)Ljava/nio/charset/CoderResult; @ 3
Event: 4.786 Thread 0x000000000d8dd800 Uncommon trap: reason=class_check action=maybe_recompile pc=0x00000000023e6400 method=sun.nio.cs.SingleByte.withResult(Ljava/nio/charset/CoderResult;Ljava/nio/Buffer;ILjava/nio/Buffer;I)Ljava/nio/charset/CoderResult; @ 3
Event: 4.786 Thread 0x000000000d8dd800 Uncommon trap: reason=class_check action=maybe_recompile pc=0x0000000002354a40 method=sun.nio.cs.SingleByte.withResult(Ljava/nio/charset/CoderResult;Ljava/nio/Buffer;ILjava/nio/Buffer;I)Ljava/nio/charset/CoderResult; @ 3
Event: 5.437 Thread 0x000000000d8dd800 Uncommon trap: reason=unreached action=reinterpret pc=0x00000000023ad9a8 method=sun.awt.image.ByteInterleavedRaster.getDataElements(IILjava/lang/Object;)Ljava/lang/Object; @ 43
Event: 5.807 Thread 0x000000000d8dd800 Uncommon trap: reason=unreached action=reinterpret pc=0x000000000242a590 method=java.awt.image.ComponentColorModel.getDataElements(ILjava/lang/Object;)Ljava/lang/Object; @ 2993
Event: 7.614 Thread 0x000000000dd29800 Uncommon trap: reason=class_check action=maybe_recompile pc=0x00000000023fe64c method=java.util.zip.InflaterInputStream.read([BII)I @ 100

Internal exceptions (10 events):
Event: 5.220 Thread 0x000000000d8dd800 Threw 0x00000007d95c1c08 at C:\re\jdk7u67\1368\hotspot\src\share\vm\prims\jvm.cpp:1244
Event: 5.807 Thread 0x000000000d8dd800 Implicit null exception at 0x0000000002426bfa to 0x000000000242a579
Event: 7.395 Thread 0x000000000d8dd800 Threw 0x00000007d711e9e8 at C:\re\jdk7u67\1368\hotspot\src\share\vm\prims\jvm.cpp:1244
Event: 7.396 Thread 0x000000000d8dd800 Threw 0x00000007d7120db8 at C:\re\jdk7u67\1368\hotspot\src\share\vm\prims\jvm.cpp:1244
Event: 7.397 Thread 0x000000000d8dd800 Threw 0x00000007d7122ec0 at C:\re\jdk7u67\1368\hotspot\src\share\vm\prims\jvm.cpp:1244
Event: 7.397 Thread 0x000000000d8dd800 Threw 0x00000007d7127f60 at C:\re\jdk7u67\1368\hotspot\src\share\vm\prims\jvm.cpp:1244
Event: 7.398 Thread 0x000000000d8dd800 Threw 0x00000007d712e408 at C:\re\jdk7u67\1368\hotspot\src\share\vm\prims\jvm.cpp:1244
Event: 7.398 Thread 0x000000000d8dd800 Threw 0x00000007d7134458 at C:\re\jdk7u67\1368\hotspot\src\share\vm\prims\jvm.cpp:1244
Event: 7.399 Thread 0x000000000d8dd800 Threw 0x00000007d7138ed0 at C:\re\jdk7u67\1368\hotspot\src\share\vm\prims\jvm.cpp:1244
Event: 7.613 Thread 0x000000000dd29800 Threw 0x00000007dbbf5a98 at C:\re\jdk7u67\1368\hotspot\src\share\vm\prims\jvm.cpp:1244

Events (10 events):
Event: 7.622 loading class 0x0000000002257df0
Event: 7.622 loading class 0x0000000002257df0 done
Event: 7.622 loading class 0x00000000179502b0
Event: 7.622 loading class 0x00000000179502b0 done
Event: 7.622 loading class 0x000000000dbef560
Event: 7.622 loading class 0x000000000dbef560 done
Event: 7.622 loading class 0x000000000d8274a0
Event: 7.622 loading class 0x0000000017950840
Event: 7.622 loading class 0x0000000017950840 done
Event: 7.622 loading class 0x000000000d8274a0 done


Dynamic libraries:
0x00007ff7252f0000 - 0x00007ff725323000 	C:\Program Files\Java\jdk1.7.0_67\bin\java.exe
0x00007ffe1fea0000 - 0x00007ffe2004c000 	C:\Windows\SYSTEM32\ntdll.dll
0x00007ffe1f340000 - 0x00007ffe1f47e000 	C:\Windows\system32\KERNEL32.DLL
0x00007ffe1d3b0000 - 0x00007ffe1d4c5000 	C:\Windows\system32\KERNELBASE.dll
0x00007ffe1b9f0000 - 0x00007ffe1ba7e000 	C:\Windows\system32\apphelp.dll
0x00007ffe18770000 - 0x00007ffe187c3000 	C:\Windows\AppPatch\AppPatch64\AcGenral.DLL
0x00007ffe1f480000 - 0x00007ffe1f52a000 	C:\Windows\system32\msvcrt.dll
0x00007ffe1ce90000 - 0x00007ffe1cebe000 	C:\Windows\SYSTEM32\SspiCli.dll
0x00007ffe1f8f0000 - 0x00007ffe1f944000 	C:\Windows\system32\SHLWAPI.dll
0x00007ffe1f530000 - 0x00007ffe1f6a7000 	C:\Windows\system32\USER32.dll
0x00007ffe1d580000 - 0x00007ffe1d714000 	C:\Windows\system32\ole32.dll
0x00007ffe1d910000 - 0x00007ffe1ee28000 	C:\Windows\system32\SHELL32.dll
0x00007ffe1c610000 - 0x00007ffe1c631000 	C:\Windows\SYSTEM32\USERENV.dll
0x00007ffe1f950000 - 0x00007ffe1f9fa000 	C:\Windows\system32\ADVAPI32.dll
0x00007ffe10de0000 - 0x00007ffe10dfe000 	C:\Windows\SYSTEM32\MPR.dll
0x00007ffe1ee30000 - 0x00007ffe1ef71000 	C:\Windows\system32\RPCRT4.dll
0x00007ffe1ef90000 - 0x00007ffe1efe9000 	C:\Windows\SYSTEM32\sechost.dll
0x00007ffe1fc80000 - 0x00007ffe1fe91000 	C:\Windows\SYSTEM32\combase.dll
0x00007ffe1f120000 - 0x00007ffe1f271000 	C:\Windows\system32\GDI32.dll
0x00007ffe1cff0000 - 0x00007ffe1d005000 	C:\Windows\SYSTEM32\profapi.dll
0x00007ffe1b670000 - 0x00007ffe1b722000 	C:\Windows\SYSTEM32\SHCORE.dll
0x00007ffe1f0d0000 - 0x00007ffe1f106000 	C:\Windows\system32\IMM32.DLL
0x00007ffe1d790000 - 0x00007ffe1d8e2000 	C:\Windows\system32\MSCTF.dll
0x00007ffe1aaa0000 - 0x00007ffe1ad1a000 	C:\Windows\WinSxS\amd64_microsoft.windows.common-controls_6595b64144ccf1df_6.0.9600.17810_none_6240b9c7ecbd0bda\COMCTL32.dll
0x0000000065ce0000 - 0x0000000065db2000 	C:\Program Files\Java\jdk1.7.0_67\jre\bin\msvcr100.dll
0x0000000065dc0000 - 0x0000000066592000 	C:\Program Files\Java\jdk1.7.0_67\jre\bin\server\jvm.dll
0x00007ffe1c200000 - 0x00007ffe1c209000 	C:\Windows\SYSTEM32\WSOCK32.dll
0x00007ffe18f20000 - 0x00007ffe18f42000 	C:\Windows\SYSTEM32\WINMM.dll
0x00007ffe1f110000 - 0x00007ffe1f117000 	C:\Windows\system32\PSAPI.DLL
0x00007ffe1d520000 - 0x00007ffe1d57a000 	C:\Windows\system32\WS2_32.dll
0x00007ffe18620000 - 0x00007ffe1864a000 	C:\Windows\SYSTEM32\WINMMBASE.dll
0x00007ffe1ef80000 - 0x00007ffe1ef89000 	C:\Windows\system32\NSI.dll
0x00007ffe1d4d0000 - 0x00007ffe1d51f000 	C:\Windows\SYSTEM32\cfgmgr32.dll
0x00007ffe1bc40000 - 0x00007ffe1bc68000 	C:\Windows\SYSTEM32\DEVOBJ.dll
0x0000000065c90000 - 0x0000000065c9f000 	C:\Program Files\Java\jdk1.7.0_67\jre\bin\verify.dll
0x0000000065c60000 - 0x0000000065c88000 	C:\Program Files\Java\jdk1.7.0_67\jre\bin\java.dll
0x0000000065c40000 - 0x0000000065c55000 	C:\Program Files\Java\jdk1.7.0_67\jre\bin\zip.dll
0x00007ffe1c930000 - 0x00007ffe1c950000 	C:\Windows\SYSTEM32\CRYPTSP.dll
0x00007ffe1c500000 - 0x00007ffe1c536000 	C:\Windows\system32\rsaenh.dll
0x00007ffe1cb80000 - 0x00007ffe1cba6000 	C:\Windows\SYSTEM32\bcrypt.dll
0x00007ffe1cec0000 - 0x00007ffe1cf23000 	C:\Windows\system32\bcryptprimitives.dll
0x00007ffe1cf30000 - 0x00007ffe1cf3b000 	C:\Windows\SYSTEM32\CRYPTBASE.dll
0x0000000065c20000 - 0x0000000065c39000 	C:\Program Files\Java\jdk1.7.0_67\jre\bin\net.dll
0x00007ffe1c8d0000 - 0x00007ffe1c929000 	C:\Windows\system32\mswsock.dll
0x00007ffe15570000 - 0x00007ffe1559a000 	C:\Windows\SYSTEM32\IPHLPAPI.DLL
0x00007ffe15550000 - 0x00007ffe1555a000 	C:\Windows\SYSTEM32\WINNSI.DLL
0x00007ffe15400000 - 0x00007ffe15416000 	C:\Windows\SYSTEM32\dhcpcsvc6.DLL
0x00007ffe153e0000 - 0x00007ffe153fa000 	C:\Windows\SYSTEM32\dhcpcsvc.DLL
0x0000000065c00000 - 0x0000000065c11000 	C:\Program Files\Java\jdk1.7.0_67\jre\bin\nio.dll
0x00000000637c0000 - 0x00000000637ca000 	C:\Users\Avell G1743 MAX\AppData\Local\Temp\jogamp_0000\file_cache\jln4240603200817583596\jln2832895444976355628\gluegen-rt.dll
0x0000000065a60000 - 0x0000000065bf5000 	C:\Program Files\Java\jdk1.7.0_67\jre\bin\awt.dll
0x00007ffe1fa00000 - 0x00007ffe1fac1000 	C:\Windows\system32\OLEAUT32.dll
0x00007ffe1bac0000 - 0x00007ffe1bbe9000 	C:\Windows\system32\uxtheme.dll
0x00007ffe1ad20000 - 0x00007ffe1ad41000 	C:\Windows\system32\dwmapi.dll
0x00007ffe1bcb0000 - 0x00007ffe1bcbb000 	C:\Windows\SYSTEM32\kernel.appcore.dll
0x0000000063b20000 - 0x0000000063b27000 	C:\Program Files\Java\jdk1.7.0_67\jre\bin\jawt.dll
0x000000006a440000 - 0x000000006a44b000 	C:\Users\Avell G1743 MAX\AppData\Local\Temp\jogamp_0000\file_cache\jln4240603200817583596\jln2832895444976355628\nativewindow_awt.dll
0x00007ffe13280000 - 0x00007ffe134a1000 	C:\Windows\system32\d3d9.dll
0x00007ffe19940000 - 0x00007ffe1994a000 	C:\Windows\SYSTEM32\VERSION.dll
0x00007ffdfbe70000 - 0x00007ffdfcd7f000 	C:\Windows\SYSTEM32\nvd3dumx.dll
0x0000000180000000 - 0x0000000180188000 	C:\Windows\system32\nvspcap64.dll
0x00007ffe1f6b0000 - 0x00007ffe1f88a000 	C:\Windows\system32\SETUPAPI.dll
0x00007ffe1c640000 - 0x00007ffe1c686000 	C:\Windows\system32\powrprof.dll
0x00007ffe19bb0000 - 0x00007ffe19d0d000 	C:\Program Files (x86)\NVIDIA Corporation\3D Vision\nvSCPAPI64.dll
0x000000006c100000 - 0x000000006c10b000 	C:\Users\Avell G1743 MAX\AppData\Local\Temp\jogamp_0000\file_cache\jln4240603200817583596\jln2832895444976355628\nativewindow_win32.dll
0x00007ffe15cf0000 - 0x00007ffe15e1b000 	C:\Windows\SYSTEM32\OpenGL32.dll
0x00007ffe1aef0000 - 0x00007ffe1af1e000 	C:\Windows\SYSTEM32\GLU32.dll
0x00007ffe17950000 - 0x00007ffe17a48000 	C:\Windows\SYSTEM32\DDRAW.dll
0x00007ffe1b490000 - 0x00007ffe1b499000 	C:\Windows\SYSTEM32\DCIMAN32.dll
0x0000000064500000 - 0x000000006458b000 	C:\Users\Avell G1743 MAX\AppData\Local\Temp\jogamp_0000\file_cache\jln4240603200817583596\jln2832895444976355628\jogl_desktop.dll
0x0000000010650000 - 0x000000001249a000 	C:\Windows\SYSTEM32\nvoglv64.DLL
0x00007ffe1c240000 - 0x00007ffe1c252000 	C:\Windows\SYSTEM32\WTSAPI32.dll
0x00007ffe1d170000 - 0x00007ffe1d1c1000 	C:\Windows\system32\WINTRUST.dll
0x00007ffe1d1d0000 - 0x00007ffe1d3af000 	C:\Windows\system32\CRYPT32.dll
0x00007ffe1d0a0000 - 0x00007ffe1d0b1000 	C:\Windows\system32\MSASN1.dll
0x00007ffe19160000 - 0x00007ffe19192000 	C:\Windows\SYSTEM32\ntmarta.dll
0x00007ffe1c0b0000 - 0x00007ffe1c10a000 	C:\Windows\SYSTEM32\WINSTA.dll
0x0000000065a10000 - 0x0000000065a57000 	C:\Program Files\Java\jdk1.7.0_67\jre\bin\fontmanager.dll
0x00000000659c0000 - 0x0000000065a01000 	C:\Program Files\Java\jdk1.7.0_67\jre\bin\t2k.dll
0x00007ffe1eff0000 - 0x00007ffe1f0a6000 	C:\Windows\SYSTEM32\clbcatq.dll
0x00007ffe19d10000 - 0x00007ffe19ebe000 	C:\Windows\SYSTEM32\WindowsCodecs.dll
0x0000000063a80000 - 0x0000000063ab0000 	C:\Program Files\Java\jdk1.7.0_67\jre\bin\jpeg.dll
0x0000000063a40000 - 0x0000000063a79000 	C:\Program Files\Java\jdk1.7.0_67\jre\bin\kcms.dll
0x00007ffe10080000 - 0x00007ffe10209000 	C:\Windows\SYSTEM32\dbghelp.dll

VM Arguments:
java_command: br.usp.icmc.vicg.gl.app.App
Launcher Type: SUN_STANDARD

Environment Variables:
JAVA_HOME=C:\Program Files\Java\jdk1.7.0_67
PATH=C:\Program Files (x86)\Intel\iCLS Client\;C:\Program Files\Intel\iCLS Client\;C:\Windows\system32;C:\Windows;C:\Windows\System32\Wbem;C:\Windows\System32\WindowsPowerShell\v1.0\;C:\Program Files (x86)\EgisTec BioExcess\x64;C:\Program Files (x86)\EgisTec BioExcess\;C:\Program Files\Intel\Intel(R) Management Engine Components\DAL;C:\Program Files\Intel\Intel(R) Management Engine Components\IPT;C:\Program Files (x86)\Intel\Intel(R) Management Engine Components\DAL;C:\Program Files (x86)\Intel\Intel(R) Management Engine Components\IPT;C:\Program Files (x86)\NVIDIA Corporation\PhysX\Common;C:\Program Files (x86)\Brackets\command;C:\Program Files\Latex\miktex\bin\x64\
USERNAME=Avell G1743 MAX
OS=Windows_NT
PROCESSOR_IDENTIFIER=Intel64 Family 6 Model 60 Stepping 3, GenuineIntel



---------------  S Y S T E M  ---------------

OS: Windows 8.1 , 64 bit Build 9600 

CPU:total 8 (4 cores per cpu, 2 threads per core) family 6 model 60 stepping 3, cmov, cx8, fxsr, mmx, sse, sse2, sse3, ssse3, sse4.1, sse4.2, popcnt, avx, avx2, aes, erms, ht, tsc, tscinvbit

Memory: 4k page, physical 8342216k(3172264k free), swap 11497932k(3290132k free)

vm_info: Java HotSpot(TM) 64-Bit Server VM (24.65-b04) for windows-amd64 JRE (1.7.0_67-b01), built on Jul 25 2014 08:55:00 by "java_re" with unknown MS VC++:1600

time: Thu Jul 09 16:09:28 2015
elapsed time: 7 seconds

