#
# A fatal error has been detected by the Java Runtime Environment:
#
#  EXCEPTION_ACCESS_VIOLATION (0xc0000005) at pc=0x00000000114ffb3e, pid=9008, tid=8944
#
# JRE version: Java(TM) SE Runtime Environment (7.0_67-b01) (build 1.7.0_67-b01)
# Java VM: Java HotSpot(TM) 64-Bit Server VM (24.65-b04 mixed mode windows-amd64 compressed oops)
# Problematic frame:
# C  [nvoglv64.DLL+0xacfb3e]
#
# Failed to write core dump. Minidumps are not enabled by default on client versions of Windows
#
# If you would like to submit a bug report, please visit:
#   http://bugreport.sun.com/bugreport/crash.jsp
# The crash happened outside the Java Virtual Machine in native code.
# See problematic frame for where to report the bug.
#

---------------  T H R E A D  ---------------

Current thread (0x000000000cfb1800):  JavaThread "AWT-EventQueue-0" [_thread_in_native, id=8944, stack(0x0000000010000000,0x0000000010100000)]

siginfo: ExceptionCode=0xc0000005, reading address 0x0000000021a0fffc

Registers:
RAX=0x0000000000000000, RBX=0x0000000000060000, RCX=0x0000000000000102, RDX=0x0000000000000102
RSP=0x00000000100fdba0, RBP=0x00000000145d0000, RSI=0x0000000000060000, RDI=0x0000000021890040
R8 =0x0000000000000000, R9 =0x0000000000000000, R10=0x0000000000000010, R11=0x0000000021890000
R12=0x0000000000000000, R13=0x0000000000000004, R14=0x0000000000000010, R15=0x00000000132d86d0
RIP=0x00000000114ffb3e, EFLAGS=0x0000000000010246

Top of Stack: (sp=0x00000000100fdba0)
0x00000000100fdba0:   000000001506b080 0000000012b80080
0x00000000100fdbb0:   0000000000000000 00000000132b3b10
0x00000000100fdbc0:   0000000000000000 0000000011596955
0x00000000100fdbd0:   0000000000060000 0000000000001405
0x00000000100fdbe0:   00000000ffffffff 00000000145d0000
0x00000000100fdbf0:   0000000000001405 0000000000000000
0x00000000100fdc00:   00000000100fdc60 00000000100fdc10
0x00000000100fdc10:   0000000014ca0118 0000000014ca0118
0x00000000100fdc20:   00000000145d0000 00000000132d86d0
0x00000000100fdc30:   000000000cfb1800 000000077bf0e108
0x00000000100fdc40:   0000000000000000 0000000000001405
0x00000000100fdc50:   0000000000000004 00000000111df031
0x00000000100fdc60:   0000000000000004 00000000145d0000
0x00000000100fdc70:   0000000000000000 00000000100fddb0
0x00000000100fdc80:   0000000700060000 0000000000001405
0x00000000100fdc90:   0000000000000000 0000000000000000 

Instructions: (pc=0x00000000114ffb3e)
0x00000000114ffb1e:   00 00 8b 0f 48 83 c7 04 44 3b c1 8b c1 41 0f 42
0x00000000114ffb2e:   c0 3b d1 0f 47 ca 44 8b c0 8b d1 49 ff c9 75 e2
0x00000000114ffb3e:   41 3b 54 b3 fc 41 0f 46 54 b3 fc 8b c2 41 2b c0
0x00000000114ffb4e:   3d 00 00 01 00 0f 83 b4 02 00 00 ff c0 3b c6 0f 


Register to memory mapping:

RAX=0x0000000000000000 is an unknown value
RBX=0x0000000000060000 is an unknown value
RCX=0x0000000000000102 is an unknown value
RDX=0x0000000000000102 is an unknown value
RSP=0x00000000100fdba0 is pointing into the stack for thread: 0x000000000cfb1800
RBP=0x00000000145d0000 is an unknown value
RSI=0x0000000000060000 is an unknown value
RDI=0x0000000021890040 is an unknown value
R8 =0x0000000000000000 is an unknown value
R9 =0x0000000000000000 is an unknown value
R10=0x0000000000000010 is an unknown value
R11=0x0000000021890000 is an unknown value
R12=0x0000000000000000 is an unknown value
R13=0x0000000000000004 is an unknown value
R14=0x0000000000000010 is an unknown value
R15=0x00000000132d86d0 is an unknown value


Stack: [0x0000000010000000,0x0000000010100000],  sp=0x00000000100fdba0,  free space=1014k
Native frames: (J=compiled Java code, j=interpreted, Vv=VM code, C=native code)
C  [nvoglv64.DLL+0xacfb3e]

Java frames: (J=compiled Java code, j=interpreted, Vv=VM code)
j  jogamp.opengl.gl4.GL4bcImpl.dispatch_glDrawElements1(IIIJJ)V+0
j  jogamp.opengl.gl4.GL4bcImpl.glDrawElements(IIIJ)V+47
j  br.usp.icmc.vicg.gl.model.Terrain.draw()V+450
j  br.usp.icmc.vicg.gl.app.App.display(Ljavax/media/opengl/GLAutoDrawable;)V+220
j  jogamp.opengl.GLDrawableHelper.displayImpl(Ljavax/media/opengl/GLAutoDrawable;)V+58
j  jogamp.opengl.GLDrawableHelper.display(Ljavax/media/opengl/GLAutoDrawable;)V+2
j  javax.media.opengl.awt.GLCanvas$7.run()V+118
j  jogamp.opengl.GLDrawableHelper.invokeGLImpl(Ljavax/media/opengl/GLDrawable;Ljavax/media/opengl/GLContext;Ljava/lang/Runnable;Ljava/lang/Runnable;Ljavax/media/opengl/GLAutoDrawable;)V+137
j  jogamp.opengl.GLDrawableHelper.invokeGL(Ljavax/media/opengl/GLDrawable;Ljavax/media/opengl/GLContext;Ljava/lang/Runnable;Ljava/lang/Runnable;)V+85
j  javax.media.opengl.awt.GLCanvas$8.run()V+49
j  java.awt.event.InvocationEvent.dispatch()V+11
j  java.awt.EventQueue.dispatchEventImpl(Ljava/awt/AWTEvent;Ljava/lang/Object;)V+21
j  java.awt.EventQueue.access$200(Ljava/awt/EventQueue;Ljava/awt/AWTEvent;Ljava/lang/Object;)V+3
j  java.awt.EventQueue$3.run()Ljava/lang/Void;+12
j  java.awt.EventQueue$3.run()Ljava/lang/Object;+1
v  ~StubRoutines::call_stub
j  java.security.AccessController.doPrivileged(Ljava/security/PrivilegedAction;Ljava/security/AccessControlContext;)Ljava/lang/Object;+0
j  java.security.ProtectionDomain$1.doIntersectionPrivilege(Ljava/security/PrivilegedAction;Ljava/security/AccessControlContext;Ljava/security/AccessControlContext;)Ljava/lang/Object;+28
j  java.awt.EventQueue.dispatchEvent(Ljava/awt/AWTEvent;)V+46
j  java.awt.EventDispatchThread.pumpOneEventForFilters(I)V+245
j  java.awt.EventDispatchThread.pumpEventsForFilter(ILjava/awt/Conditional;Ljava/awt/EventFilter;)V+35
j  java.awt.EventDispatchThread.pumpEventsForHierarchy(ILjava/awt/Conditional;Ljava/awt/Component;)V+11
j  java.awt.EventDispatchThread.pumpEvents(ILjava/awt/Conditional;)V+4
j  java.awt.EventDispatchThread.pumpEvents(Ljava/awt/Conditional;)V+3
j  java.awt.EventDispatchThread.run()V+9
v  ~StubRoutines::call_stub

---------------  P R O C E S S  ---------------

Java Threads: ( => current thread )
  0x000000000cfb7000 JavaThread "DestroyJavaVM" [_thread_blocked, id=4536, stack(0x00000000023d0000,0x00000000024d0000)]
  0x000000000cfb6000 JavaThread "Timer-0" [_thread_blocked, id=5260, stack(0x00000000140c0000,0x00000000141c0000)]
  0x000000000cfb2000 JavaThread "D3D Screen Updater" daemon [_thread_blocked, id=4660, stack(0x0000000013fb0000,0x00000000140b0000)]
  0x000000000cfb5800 JavaThread "main-SharedResourceRunner" daemon [_thread_blocked, id=8048, stack(0x0000000010930000,0x0000000010a30000)]
=>0x000000000cfb1800 JavaThread "AWT-EventQueue-0" [_thread_in_native, id=8944, stack(0x0000000010000000,0x0000000010100000)]
  0x000000000cfb4800 JavaThread "AWT-Windows" daemon [_thread_in_native, id=2684, stack(0x000000000e970000,0x000000000ea70000)]
  0x000000000cfb3000 JavaThread "AWT-Shutdown" [_thread_blocked, id=5568, stack(0x000000000e870000,0x000000000e970000)]
  0x000000000cfb0800 JavaThread "Java2D Disposer" daemon [_thread_blocked, id=7876, stack(0x000000000e770000,0x000000000e870000)]
  0x00000000025c6000 JavaThread "Service Thread" daemon [_thread_blocked, id=7368, stack(0x000000000d5c0000,0x000000000d6c0000)]
  0x00000000025c4000 JavaThread "C2 CompilerThread1" daemon [_thread_blocked, id=8604, stack(0x000000000d4c0000,0x000000000d5c0000)]
  0x00000000025c0000 JavaThread "C2 CompilerThread0" daemon [_thread_blocked, id=728, stack(0x000000000d3c0000,0x000000000d4c0000)]
  0x00000000025bf000 JavaThread "Attach Listener" daemon [_thread_blocked, id=8884, stack(0x000000000d2c0000,0x000000000d3c0000)]
  0x000000000cde1800 JavaThread "Signal Dispatcher" daemon [_thread_blocked, id=4996, stack(0x000000000d1c0000,0x000000000d2c0000)]
  0x000000000adcf800 JavaThread "Finalizer" daemon [_thread_blocked, id=7716, stack(0x000000000ccc0000,0x000000000cdc0000)]
  0x000000000adc8800 JavaThread "Reference Handler" daemon [_thread_blocked, id=2332, stack(0x000000000cbc0000,0x000000000ccc0000)]

Other Threads:
  0x000000000adc5800 VMThread [stack: 0x000000000cac0000,0x000000000cbc0000] [id=8960]
  0x00000000025ca000 WatcherThread [stack: 0x000000000d6c0000,0x000000000d7c0000] [id=2320]

VM state:not at safepoint (normal execution)

VM Mutex/Monitor currently owned by a thread: None

Heap
 PSYoungGen      total 409088K, used 99907K [0x00000007d5880000, 0x00000007f5680000, 0x0000000800000000)
  eden space 371712K, 26% used [0x00000007d5880000,0x00000007dba10c98,0x00000007ec380000)
  from space 37376K, 0% used [0x00000007f0380000,0x00000007f0380000,0x00000007f2800000)
  to   space 65536K, 0% used [0x00000007ec380000,0x00000007ec380000,0x00000007f0380000)
 ParOldGen       total 290304K, used 158281K [0x0000000780a00000, 0x0000000792580000, 0x00000007d5880000)
  object space 290304K, 54% used [0x0000000780a00000,0x000000078a492628,0x0000000792580000)
 PSPermGen       total 41472K, used 18644K [0x000000077b800000, 0x000000077e080000, 0x0000000780a00000)
  object space 41472K, 44% used [0x000000077b800000,0x000000077ca35130,0x000000077e080000)

Card table byte_map: [0x0000000005690000,0x0000000005ac0000] byte_map_base: 0x0000000001ab4000

Polling page: 0x00000000022e0000

Code Cache  [0x00000000025d0000, 0x0000000002840000, 0x00000000055d0000)
 total_blobs=981 nmethods=251 adapters=682 free_code_cache=47471Kb largest_free_block=48524032

Compilation events (10 events):
Event: 7.283 Thread 0x00000000025c4000  252             br.usp.icmc.vicg.gl.model.jwavefront.JWavefrontModel::create_vao (707 bytes)
Event: 7.308 Thread 0x00000000025c4000 nmethod 252 0x0000000002763490 code [0x0000000002763740, 0x0000000002765150]
Event: 7.384 Thread 0x00000000025c0000  253             java.awt.Component::getParent_NoClientCode (5 bytes)
Event: 7.384 Thread 0x00000000025c4000  254             java.awt.Component::getParent (5 bytes)
Event: 7.385 Thread 0x00000000025c0000 nmethod 253 0x00000000026a1550 code [0x00000000026a1680, 0x00000000026a16f8]
Event: 7.385 Thread 0x00000000025c0000  255             java.awt.Component::getTreeLock (4 bytes)
Event: 7.385 Thread 0x00000000025c4000 nmethod 254 0x0000000002720110 code [0x0000000002720240, 0x00000000027202b8]
Event: 7.385 Thread 0x00000000025c0000 nmethod 255 0x000000000271ff10 code [0x0000000002720040, 0x00000000027200b8]
Event: 7.392 Thread 0x00000000025c4000  256             sun.font.FontDesignMetrics::stringWidth (154 bytes)
Event: 7.401 Thread 0x00000000025c4000 nmethod 256 0x00000000026e5e90 code [0x00000000026e6040, 0x00000000026e6388]

GC Heap History (10 events):
Event: 3.561 GC heap before
{Heap before GC invocations=12 (full 0):
 PSYoungGen      total 226304K, used 226302K [0x00000007d5880000, 0x00000007ed300000, 0x0000000800000000)
  eden space 206336K, 100% used [0x00000007d5880000,0x00000007e2200000,0x00000007e2200000)
  from space 19968K, 99% used [0x00000007e2200000,0x00000007e357f8f8,0x00000007e3580000)
  to   space 28672K, 0% used [0x00000007eb700000,0x00000007eb700000,0x00000007ed300000)
 ParOldGen       total 86528K, used 68845K [0x0000000780a00000, 0x0000000785e80000, 0x00000007d5880000)
  object space 86528K, 79% used [0x0000000780a00000,0x0000000784d3b408,0x0000000785e80000)
 PSPermGen       total 21504K, used 18311K [0x000000077b800000, 0x000000077cd00000, 0x0000000780a00000)
  object space 21504K, 85% used [0x000000077b800000,0x000000077c9e1e78,0x000000077cd00000)
Event: 3.585 GC heap after
Heap after GC invocations=12 (full 0):
 PSYoungGen      total 357376K, used 20640K [0x00000007d5880000, 0x00000007ed600000, 0x0000000800000000)
  eden space 328704K, 0% used [0x00000007d5880000,0x00000007d5880000,0x00000007e9980000)
  from space 28672K, 71% used [0x00000007eb700000,0x00000007ecb28000,0x00000007ed300000)
  to   space 30208K, 0% used [0x00000007e9980000,0x00000007e9980000,0x00000007eb700000)
 ParOldGen       total 89088K, used 88891K [0x0000000780a00000, 0x0000000786100000, 0x00000007d5880000)
  object space 89088K, 99% used [0x0000000780a00000,0x00000007860ced00,0x0000000786100000)
 PSPermGen       total 21504K, used 18311K [0x000000077b800000, 0x000000077cd00000, 0x0000000780a00000)
  object space 21504K, 85% used [0x000000077b800000,0x000000077c9e1e78,0x000000077cd00000)
}
Event: 3.585 GC heap before
{Heap before GC invocations=13 (full 1):
 PSYoungGen      total 357376K, used 20640K [0x00000007d5880000, 0x00000007ed600000, 0x0000000800000000)
  eden space 328704K, 0% used [0x00000007d5880000,0x00000007d5880000,0x00000007e9980000)
  from space 28672K, 71% used [0x00000007eb700000,0x00000007ecb28000,0x00000007ed300000)
  to   space 30208K, 0% used [0x00000007e9980000,0x00000007e9980000,0x00000007eb700000)
 ParOldGen       total 89088K, used 88891K [0x0000000780a00000, 0x0000000786100000, 0x00000007d5880000)
  object space 89088K, 99% used [0x0000000780a00000,0x00000007860ced00,0x0000000786100000)
 PSPermGen       total 21504K, used 18311K [0x000000077b800000, 0x000000077cd00000, 0x0000000780a00000)
  object space 21504K, 85% used [0x000000077b800000,0x000000077c9e1e78,0x000000077cd00000)
Event: 4.113 GC heap after
Heap after GC invocations=13 (full 1):
 PSYoungGen      total 357376K, used 1068K [0x00000007d5880000, 0x00000007ed600000, 0x0000000800000000)
  eden space 328704K, 0% used [0x00000007d5880000,0x00000007d5880000,0x00000007e9980000)
  from space 28672K, 3% used [0x00000007eb700000,0x00000007eb80b160,0x00000007ed300000)
  to   space 30208K, 0% used [0x00000007e9980000,0x00000007e9980000,0x00000007eb700000)
 ParOldGen       total 163328K, used 88580K [0x0000000780a00000, 0x000000078a980000, 0x00000007d5880000)
  object space 163328K, 54% used [0x0000000780a00000,0x0000000786081068,0x000000078a980000)
 PSPermGen       total 36864K, used 18305K [0x000000077b800000, 0x000000077dc00000, 0x0000000780a00000)
  object space 36864K, 49% used [0x000000077b800000,0x000000077c9e07e0,0x000000077dc00000)
}
Event: 4.409 GC heap before
{Heap before GC invocations=14 (full 1):
 PSYoungGen      total 357376K, used 329772K [0x00000007d5880000, 0x00000007ed600000, 0x0000000800000000)
  eden space 328704K, 100% used [0x00000007d5880000,0x00000007e9980000,0x00000007e9980000)
  from space 28672K, 3% used [0x00000007eb700000,0x00000007eb80b160,0x00000007ed300000)
  to   space 30208K, 0% used [0x00000007e9980000,0x00000007e9980000,0x00000007eb700000)
 ParOldGen       total 163328K, used 88580K [0x0000000780a00000, 0x000000078a980000, 0x00000007d5880000)
  object space 163328K, 54% used [0x0000000780a00000,0x0000000786081068,0x000000078a980000)
 PSPermGen       total 36864K, used 18309K [0x000000077b800000, 0x000000077dc00000, 0x0000000780a00000)
  object space 36864K, 49% used [0x000000077b800000,0x000000077c9e15e8,0x000000077dc00000)
Event: 4.438 GC heap after
Heap after GC invocations=14 (full 1):
 PSYoungGen      total 358912K, used 30205K [0x00000007d5880000, 0x00000007f2800000, 0x0000000800000000)
  eden space 328704K, 0% used [0x00000007d5880000,0x00000007d5880000,0x00000007e9980000)
  from space 30208K, 99% used [0x00000007e9980000,0x00000007eb6ff568,0x00000007eb700000)
  to   space 37376K, 0% used [0x00000007f0380000,0x00000007f0380000,0x00000007f2800000)
 ParOldGen       total 163328K, used 95316K [0x0000000780a00000, 0x000000078a980000, 0x00000007d5880000)
  object space 163328K, 58% used [0x0000000780a00000,0x0000000786715068,0x000000078a980000)
 PSPermGen       total 36864K, used 18309K [0x000000077b800000, 0x000000077dc00000, 0x0000000780a00000)
  object space 36864K, 49% used [0x000000077b800000,0x000000077c9e15e8,0x000000077dc00000)
}
Event: 6.447 GC heap before
{Heap before GC invocations=15 (full 1):
 PSYoungGen      total 358912K, used 358909K [0x00000007d5880000, 0x00000007f2800000, 0x0000000800000000)
  eden space 328704K, 100% used [0x00000007d5880000,0x00000007e9980000,0x00000007e9980000)
  from space 30208K, 99% used [0x00000007e9980000,0x00000007eb6ff568,0x00000007eb700000)
  to   space 37376K, 0% used [0x00000007f0380000,0x00000007f0380000,0x00000007f2800000)
 ParOldGen       total 163328K, used 95316K [0x0000000780a00000, 0x000000078a980000, 0x00000007d5880000)
  object space 163328K, 58% used [0x0000000780a00000,0x0000000786715068,0x000000078a980000)
 PSPermGen       total 36864K, used 18480K [0x000000077b800000, 0x000000077dc00000, 0x0000000780a00000)
  object space 36864K, 50% used [0x000000077b800000,0x000000077ca0c0e0,0x000000077dc00000)
Event: 6.490 GC heap after
Heap after GC invocations=15 (full 1):
 PSYoungGen      total 409088K, used 37344K [0x00000007d5880000, 0x00000007f5680000, 0x0000000800000000)
  eden space 371712K, 0% used [0x00000007d5880000,0x00000007d5880000,0x00000007ec380000)
  from space 37376K, 99% used [0x00000007f0380000,0x00000007f27f8050,0x00000007f2800000)
  to   space 65536K, 0% used [0x00000007ec380000,0x00000007ec380000,0x00000007f0380000)
 ParOldGen       total 163328K, used 156049K [0x0000000780a00000, 0x000000078a980000, 0x00000007d5880000)
  object space 163328K, 95% used [0x0000000780a00000,0x000000078a264640,0x000000078a980000)
 PSPermGen       total 36864K, used 18480K [0x000000077b800000, 0x000000077dc00000, 0x0000000780a00000)
  object space 36864K, 50% used [0x000000077b800000,0x000000077ca0c0e0,0x000000077dc00000)
}
Event: 6.490 GC heap before
{Heap before GC invocations=16 (full 2):
 PSYoungGen      total 409088K, used 37344K [0x00000007d5880000, 0x00000007f5680000, 0x0000000800000000)
  eden space 371712K, 0% used [0x00000007d5880000,0x00000007d5880000,0x00000007ec380000)
  from space 37376K, 99% used [0x00000007f0380000,0x00000007f27f8050,0x00000007f2800000)
  to   space 65536K, 0% used [0x00000007ec380000,0x00000007ec380000,0x00000007f0380000)
 ParOldGen       total 163328K, used 156049K [0x0000000780a00000, 0x000000078a980000, 0x00000007d5880000)
  object space 163328K, 95% used [0x0000000780a00000,0x000000078a264640,0x000000078a980000)
 PSPermGen       total 36864K, used 18480K [0x000000077b800000, 0x000000077dc00000, 0x0000000780a00000)
  object space 36864K, 50% used [0x000000077b800000,0x000000077ca0c0e0,0x000000077dc00000)
Event: 7.044 GC heap after
Heap after GC invocations=16 (full 2):
 PSYoungGen      total 409088K, used 0K [0x00000007d5880000, 0x00000007f5680000, 0x0000000800000000)
  eden space 371712K, 0% used [0x00000007d5880000,0x00000007d5880000,0x00000007ec380000)
  from space 37376K, 0% used [0x00000007f0380000,0x00000007f0380000,0x00000007f2800000)
  to   space 65536K, 0% used [0x00000007ec380000,0x00000007ec380000,0x00000007f0380000)
 ParOldGen       total 290304K, used 158281K [0x0000000780a00000, 0x0000000792580000, 0x00000007d5880000)
  object space 290304K, 54% used [0x0000000780a00000,0x000000078a492628,0x0000000792580000)
 PSPermGen       total 41472K, used 18480K [0x000000077b800000, 0x000000077e080000, 0x0000000780a00000)
  object space 41472K, 44% used [0x000000077b800000,0x000000077ca0c0a0,0x000000077e080000)
}

Deoptimization events (10 events):
Event: 4.396 Thread 0x000000000cfb1800 Uncommon trap: reason=unreached action=reinterpret pc=0x0000000002702f50 method=br.usp.icmc.vicg.gl.model.jwavefront.JWavefrontModel.parse(Ljava/io/File;)V @ 31
Event: 4.479 Thread 0x000000000cfb1800 Uncommon trap: reason=class_check action=maybe_recompile pc=0x0000000002643200 method=sun.nio.cs.SingleByte.withResult(Ljava/nio/charset/CoderResult;Ljava/nio/Buffer;ILjava/nio/Buffer;I)Ljava/nio/charset/CoderResult; @ 3
Event: 4.479 Thread 0x000000000cfb1800 Uncommon trap: reason=class_check action=maybe_recompile pc=0x0000000002643200 method=sun.nio.cs.SingleByte.withResult(Ljava/nio/charset/CoderResult;Ljava/nio/Buffer;ILjava/nio/Buffer;I)Ljava/nio/charset/CoderResult; @ 3
Event: 4.479 Thread 0x000000000cfb1800 Uncommon trap: reason=class_check action=maybe_recompile pc=0x0000000002643200 method=sun.nio.cs.SingleByte.withResult(Ljava/nio/charset/CoderResult;Ljava/nio/Buffer;ILjava/nio/Buffer;I)Ljava/nio/charset/CoderResult; @ 3
Event: 4.479 Thread 0x000000000cfb1800 Uncommon trap: reason=class_check action=maybe_recompile pc=0x0000000002643200 method=sun.nio.cs.SingleByte.withResult(Ljava/nio/charset/CoderResult;Ljava/nio/Buffer;ILjava/nio/Buffer;I)Ljava/nio/charset/CoderResult; @ 3
Event: 4.479 Thread 0x000000000cfb1800 Uncommon trap: reason=class_check action=maybe_recompile pc=0x00000000026d42c0 method=sun.nio.cs.SingleByte.withResult(Ljava/nio/charset/CoderResult;Ljava/nio/Buffer;ILjava/nio/Buffer;I)Ljava/nio/charset/CoderResult; @ 3
Event: 4.480 Thread 0x000000000cfb1800 Uncommon trap: reason=predicate action=maybe_recompile pc=0x00000000026d4994 method=java.nio.charset.CharsetDecoder.decode(Ljava/nio/ByteBuffer;Ljava/nio/CharBuffer;Z)Ljava/nio/charset/CoderResult; @ 54
Event: 5.110 Thread 0x000000000cfb1800 Uncommon trap: reason=unreached action=reinterpret pc=0x0000000002694ce8 method=sun.awt.image.ByteInterleavedRaster.getDataElements(IILjava/lang/Object;)Ljava/lang/Object; @ 43
Event: 5.466 Thread 0x000000000cfb1800 Uncommon trap: reason=unreached action=reinterpret pc=0x000000000271cd50 method=java.awt.image.ComponentColorModel.getDataElements(ILjava/lang/Object;)Ljava/lang/Object; @ 2993
Event: 7.381 Thread 0x000000000cfb6000 Uncommon trap: reason=class_check action=maybe_recompile pc=0x00000000026ed90c method=java.util.zip.InflaterInputStream.read([BII)I @ 100

Internal exceptions (10 events):
Event: 4.913 Thread 0x000000000cfb1800 Threw 0x00000007d8c66cf8 at C:\re\jdk7u67\1368\hotspot\src\share\vm\prims\jvm.cpp:1244
Event: 5.466 Thread 0x000000000cfb1800 Implicit null exception at 0x00000000027193ba to 0x000000000271cd39
Event: 7.096 Thread 0x000000000cfb1800 Threw 0x00000007d66adad8 at C:\re\jdk7u67\1368\hotspot\src\share\vm\prims\jvm.cpp:1244
Event: 7.097 Thread 0x000000000cfb1800 Threw 0x00000007d66afea8 at C:\re\jdk7u67\1368\hotspot\src\share\vm\prims\jvm.cpp:1244
Event: 7.098 Thread 0x000000000cfb1800 Threw 0x00000007d66b1fb0 at C:\re\jdk7u67\1368\hotspot\src\share\vm\prims\jvm.cpp:1244
Event: 7.098 Thread 0x000000000cfb1800 Threw 0x00000007d66b7050 at C:\re\jdk7u67\1368\hotspot\src\share\vm\prims\jvm.cpp:1244
Event: 7.099 Thread 0x000000000cfb1800 Threw 0x00000007d66bd4f8 at C:\re\jdk7u67\1368\hotspot\src\share\vm\prims\jvm.cpp:1244
Event: 7.099 Thread 0x000000000cfb1800 Threw 0x00000007d66c3548 at C:\re\jdk7u67\1368\hotspot\src\share\vm\prims\jvm.cpp:1244
Event: 7.099 Thread 0x000000000cfb1800 Threw 0x00000007d66c7fc0 at C:\re\jdk7u67\1368\hotspot\src\share\vm\prims\jvm.cpp:1244
Event: 7.380 Thread 0x000000000cfb6000 Threw 0x00000007daf728f0 at C:\re\jdk7u67\1368\hotspot\src\share\vm\prims\jvm.cpp:1244

Events (10 events):
Event: 7.432 loading class 0x000000000d14a2b0 done
Event: 7.432 loading class 0x000000000d14a2e0 done
Event: 7.432 loading class 0x000000000df5abf0
Event: 7.432 loading class 0x000000000df5abf0 done
Event: 7.433 loading class 0x000000000cea9a50
Event: 7.433 loading class 0x000000000cea9a50 done
Event: 7.433 loading class 0x00000000024d9c10
Event: 7.433 loading class 0x00000000024d9c10 done
Event: 7.434 loading class 0x000000000df5ac20
Event: 7.434 loading class 0x000000000df5ac20 done


Dynamic libraries:
0x00007ff7252f0000 - 0x00007ff725323000 	C:\Program Files\Java\jdk1.7.0_67\bin\java.exe
0x00007ffe1fea0000 - 0x00007ffe2004c000 	C:\Windows\SYSTEM32\ntdll.dll
0x00007ffe1f340000 - 0x00007ffe1f47e000 	C:\Windows\system32\KERNEL32.DLL
0x00007ffe1d3b0000 - 0x00007ffe1d4c5000 	C:\Windows\system32\KERNELBASE.dll
0x00007ffe1b9f0000 - 0x00007ffe1ba7e000 	C:\Windows\system32\apphelp.dll
0x00007ffe157b0000 - 0x00007ffe15803000 	C:\Windows\AppPatch\AppPatch64\AcGenral.DLL
0x00007ffe1f480000 - 0x00007ffe1f52a000 	C:\Windows\system32\msvcrt.dll
0x00007ffe1ce90000 - 0x00007ffe1cebe000 	C:\Windows\SYSTEM32\SspiCli.dll
0x00007ffe1f8f0000 - 0x00007ffe1f944000 	C:\Windows\system32\SHLWAPI.dll
0x00007ffe1f530000 - 0x00007ffe1f6a7000 	C:\Windows\system32\USER32.dll
0x00007ffe1d580000 - 0x00007ffe1d714000 	C:\Windows\system32\ole32.dll
0x00007ffe1d910000 - 0x00007ffe1ee28000 	C:\Windows\system32\SHELL32.dll
0x00007ffe1c610000 - 0x00007ffe1c631000 	C:\Windows\SYSTEM32\USERENV.dll
0x00007ffe1f950000 - 0x00007ffe1f9fa000 	C:\Windows\system32\ADVAPI32.dll
0x00007ffe10de0000 - 0x00007ffe10dfe000 	C:\Windows\SYSTEM32\MPR.dll
0x00007ffe1ee30000 - 0x00007ffe1ef71000 	C:\Windows\system32\RPCRT4.dll
0x00007ffe1ef90000 - 0x00007ffe1efe9000 	C:\Windows\SYSTEM32\sechost.dll
0x00007ffe1fc80000 - 0x00007ffe1fe91000 	C:\Windows\SYSTEM32\combase.dll
0x00007ffe1f120000 - 0x00007ffe1f271000 	C:\Windows\system32\GDI32.dll
0x00007ffe1cff0000 - 0x00007ffe1d005000 	C:\Windows\SYSTEM32\profapi.dll
0x00007ffe1b670000 - 0x00007ffe1b722000 	C:\Windows\SYSTEM32\SHCORE.dll
0x00007ffe1f0d0000 - 0x00007ffe1f106000 	C:\Windows\system32\IMM32.DLL
0x00007ffe1d790000 - 0x00007ffe1d8e2000 	C:\Windows\system32\MSCTF.dll
0x00007ffe1aaa0000 - 0x00007ffe1ad1a000 	C:\Windows\WinSxS\amd64_microsoft.windows.common-controls_6595b64144ccf1df_6.0.9600.17810_none_6240b9c7ecbd0bda\COMCTL32.dll
0x0000000065ce0000 - 0x0000000065db2000 	C:\Program Files\Java\jdk1.7.0_67\jre\bin\msvcr100.dll
0x0000000065dc0000 - 0x0000000066592000 	C:\Program Files\Java\jdk1.7.0_67\jre\bin\server\jvm.dll
0x00007ffe1c200000 - 0x00007ffe1c209000 	C:\Windows\SYSTEM32\WSOCK32.dll
0x00007ffe18f20000 - 0x00007ffe18f42000 	C:\Windows\SYSTEM32\WINMM.dll
0x00007ffe1f110000 - 0x00007ffe1f117000 	C:\Windows\system32\PSAPI.DLL
0x00007ffe1d520000 - 0x00007ffe1d57a000 	C:\Windows\system32\WS2_32.dll
0x00007ffe18620000 - 0x00007ffe1864a000 	C:\Windows\SYSTEM32\WINMMBASE.dll
0x00007ffe1ef80000 - 0x00007ffe1ef89000 	C:\Windows\system32\NSI.dll
0x00007ffe1d4d0000 - 0x00007ffe1d51f000 	C:\Windows\SYSTEM32\cfgmgr32.dll
0x00007ffe1bc40000 - 0x00007ffe1bc68000 	C:\Windows\SYSTEM32\DEVOBJ.dll
0x0000000065c90000 - 0x0000000065c9f000 	C:\Program Files\Java\jdk1.7.0_67\jre\bin\verify.dll
0x0000000065c60000 - 0x0000000065c88000 	C:\Program Files\Java\jdk1.7.0_67\jre\bin\java.dll
0x0000000065c40000 - 0x0000000065c55000 	C:\Program Files\Java\jdk1.7.0_67\jre\bin\zip.dll
0x00007ffe1c930000 - 0x00007ffe1c950000 	C:\Windows\SYSTEM32\CRYPTSP.dll
0x00007ffe1c500000 - 0x00007ffe1c536000 	C:\Windows\system32\rsaenh.dll
0x00007ffe1cb80000 - 0x00007ffe1cba6000 	C:\Windows\SYSTEM32\bcrypt.dll
0x00007ffe1cec0000 - 0x00007ffe1cf23000 	C:\Windows\system32\bcryptprimitives.dll
0x00007ffe1cf30000 - 0x00007ffe1cf3b000 	C:\Windows\SYSTEM32\CRYPTBASE.dll
0x0000000065c20000 - 0x0000000065c39000 	C:\Program Files\Java\jdk1.7.0_67\jre\bin\net.dll
0x00007ffe1c8d0000 - 0x00007ffe1c929000 	C:\Windows\system32\mswsock.dll
0x00007ffe15570000 - 0x00007ffe1559a000 	C:\Windows\SYSTEM32\IPHLPAPI.DLL
0x00007ffe15550000 - 0x00007ffe1555a000 	C:\Windows\SYSTEM32\WINNSI.DLL
0x00007ffe15400000 - 0x00007ffe15416000 	C:\Windows\SYSTEM32\dhcpcsvc6.DLL
0x00007ffe153e0000 - 0x00007ffe153fa000 	C:\Windows\SYSTEM32\dhcpcsvc.DLL
0x0000000065c00000 - 0x0000000065c11000 	C:\Program Files\Java\jdk1.7.0_67\jre\bin\nio.dll
0x00000000637c0000 - 0x00000000637ca000 	C:\Users\Avell G1743 MAX\AppData\Local\Temp\jogamp_0000\file_cache\jln211798349400280094\jln5066282311084780477\gluegen-rt.dll
0x0000000065a60000 - 0x0000000065bf5000 	C:\Program Files\Java\jdk1.7.0_67\jre\bin\awt.dll
0x00007ffe1fa00000 - 0x00007ffe1fac1000 	C:\Windows\system32\OLEAUT32.dll
0x00007ffe1bac0000 - 0x00007ffe1bbe9000 	C:\Windows\system32\uxtheme.dll
0x00007ffe1ad20000 - 0x00007ffe1ad41000 	C:\Windows\system32\dwmapi.dll
0x00007ffe1bcb0000 - 0x00007ffe1bcbb000 	C:\Windows\SYSTEM32\kernel.appcore.dll
0x0000000063b20000 - 0x0000000063b27000 	C:\Program Files\Java\jdk1.7.0_67\jre\bin\jawt.dll
0x000000006a440000 - 0x000000006a44b000 	C:\Users\Avell G1743 MAX\AppData\Local\Temp\jogamp_0000\file_cache\jln211798349400280094\jln5066282311084780477\nativewindow_awt.dll
0x00007ffe13280000 - 0x00007ffe134a1000 	C:\Windows\system32\d3d9.dll
0x00007ffe19940000 - 0x00007ffe1994a000 	C:\Windows\SYSTEM32\VERSION.dll
0x00007ffdfc6e0000 - 0x00007ffdfd5ef000 	C:\Windows\SYSTEM32\nvd3dumx.dll
0x0000000180000000 - 0x0000000180188000 	C:\Windows\system32\nvspcap64.dll
0x00007ffe1f6b0000 - 0x00007ffe1f88a000 	C:\Windows\system32\SETUPAPI.dll
0x00007ffe1c640000 - 0x00007ffe1c686000 	C:\Windows\system32\powrprof.dll
0x00007ffe19bb0000 - 0x00007ffe19d0d000 	C:\Program Files (x86)\NVIDIA Corporation\3D Vision\nvSCPAPI64.dll
0x000000006c100000 - 0x000000006c10b000 	C:\Users\Avell G1743 MAX\AppData\Local\Temp\jogamp_0000\file_cache\jln211798349400280094\jln5066282311084780477\nativewindow_win32.dll
0x00007ffe15cf0000 - 0x00007ffe15e1b000 	C:\Windows\SYSTEM32\OpenGL32.dll
0x00007ffe1aef0000 - 0x00007ffe1af1e000 	C:\Windows\SYSTEM32\GLU32.dll
0x00007ffe17950000 - 0x00007ffe17a48000 	C:\Windows\SYSTEM32\DDRAW.dll
0x00007ffe1b490000 - 0x00007ffe1b499000 	C:\Windows\SYSTEM32\DCIMAN32.dll
0x0000000064500000 - 0x000000006458b000 	C:\Users\Avell G1743 MAX\AppData\Local\Temp\jogamp_0000\file_cache\jln211798349400280094\jln5066282311084780477\jogl_desktop.dll
0x0000000010a30000 - 0x000000001287a000 	C:\Windows\SYSTEM32\nvoglv64.DLL
0x00007ffe1c240000 - 0x00007ffe1c252000 	C:\Windows\SYSTEM32\WTSAPI32.dll
0x00007ffe1d170000 - 0x00007ffe1d1c1000 	C:\Windows\system32\WINTRUST.dll
0x00007ffe1d1d0000 - 0x00007ffe1d3af000 	C:\Windows\system32\CRYPT32.dll
0x00007ffe1d0a0000 - 0x00007ffe1d0b1000 	C:\Windows\system32\MSASN1.dll
0x00007ffe19160000 - 0x00007ffe19192000 	C:\Windows\SYSTEM32\ntmarta.dll
0x00007ffe1c0b0000 - 0x00007ffe1c10a000 	C:\Windows\SYSTEM32\WINSTA.dll
0x0000000065a10000 - 0x0000000065a57000 	C:\Program Files\Java\jdk1.7.0_67\jre\bin\fontmanager.dll
0x00000000659c0000 - 0x0000000065a01000 	C:\Program Files\Java\jdk1.7.0_67\jre\bin\t2k.dll
0x00007ffe1eff0000 - 0x00007ffe1f0a6000 	C:\Windows\SYSTEM32\clbcatq.dll
0x00007ffe19d10000 - 0x00007ffe19ebe000 	C:\Windows\SYSTEM32\WindowsCodecs.dll
0x0000000063ab0000 - 0x0000000063ae0000 	C:\Program Files\Java\jdk1.7.0_67\jre\bin\jpeg.dll
0x0000000063a40000 - 0x0000000063a79000 	C:\Program Files\Java\jdk1.7.0_67\jre\bin\kcms.dll
0x00007ffe10080000 - 0x00007ffe10209000 	C:\Windows\SYSTEM32\dbghelp.dll

VM Arguments:
java_command: br.usp.icmc.vicg.gl.app.App
Launcher Type: SUN_STANDARD

Environment Variables:
JAVA_HOME=C:\Program Files\Java\jdk1.7.0_67
PATH=C:\Program Files (x86)\Intel\iCLS Client\;C:\Program Files\Intel\iCLS Client\;C:\Windows\system32;C:\Windows;C:\Windows\System32\Wbem;C:\Windows\System32\WindowsPowerShell\v1.0\;C:\Program Files (x86)\EgisTec BioExcess\x64;C:\Program Files (x86)\EgisTec BioExcess\;C:\Program Files\Intel\Intel(R) Management Engine Components\DAL;C:\Program Files\Intel\Intel(R) Management Engine Components\IPT;C:\Program Files (x86)\Intel\Intel(R) Management Engine Components\DAL;C:\Program Files (x86)\Intel\Intel(R) Management Engine Components\IPT;C:\Program Files (x86)\NVIDIA Corporation\PhysX\Common;C:\Program Files (x86)\Brackets\command;C:\Program Files\Latex\miktex\bin\x64\
USERNAME=Avell G1743 MAX
OS=Windows_NT
PROCESSOR_IDENTIFIER=Intel64 Family 6 Model 60 Stepping 3, GenuineIntel



---------------  S Y S T E M  ---------------

OS: Windows 8.1 , 64 bit Build 9600 

CPU:total 8 (4 cores per cpu, 2 threads per core) family 6 model 60 stepping 3, cmov, cx8, fxsr, mmx, sse, sse2, sse3, ssse3, sse4.1, sse4.2, popcnt, avx, avx2, aes, erms, ht, tsc, tscinvbit

Memory: 4k page, physical 8342216k(4078964k free), swap 11497932k(5371388k free)

vm_info: Java HotSpot(TM) 64-Bit Server VM (24.65-b04) for windows-amd64 JRE (1.7.0_67-b01), built on Jul 25 2014 08:55:00 by "java_re" with unknown MS VC++:1600

time: Thu Jul 09 14:58:23 2015
elapsed time: 7 seconds

