#
# A fatal error has been detected by the Java Runtime Environment:
#
#  EXCEPTION_ACCESS_VIOLATION (0xc0000005) at pc=0x000000005485fb3e, pid=6000, tid=7484
#
# JRE version: Java(TM) SE Runtime Environment (7.0_67-b01) (build 1.7.0_67-b01)
# Java VM: Java HotSpot(TM) 64-Bit Server VM (24.65-b04 mixed mode windows-amd64 compressed oops)
# Problematic frame:
# C  [nvoglv64.DLL+0xacfb3e]
#
# Failed to write core dump. Minidumps are not enabled by default on client versions of Windows
#
# If you would like to submit a bug report, please visit:
#   http://bugreport.sun.com/bugreport/crash.jsp
# The crash happened outside the Java Virtual Machine in native code.
# See problematic frame for where to report the bug.
#

---------------  T H R E A D  ---------------

Current thread (0x000000000d3a7800):  JavaThread "AWT-EventQueue-0" [_thread_in_native, id=7484, stack(0x000000000e660000,0x000000000e760000)]

siginfo: ExceptionCode=0xc0000005, reading address 0x00000000178cfffc

Registers:
RAX=0x0000000000000000, RBX=0x0000000000060000, RCX=0x0000000000000102, RDX=0x0000000000000102
RSP=0x000000000e75dc60, RBP=0x00000000128a0000, RSI=0x0000000000060000, RDI=0x0000000017750040
R8 =0x0000000000000000, R9 =0x0000000000000000, R10=0x0000000000000010, R11=0x0000000017750000
R12=0x0000000000000000, R13=0x0000000000000004, R14=0x0000000000000010, R15=0x00000000114f84b0
RIP=0x000000005485fb3e, EFLAGS=0x0000000000010246

Top of Stack: (sp=0x000000000e75dc60)
0x000000000e75dc60:   0000000013372710 0000000000000000
0x000000000e75dc70:   0000000000000000 0000000000000000
0x000000000e75dc80:   0000000000000000 00000000548f6955
0x000000000e75dc90:   0000000000060000 0000000000001405
0x000000000e75dca0:   00000000ffffffff 00000000128a0000
0x000000000e75dcb0:   0000000000001405 0000000000000000
0x000000000e75dcc0:   000000000e75dd20 000000000e75dcd0
0x000000000e75dcd0:   00000000114f84b0 0000000013357118
0x000000000e75dce0:   000000077bf005c0 00000000128a0000
0x000000000e75dcf0:   000000000d3a7800 000000077bf005c0
0x000000000e75dd00:   0000000000000000 0000000000001405
0x000000000e75dd10:   0000000000000004 000000005453f031
0x000000000e75dd20:   0000000000000004 00000000128a0000
0x000000000e75dd30:   0000000000000000 000000000e75de70
0x000000000e75dd40:   0000000700060000 0000000000001405
0x000000000e75dd50:   0000000000000000 0000000000000000 

Instructions: (pc=0x000000005485fb3e)
0x000000005485fb1e:   00 00 8b 0f 48 83 c7 04 44 3b c1 8b c1 41 0f 42
0x000000005485fb2e:   c0 3b d1 0f 47 ca 44 8b c0 8b d1 49 ff c9 75 e2
0x000000005485fb3e:   41 3b 54 b3 fc 41 0f 46 54 b3 fc 8b c2 41 2b c0
0x000000005485fb4e:   3d 00 00 01 00 0f 83 b4 02 00 00 ff c0 3b c6 0f 


Register to memory mapping:

RAX=0x0000000000000000 is an unknown value
RBX=0x0000000000060000 is an unknown value
RCX=0x0000000000000102 is an unknown value
RDX=0x0000000000000102 is an unknown value
RSP=0x000000000e75dc60 is pointing into the stack for thread: 0x000000000d3a7800
RBP=0x00000000128a0000 is an unknown value
RSI=0x0000000000060000 is an unknown value
RDI=0x0000000017750040 is an unknown value
R8 =0x0000000000000000 is an unknown value
R9 =0x0000000000000000 is an unknown value
R10=0x0000000000000010 is an unknown value
R11=0x0000000017750000 is an unknown value
R12=0x0000000000000000 is an unknown value
R13=0x0000000000000004 is an unknown value
R14=0x0000000000000010 is an unknown value
R15=0x00000000114f84b0 is an unknown value


Stack: [0x000000000e660000,0x000000000e760000],  sp=0x000000000e75dc60,  free space=1015k
Native frames: (J=compiled Java code, j=interpreted, Vv=VM code, C=native code)
C  [nvoglv64.DLL+0xacfb3e]

Java frames: (J=compiled Java code, j=interpreted, Vv=VM code)
j  jogamp.opengl.gl4.GL4bcImpl.dispatch_glDrawElements1(IIIJJ)V+0
j  jogamp.opengl.gl4.GL4bcImpl.glDrawElements(IIIJ)V+47
j  br.usp.icmc.vicg.gl.app.Terrain.draw()V+278
j  br.usp.icmc.vicg.gl.app.App.display(Ljavax/media/opengl/GLAutoDrawable;)V+220
j  jogamp.opengl.GLDrawableHelper.displayImpl(Ljavax/media/opengl/GLAutoDrawable;)V+58
j  jogamp.opengl.GLDrawableHelper.display(Ljavax/media/opengl/GLAutoDrawable;)V+2
j  javax.media.opengl.awt.GLCanvas$7.run()V+118
j  jogamp.opengl.GLDrawableHelper.invokeGLImpl(Ljavax/media/opengl/GLDrawable;Ljavax/media/opengl/GLContext;Ljava/lang/Runnable;Ljava/lang/Runnable;Ljavax/media/opengl/GLAutoDrawable;)V+137
j  jogamp.opengl.GLDrawableHelper.invokeGL(Ljavax/media/opengl/GLDrawable;Ljavax/media/opengl/GLContext;Ljava/lang/Runnable;Ljava/lang/Runnable;)V+85
j  javax.media.opengl.awt.GLCanvas$8.run()V+49
j  java.awt.event.InvocationEvent.dispatch()V+11
j  java.awt.EventQueue.dispatchEventImpl(Ljava/awt/AWTEvent;Ljava/lang/Object;)V+21
j  java.awt.EventQueue.access$200(Ljava/awt/EventQueue;Ljava/awt/AWTEvent;Ljava/lang/Object;)V+3
j  java.awt.EventQueue$3.run()Ljava/lang/Void;+12
j  java.awt.EventQueue$3.run()Ljava/lang/Object;+1
v  ~StubRoutines::call_stub
j  java.security.AccessController.doPrivileged(Ljava/security/PrivilegedAction;Ljava/security/AccessControlContext;)Ljava/lang/Object;+0
j  java.security.ProtectionDomain$1.doIntersectionPrivilege(Ljava/security/PrivilegedAction;Ljava/security/AccessControlContext;Ljava/security/AccessControlContext;)Ljava/lang/Object;+28
j  java.awt.EventQueue.dispatchEvent(Ljava/awt/AWTEvent;)V+46
j  java.awt.EventDispatchThread.pumpOneEventForFilters(I)V+245
j  java.awt.EventDispatchThread.pumpEventsForFilter(ILjava/awt/Conditional;Ljava/awt/EventFilter;)V+35
j  java.awt.EventDispatchThread.pumpEventsForHierarchy(ILjava/awt/Conditional;Ljava/awt/Component;)V+11
j  java.awt.EventDispatchThread.pumpEvents(ILjava/awt/Conditional;)V+4
j  java.awt.EventDispatchThread.pumpEvents(Ljava/awt/Conditional;)V+3
j  java.awt.EventDispatchThread.run()V+9
v  ~StubRoutines::call_stub

---------------  P R O C E S S  ---------------

Java Threads: ( => current thread )
  0x0000000002852800 JavaThread "DestroyJavaVM" [_thread_blocked, id=4368, stack(0x0000000002750000,0x0000000002850000)]
  0x000000000e3cd000 JavaThread "Timer-0" [_thread_blocked, id=3328, stack(0x0000000012370000,0x0000000012470000)]
  0x000000000e3ca800 JavaThread "D3D Screen Updater" daemon [_thread_blocked, id=6992, stack(0x0000000012260000,0x0000000012360000)]
  0x000000000d488000 JavaThread "main-SharedResourceRunner" daemon [_thread_blocked, id=7172, stack(0x00000000108d0000,0x00000000109d0000)]
=>0x000000000d3a7800 JavaThread "AWT-EventQueue-0" [_thread_in_native, id=7484, stack(0x000000000e660000,0x000000000e760000)]
  0x000000000d35a800 JavaThread "AWT-Windows" daemon [_thread_in_native, id=7248, stack(0x000000000ea60000,0x000000000eb60000)]
  0x000000000dfdc800 JavaThread "AWT-Shutdown" [_thread_blocked, id=7236, stack(0x000000000e960000,0x000000000ea60000)]
  0x000000000d35a000 JavaThread "Java2D Disposer" daemon [_thread_blocked, id=496, stack(0x000000000e860000,0x000000000e960000)]
  0x0000000002948800 JavaThread "Service Thread" daemon [_thread_blocked, id=908, stack(0x000000000d980000,0x000000000da80000)]
  0x0000000002944000 JavaThread "C2 CompilerThread1" daemon [_thread_blocked, id=7976, stack(0x000000000d880000,0x000000000d980000)]
  0x0000000002940000 JavaThread "C2 CompilerThread0" daemon [_thread_blocked, id=7636, stack(0x000000000d780000,0x000000000d880000)]
  0x000000000293f000 JavaThread "Attach Listener" daemon [_thread_blocked, id=7404, stack(0x000000000d680000,0x000000000d780000)]
  0x000000000d1a1800 JavaThread "Signal Dispatcher" daemon [_thread_blocked, id=7732, stack(0x000000000d580000,0x000000000d680000)]
  0x000000000b1af800 JavaThread "Finalizer" daemon [_thread_blocked, id=2536, stack(0x000000000d080000,0x000000000d180000)]
  0x000000000b1a8800 JavaThread "Reference Handler" daemon [_thread_blocked, id=7580, stack(0x000000000cf80000,0x000000000d080000)]

Other Threads:
  0x000000000b1a5800 VMThread [stack: 0x000000000ce80000,0x000000000cf80000] [id=6364]
  0x000000000294c800 WatcherThread [stack: 0x000000000da80000,0x000000000db80000] [id=6820]

VM state:not at safepoint (normal execution)

VM Mutex/Monitor currently owned by a thread: None

Heap
 PSYoungGen      total 344064K, used 180510K [0x00000007d5880000, 0x00000007f2680000, 0x0000000800000000)
  eden space 246784K, 67% used [0x00000007d5880000,0x00000007dfbffb70,0x00000007e4980000)
  from space 97280K, 13% used [0x00000007e4980000,0x00000007e5648030,0x00000007ea880000)
  to   space 94720K, 0% used [0x00000007eca00000,0x00000007eca00000,0x00000007f2680000)
 ParOldGen       total 317440K, used 219004K [0x0000000780a00000, 0x0000000794000000, 0x00000007d5880000)
  object space 317440K, 68% used [0x0000000780a00000,0x000000078dfdf3f0,0x0000000794000000)
 PSPermGen       total 39424K, used 18554K [0x000000077b800000, 0x000000077de80000, 0x0000000780a00000)
  object space 39424K, 47% used [0x000000077b800000,0x000000077ca1eb08,0x000000077de80000)

Card table byte_map: [0x0000000005a10000,0x0000000005e40000] byte_map_base: 0x0000000001e34000

Polling page: 0x0000000000e10000

Code Cache  [0x0000000002950000, 0x0000000002bc0000, 0x0000000005950000)
 total_blobs=995 nmethods=263 adapters=684 free_code_cache=47453Kb largest_free_block=48543552

Compilation events (10 events):
Event: 8.287 Thread 0x0000000002944000  265 %           br.usp.icmc.vicg.gl.model.jwavefront.JWavefrontModel::create_vao @ 172 (707 bytes)
Event: 8.302 Thread 0x0000000002944000 nmethod 265% 0x0000000002a92f10 code [0x0000000002a93180, 0x0000000002a94290]
Event: 8.302 Thread 0x0000000002940000  266 %           br.usp.icmc.vicg.gl.model.jwavefront.JWavefrontModel::create_vao @ 143 (707 bytes)
Event: 8.318 Thread 0x0000000002940000 nmethod 266% 0x0000000002ad4cd0 code [0x0000000002ad4f20, 0x0000000002ad61f0]
Event: 8.482 Thread 0x0000000002944000  267             br.usp.icmc.vicg.gl.model.jwavefront.JWavefrontModel::create_vao (707 bytes)
Event: 8.485 Thread 0x0000000002940000  268             java.nio.Buffer::limit (5 bytes)
Event: 8.485 Thread 0x0000000002940000 nmethod 268 0x0000000002a92c90 code [0x0000000002a92dc0, 0x0000000002a92e18]
Event: 8.498 Thread 0x0000000002940000  269   !         java.util.zip.InflaterInputStream::read (138 bytes)
Event: 8.505 Thread 0x0000000002940000 nmethod 269 0x0000000002ad2c90 code [0x0000000002ad2e80, 0x0000000002ad4050]
Event: 8.508 Thread 0x0000000002944000 nmethod 267 0x0000000002b01b50 code [0x0000000002b01de0, 0x0000000002b03730]

GC Heap History (10 events):
Event: 3.736 GC heap before
{Heap before GC invocations=18 (full 2):
 PSYoungGen      total 203264K, used 192861K [0x00000007d5880000, 0x00000007e9400000, 0x0000000800000000)
  eden space 151552K, 100% used [0x00000007d5880000,0x00000007dec80000,0x00000007dec80000)
  from space 51712K, 79% used [0x00000007dec80000,0x00000007e14d7568,0x00000007e1f00000)
  to   space 56320K, 0% used [0x00000007e5d00000,0x00000007e5d00000,0x00000007e9400000)
 ParOldGen       total 178176K, used 71581K [0x0000000780a00000, 0x000000078b800000, 0x00000007d5880000)
  object space 178176K, 40% used [0x0000000780a00000,0x0000000784fe7690,0x000000078b800000)
 PSPermGen       total 40960K, used 18291K [0x000000077b800000, 0x000000077e000000, 0x0000000780a00000)
  object space 40960K, 44% used [0x000000077b800000,0x000000077c9dce60,0x000000077e000000)
Event: 3.764 GC heap after
Heap after GC invocations=18 (full 2):
 PSYoungGen      total 265728K, used 33085K [0x00000007d5880000, 0x00000007e9680000, 0x0000000800000000)
  eden space 209408K, 0% used [0x00000007d5880000,0x00000007d5880000,0x00000007e2500000)
  from space 56320K, 58% used [0x00000007e5d00000,0x00000007e7d4f568,0x00000007e9400000)
  to   space 57344K, 0% used [0x00000007e2500000,0x00000007e2500000,0x00000007e5d00000)
 ParOldGen       total 178176K, used 94965K [0x0000000780a00000, 0x000000078b800000, 0x00000007d5880000)
  object space 178176K, 53% used [0x0000000780a00000,0x00000007866bd690,0x000000078b800000)
 PSPermGen       total 40960K, used 18291K [0x000000077b800000, 0x000000077e000000, 0x0000000780a00000)
  object space 40960K, 44% used [0x000000077b800000,0x000000077c9dce60,0x000000077e000000)
}
Event: 4.486 GC heap before
{Heap before GC invocations=19 (full 2):
 PSYoungGen      total 265728K, used 242493K [0x00000007d5880000, 0x00000007e9680000, 0x0000000800000000)
  eden space 209408K, 100% used [0x00000007d5880000,0x00000007e2500000,0x00000007e2500000)
  from space 56320K, 58% used [0x00000007e5d00000,0x00000007e7d4f568,0x00000007e9400000)
  to   space 57344K, 0% used [0x00000007e2500000,0x00000007e2500000,0x00000007e5d00000)
 ParOldGen       total 178176K, used 94965K [0x0000000780a00000, 0x000000078b800000, 0x00000007d5880000)
  object space 178176K, 53% used [0x0000000780a00000,0x00000007866bd690,0x000000078b800000)
 PSPermGen       total 40960K, used 18336K [0x000000077b800000, 0x000000077e000000, 0x0000000780a00000)
  object space 40960K, 44% used [0x000000077b800000,0x000000077c9e83b0,0x000000077e000000)
Event: 4.532 GC heap after
Heap after GC invocations=19 (full 2):
 PSYoungGen      total 266752K, used 57328K [0x00000007d5880000, 0x00000007efa00000, 0x0000000800000000)
  eden space 209408K, 0% used [0x00000007d5880000,0x00000007d5880000,0x00000007e2500000)
  from space 57344K, 99% used [0x00000007e2500000,0x00000007e5cfc040,0x00000007e5d00000)
  to   space 83456K, 0% used [0x00000007ea880000,0x00000007ea880000,0x00000007efa00000)
 ParOldGen       total 178176K, used 139106K [0x0000000780a00000, 0x000000078b800000, 0x00000007d5880000)
  object space 178176K, 78% used [0x0000000780a00000,0x00000007891d8bf8,0x000000078b800000)
 PSPermGen       total 40960K, used 18336K [0x000000077b800000, 0x000000077e000000, 0x0000000780a00000)
  object space 40960K, 44% used [0x000000077b800000,0x000000077c9e83b0,0x000000077e000000)
}
Event: 4.532 GC heap before
{Heap before GC invocations=20 (full 3):
 PSYoungGen      total 266752K, used 57328K [0x00000007d5880000, 0x00000007efa00000, 0x0000000800000000)
  eden space 209408K, 0% used [0x00000007d5880000,0x00000007d5880000,0x00000007e2500000)
  from space 57344K, 99% used [0x00000007e2500000,0x00000007e5cfc040,0x00000007e5d00000)
  to   space 83456K, 0% used [0x00000007ea880000,0x00000007ea880000,0x00000007efa00000)
 ParOldGen       total 178176K, used 139106K [0x0000000780a00000, 0x000000078b800000, 0x00000007d5880000)
  object space 178176K, 78% used [0x0000000780a00000,0x00000007891d8bf8,0x000000078b800000)
 PSPermGen       total 40960K, used 18336K [0x000000077b800000, 0x000000077e000000, 0x0000000780a00000)
  object space 40960K, 44% used [0x000000077b800000,0x000000077c9e83b0,0x000000077e000000)
Event: 5.381 GC heap after
Heap after GC invocations=20 (full 3):
 PSYoungGen      total 266752K, used 0K [0x00000007d5880000, 0x00000007efa00000, 0x0000000800000000)
  eden space 209408K, 0% used [0x00000007d5880000,0x00000007d5880000,0x00000007e2500000)
  from space 57344K, 0% used [0x00000007e2500000,0x00000007e2500000,0x00000007e5d00000)
  to   space 83456K, 0% used [0x00000007ea880000,0x00000007ea880000,0x00000007efa00000)
 ParOldGen       total 317440K, used 153468K [0x0000000780a00000, 0x0000000794000000, 0x00000007d5880000)
  object space 317440K, 48% used [0x0000000780a00000,0x0000000789fdf3b0,0x0000000794000000)
 PSPermGen       total 39424K, used 18336K [0x000000077b800000, 0x000000077de80000, 0x0000000780a00000)
  object space 39424K, 46% used [0x000000077b800000,0x000000077c9e8370,0x000000077de80000)
}
Event: 6.830 GC heap before
{Heap before GC invocations=21 (full 3):
 PSYoungGen      total 266752K, used 209408K [0x00000007d5880000, 0x00000007efa00000, 0x0000000800000000)
  eden space 209408K, 100% used [0x00000007d5880000,0x00000007e2500000,0x00000007e2500000)
  from space 57344K, 0% used [0x00000007e2500000,0x00000007e2500000,0x00000007e5d00000)
  to   space 83456K, 0% used [0x00000007ea880000,0x00000007ea880000,0x00000007efa00000)
 ParOldGen       total 317440K, used 153468K [0x0000000780a00000, 0x0000000794000000, 0x00000007d5880000)
  object space 317440K, 48% used [0x0000000780a00000,0x0000000789fdf3b0,0x0000000794000000)
 PSPermGen       total 39424K, used 18359K [0x000000077b800000, 0x000000077de80000, 0x0000000780a00000)
  object space 39424K, 46% used [0x000000077b800000,0x000000077c9edf80,0x000000077de80000)
Event: 6.872 GC heap after
Heap after GC invocations=21 (full 3):
 PSYoungGen      total 330240K, used 82368K [0x00000007d5880000, 0x00000007f0780000, 0x0000000800000000)
  eden space 246784K, 0% used [0x00000007d5880000,0x00000007d5880000,0x00000007e4980000)
  from space 83456K, 98% used [0x00000007ea880000,0x00000007ef8f0050,0x00000007efa00000)
  to   space 97280K, 0% used [0x00000007e4980000,0x00000007e4980000,0x00000007ea880000)
 ParOldGen       total 317440K, used 219004K [0x0000000780a00000, 0x0000000794000000, 0x00000007d5880000)
  object space 317440K, 68% used [0x0000000780a00000,0x000000078dfdf3f0,0x0000000794000000)
 PSPermGen       total 39424K, used 18359K [0x000000077b800000, 0x000000077de80000, 0x0000000780a00000)
  object space 39424K, 46% used [0x000000077b800000,0x000000077c9edf80,0x000000077de80000)
}
Event: 7.986 GC heap before
{Heap before GC invocations=22 (full 3):
 PSYoungGen      total 330240K, used 326073K [0x00000007d5880000, 0x00000007f0780000, 0x0000000800000000)
  eden space 246784K, 98% used [0x00000007d5880000,0x00000007e467e430,0x00000007e4980000)
  from space 83456K, 98% used [0x00000007ea880000,0x00000007ef8f0050,0x00000007efa00000)
  to   space 97280K, 0% used [0x00000007e4980000,0x00000007e4980000,0x00000007ea880000)
 ParOldGen       total 317440K, used 219004K [0x0000000780a00000, 0x0000000794000000, 0x00000007d5880000)
  object space 317440K, 68% used [0x0000000780a00000,0x000000078dfdf3f0,0x0000000794000000)
 PSPermGen       total 39424K, used 18362K [0x000000077b800000, 0x000000077de80000, 0x0000000780a00000)
  object space 39424K, 46% used [0x000000077b800000,0x000000077c9eea18,0x000000077de80000)
Event: 7.988 GC heap after
Heap after GC invocations=22 (full 3):
 PSYoungGen      total 344064K, used 13088K [0x00000007d5880000, 0x00000007f2680000, 0x0000000800000000)
  eden space 246784K, 0% used [0x00000007d5880000,0x00000007d5880000,0x00000007e4980000)
  from space 97280K, 13% used [0x00000007e4980000,0x00000007e5648030,0x00000007ea880000)
  to   space 94720K, 0% used [0x00000007eca00000,0x00000007eca00000,0x00000007f2680000)
 ParOldGen       total 317440K, used 219004K [0x0000000780a00000, 0x0000000794000000, 0x00000007d5880000)
  object space 317440K, 68% used [0x0000000780a00000,0x000000078dfdf3f0,0x0000000794000000)
 PSPermGen       total 39424K, used 18362K [0x000000077b800000, 0x000000077de80000, 0x0000000780a00000)
  object space 39424K, 46% used [0x000000077b800000,0x000000077c9eea18,0x000000077de80000)
}

Deoptimization events (10 events):
Event: 6.069 Thread 0x000000000d3a7800 Uncommon trap: reason=class_check action=maybe_recompile pc=0x0000000002a61f7c method=java.io.BufferedInputStream.fill()V @ 175
Event: 6.111 Thread 0x000000000d3a7800 Uncommon trap: reason=class_check action=maybe_recompile pc=0x0000000002aa006c method=java.io.BufferedInputStream.read1([BII)I @ 39
Event: 6.158 Thread 0x000000000d3a7800 Uncommon trap: reason=class_check action=maybe_recompile pc=0x0000000002aa006c method=java.io.BufferedInputStream.read1([BII)I @ 39
Event: 6.179 Thread 0x000000000d3a7800 Uncommon trap: reason=class_check action=maybe_recompile pc=0x0000000002aa006c method=java.io.BufferedInputStream.read1([BII)I @ 39
Event: 6.324 Thread 0x000000000d3a7800 Uncommon trap: reason=class_check action=maybe_recompile pc=0x0000000002aa006c method=java.io.BufferedInputStream.read1([BII)I @ 39
Event: 6.458 Thread 0x000000000d3a7800 Uncommon trap: reason=unreached action=reinterpret pc=0x0000000002a45ed0 method=java.awt.image.ComponentColorModel.getDataElements(ILjava/lang/Object;)Ljava/lang/Object; @ 2993
Event: 8.489 Thread 0x000000000d3a7800 Uncommon trap: reason=class_check action=maybe_recompile pc=0x0000000002a5f0cc method=java.util.zip.InflaterInputStream.read([BII)I @ 100
Event: 8.489 Thread 0x000000000d3a7800 Uncommon trap: reason=class_check action=maybe_recompile pc=0x0000000002a5f0cc method=java.util.zip.InflaterInputStream.read([BII)I @ 100
Event: 8.489 Thread 0x000000000d3a7800 Uncommon trap: reason=class_check action=maybe_recompile pc=0x0000000002a5f0cc method=java.util.zip.InflaterInputStream.read([BII)I @ 100
Event: 8.498 Thread 0x000000000e3cd000 Uncommon trap: reason=class_check action=maybe_recompile pc=0x0000000002a5f0cc method=java.util.zip.InflaterInputStream.read([BII)I @ 100

Internal exceptions (10 events):
Event: 4.348 Thread 0x000000000d3a7800 Threw 0x00000007e0f60310 at C:\re\jdk7u67\1368\hotspot\src\share\vm\prims\jvm.cpp:1244
Event: 4.348 Thread 0x000000000d3a7800 Threw 0x00000007e0f62208 at C:\re\jdk7u67\1368\hotspot\src\share\vm\prims\jvm.cpp:1244
Event: 4.349 Thread 0x000000000d3a7800 Threw 0x00000007e0f672a8 at C:\re\jdk7u67\1368\hotspot\src\share\vm\prims\jvm.cpp:1244
Event: 4.349 Thread 0x000000000d3a7800 Threw 0x00000007e0f6d460 at C:\re\jdk7u67\1368\hotspot\src\share\vm\prims\jvm.cpp:1244
Event: 4.350 Thread 0x000000000d3a7800 Threw 0x00000007e0f734b0 at C:\re\jdk7u67\1368\hotspot\src\share\vm\prims\jvm.cpp:1244
Event: 6.458 Thread 0x000000000d3a7800 Implicit null exception at 0x0000000002a4253a to 0x0000000002a45eb9
Event: 8.276 Thread 0x000000000d3a7800 Threw 0x00000007daeb2a98 at C:\re\jdk7u67\1368\hotspot\src\share\vm\prims\jvm.cpp:1244
Event: 8.278 Thread 0x000000000d3a7800 Threw 0x00000007daeb4e68 at C:\re\jdk7u67\1368\hotspot\src\share\vm\prims\jvm.cpp:1244
Event: 8.488 Thread 0x000000000d3a7800 Threw 0x00000007daf6fe28 at C:\re\jdk7u67\1368\hotspot\src\share\vm\prims\jvm.cpp:1244
Event: 8.498 Thread 0x000000000e3cd000 Threw 0x00000007df98aac8 at C:\re\jdk7u67\1368\hotspot\src\share\vm\prims\jvm.cpp:1244

Events (10 events):
Event: 8.508 loading class 0x000000000e240040
Event: 8.508 loading class 0x000000000e240040 done
Event: 8.509 loading class 0x000000000e0874f0
Event: 8.509 loading class 0x000000000e49c370
Event: 8.509 loading class 0x000000000e49c370 done
Event: 8.509 loading class 0x000000000e0874f0 done
Event: 8.510 loading class 0x000000000d1c13f0
Event: 8.510 loading class 0x000000000d1c13f0 done
Event: 8.510 loading class 0x000000000d529b80
Event: 8.510 loading class 0x000000000d529b80 done


Dynamic libraries:
0x00007ff69a9b0000 - 0x00007ff69a9e3000 	C:\Program Files\Java\jdk1.7.0_67\bin\java.exe
0x00007ffda05c0000 - 0x00007ffda076c000 	C:\Windows\SYSTEM32\ntdll.dll
0x00007ffda0050000 - 0x00007ffda018e000 	C:\Windows\system32\KERNEL32.DLL
0x00007ffd9d940000 - 0x00007ffd9da55000 	C:\Windows\system32\KERNELBASE.dll
0x00007ffd9c110000 - 0x00007ffd9c19e000 	C:\Windows\system32\apphelp.dll
0x00007ffd91640000 - 0x00007ffd91693000 	C:\Windows\AppPatch\AppPatch64\AcGenral.DLL
0x00007ffd9fa50000 - 0x00007ffd9fafa000 	C:\Windows\system32\msvcrt.dll
0x00007ffd9d5b0000 - 0x00007ffd9d5de000 	C:\Windows\SYSTEM32\SspiCli.dll
0x00007ffd9e1a0000 - 0x00007ffd9e1f4000 	C:\Windows\system32\SHLWAPI.dll
0x00007ffda0440000 - 0x00007ffda05b7000 	C:\Windows\system32\USER32.dll
0x00007ffd9fbd0000 - 0x00007ffd9fd64000 	C:\Windows\system32\ole32.dll
0x00007ffd9e310000 - 0x00007ffd9f828000 	C:\Windows\system32\SHELL32.dll
0x00007ffd9cd30000 - 0x00007ffd9cd51000 	C:\Windows\SYSTEM32\USERENV.dll
0x00007ffd9ffa0000 - 0x00007ffda004a000 	C:\Windows\system32\ADVAPI32.dll
0x00007ffd928b0000 - 0x00007ffd928ce000 	C:\Windows\SYSTEM32\MPR.dll
0x00007ffd9dc40000 - 0x00007ffd9dd81000 	C:\Windows\system32\RPCRT4.dll
0x00007ffda0190000 - 0x00007ffda01e9000 	C:\Windows\SYSTEM32\sechost.dll
0x00007ffd9f830000 - 0x00007ffd9fa41000 	C:\Windows\SYSTEM32\combase.dll
0x00007ffd9fe30000 - 0x00007ffd9ff81000 	C:\Windows\system32\GDI32.dll
0x00007ffd9d710000 - 0x00007ffd9d725000 	C:\Windows\SYSTEM32\profapi.dll
0x00007ffd9c020000 - 0x00007ffd9c0d2000 	C:\Windows\SYSTEM32\SHCORE.dll
0x00007ffd9e2d0000 - 0x00007ffd9e306000 	C:\Windows\system32\IMM32.DLL
0x00007ffd9ddb0000 - 0x00007ffd9df02000 	C:\Windows\system32\MSCTF.dll
0x00007ffd996b0000 - 0x00007ffd9992a000 	C:\Windows\WinSxS\amd64_microsoft.windows.common-controls_6595b64144ccf1df_6.0.9600.17810_none_6240b9c7ecbd0bda\COMCTL32.dll
0x0000000055f40000 - 0x0000000056012000 	C:\Program Files\Java\jdk1.7.0_67\jre\bin\msvcr100.dll
0x0000000056020000 - 0x00000000567f2000 	C:\Program Files\Java\jdk1.7.0_67\jre\bin\server\jvm.dll
0x00007ffd9c8a0000 - 0x00007ffd9c8a9000 	C:\Windows\SYSTEM32\WSOCK32.dll
0x00007ffd99e90000 - 0x00007ffd99eb2000 	C:\Windows\SYSTEM32\WINMM.dll
0x00007ffda0430000 - 0x00007ffda0437000 	C:\Windows\system32\PSAPI.DLL
0x00007ffd9e140000 - 0x00007ffd9e19a000 	C:\Windows\system32\WS2_32.dll
0x00007ffd99670000 - 0x00007ffd9969a000 	C:\Windows\SYSTEM32\WINMMBASE.dll
0x00007ffd9e130000 - 0x00007ffd9e139000 	C:\Windows\system32\NSI.dll
0x00007ffd9d8f0000 - 0x00007ffd9d93f000 	C:\Windows\SYSTEM32\cfgmgr32.dll
0x00007ffd9c360000 - 0x00007ffd9c388000 	C:\Windows\SYSTEM32\DEVOBJ.dll
0x0000000055ef0000 - 0x0000000055eff000 	C:\Program Files\Java\jdk1.7.0_67\jre\bin\verify.dll
0x0000000055ec0000 - 0x0000000055ee8000 	C:\Program Files\Java\jdk1.7.0_67\jre\bin\java.dll
0x0000000055ea0000 - 0x0000000055eb5000 	C:\Program Files\Java\jdk1.7.0_67\jre\bin\zip.dll
0x00007ffd9d050000 - 0x00007ffd9d070000 	C:\Windows\SYSTEM32\CRYPTSP.dll
0x00007ffd9cc20000 - 0x00007ffd9cc56000 	C:\Windows\system32\rsaenh.dll
0x00007ffd9d2a0000 - 0x00007ffd9d2c6000 	C:\Windows\SYSTEM32\bcrypt.dll
0x00007ffd9d5e0000 - 0x00007ffd9d643000 	C:\Windows\system32\bcryptprimitives.dll
0x00007ffd9d650000 - 0x00007ffd9d65b000 	C:\Windows\SYSTEM32\CRYPTBASE.dll
0x0000000055e80000 - 0x0000000055e99000 	C:\Program Files\Java\jdk1.7.0_67\jre\bin\net.dll
0x00007ffd9cff0000 - 0x00007ffd9d049000 	C:\Windows\system32\mswsock.dll
0x00007ffd95c90000 - 0x00007ffd95cba000 	C:\Windows\SYSTEM32\IPHLPAPI.DLL
0x00007ffd95c70000 - 0x00007ffd95c7a000 	C:\Windows\SYSTEM32\WINNSI.DLL
0x00007ffd95b20000 - 0x00007ffd95b36000 	C:\Windows\SYSTEM32\dhcpcsvc6.DLL
0x00007ffd95b00000 - 0x00007ffd95b1a000 	C:\Windows\SYSTEM32\dhcpcsvc.DLL
0x0000000055e60000 - 0x0000000055e71000 	C:\Program Files\Java\jdk1.7.0_67\jre\bin\nio.dll
0x00000000637c0000 - 0x00000000637ca000 	C:\Users\Avell G1743 MAX\AppData\Local\Temp\jogamp_0000\file_cache\jln7842478460817478283\jln5475696431648498291\gluegen-rt.dll
0x0000000055cc0000 - 0x0000000055e55000 	C:\Program Files\Java\jdk1.7.0_67\jre\bin\awt.dll
0x00007ffd9fb00000 - 0x00007ffd9fbc1000 	C:\Windows\system32\OLEAUT32.dll
0x00007ffd9c1b0000 - 0x00007ffd9c2d9000 	C:\Windows\system32\uxtheme.dll
0x00007ffd9a250000 - 0x00007ffd9a271000 	C:\Windows\system32\dwmapi.dll
0x00007ffd9c3b0000 - 0x00007ffd9c3bb000 	C:\Windows\SYSTEM32\kernel.appcore.dll
0x0000000053d80000 - 0x0000000053d87000 	C:\Program Files\Java\jdk1.7.0_67\jre\bin\jawt.dll
0x000000006a440000 - 0x000000006a44b000 	C:\Users\Avell G1743 MAX\AppData\Local\Temp\jogamp_0000\file_cache\jln7842478460817478283\jln5475696431648498291\nativewindow_awt.dll
0x00007ffd939a0000 - 0x00007ffd93bc1000 	C:\Windows\system32\d3d9.dll
0x00007ffd9a240000 - 0x00007ffd9a24a000 	C:\Windows\SYSTEM32\VERSION.dll
0x00007ffd80340000 - 0x00007ffd8124f000 	C:\Windows\SYSTEM32\nvd3dumx.dll
0x0000000180000000 - 0x0000000180188000 	C:\Windows\system32\nvspcap64.dll
0x00007ffda01f0000 - 0x00007ffda03ca000 	C:\Windows\system32\SETUPAPI.dll
0x00007ffd9cd60000 - 0x00007ffd9cda6000 	C:\Windows\system32\powrprof.dll
0x00007ffd99930000 - 0x00007ffd99a8d000 	C:\Program Files (x86)\NVIDIA Corporation\3D Vision\nvSCPAPI64.dll
0x000000006c100000 - 0x000000006c10b000 	C:\Users\Avell G1743 MAX\AppData\Local\Temp\jogamp_0000\file_cache\jln7842478460817478283\jln5475696431648498291\nativewindow_win32.dll
0x00007ffd90ac0000 - 0x00007ffd90beb000 	C:\Windows\SYSTEM32\OpenGL32.dll
0x00007ffd974a0000 - 0x00007ffd974ce000 	C:\Windows\SYSTEM32\GLU32.dll
0x00007ffd90100000 - 0x00007ffd901f8000 	C:\Windows\SYSTEM32\DDRAW.dll
0x00007ffd98400000 - 0x00007ffd98409000 	C:\Windows\SYSTEM32\DCIMAN32.dll
0x0000000064500000 - 0x000000006458b000 	C:\Users\Avell G1743 MAX\AppData\Local\Temp\jogamp_0000\file_cache\jln7842478460817478283\jln5475696431648498291\jogl_desktop.dll
0x0000000053d90000 - 0x0000000055bda000 	C:\Windows\SYSTEM32\nvoglv64.DLL
0x00007ffd9c8e0000 - 0x00007ffd9c8f2000 	C:\Windows\SYSTEM32\WTSAPI32.dll
0x00007ffd9d890000 - 0x00007ffd9d8e1000 	C:\Windows\system32\WINTRUST.dll
0x00007ffd9da60000 - 0x00007ffd9dc3f000 	C:\Windows\system32\CRYPT32.dll
0x00007ffd9d7c0000 - 0x00007ffd9d7d1000 	C:\Windows\system32\MSASN1.dll
0x00007ffd991c0000 - 0x00007ffd991f2000 	C:\Windows\SYSTEM32\ntmarta.dll
0x00007ffd9cb60000 - 0x00007ffd9cbba000 	C:\Windows\SYSTEM32\WINSTA.dll
0x0000000055c70000 - 0x0000000055cb7000 	C:\Program Files\Java\jdk1.7.0_67\jre\bin\fontmanager.dll
0x0000000055c20000 - 0x0000000055c61000 	C:\Program Files\Java\jdk1.7.0_67\jre\bin\t2k.dll
0x00007ffd9fd70000 - 0x00007ffd9fe26000 	C:\Windows\SYSTEM32\clbcatq.dll
0x00007ffd9b930000 - 0x00007ffd9bade000 	C:\Windows\SYSTEM32\WindowsCodecs.dll
0x0000000053cf0000 - 0x0000000053d20000 	C:\Program Files\Java\jdk1.7.0_67\jre\bin\jpeg.dll
0x0000000053cb0000 - 0x0000000053ce9000 	C:\Program Files\Java\jdk1.7.0_67\jre\bin\kcms.dll
0x00007ffd87330000 - 0x00007ffd874b9000 	C:\Windows\SYSTEM32\dbghelp.dll

VM Arguments:
java_command: br.usp.icmc.vicg.gl.app.App
Launcher Type: SUN_STANDARD

Environment Variables:
JAVA_HOME=C:\Program Files\Java\jdk1.7.0_67
PATH=C:\Program Files (x86)\Intel\iCLS Client\;C:\Program Files\Intel\iCLS Client\;C:\Windows\system32;C:\Windows;C:\Windows\System32\Wbem;C:\Windows\System32\WindowsPowerShell\v1.0\;C:\Program Files (x86)\EgisTec BioExcess\x64;C:\Program Files (x86)\EgisTec BioExcess\;C:\Program Files\Intel\Intel(R) Management Engine Components\DAL;C:\Program Files\Intel\Intel(R) Management Engine Components\IPT;C:\Program Files (x86)\Intel\Intel(R) Management Engine Components\DAL;C:\Program Files (x86)\Intel\Intel(R) Management Engine Components\IPT;C:\Program Files (x86)\NVIDIA Corporation\PhysX\Common;C:\Program Files (x86)\Brackets\command;C:\Program Files\Latex\miktex\bin\x64\
USERNAME=Avell G1743 MAX
OS=Windows_NT
PROCESSOR_IDENTIFIER=Intel64 Family 6 Model 60 Stepping 3, GenuineIntel



---------------  S Y S T E M  ---------------

OS: Windows 8.1 , 64 bit Build 9600 

CPU:total 8 (4 cores per cpu, 2 threads per core) family 6 model 60 stepping 3, cmov, cx8, fxsr, mmx, sse, sse2, sse3, ssse3, sse4.1, sse4.2, popcnt, avx, avx2, aes, erms, ht, tsc, tscinvbit

Memory: 4k page, physical 8342216k(3271688k free), swap 9652936k(2842000k free)

vm_info: Java HotSpot(TM) 64-Bit Server VM (24.65-b04) for windows-amd64 JRE (1.7.0_67-b01), built on Jul 25 2014 08:55:00 by "java_re" with unknown MS VC++:1600

time: Tue Jun 23 04:13:24 2015
elapsed time: 8 seconds

